# nnet3-compute-prob --compute-per-dim-accuracy exp/dihard3_sad_tdnn_stats/17.raw "ark,bg:nnet3-copy-egs                      ark:exp/dihard3_sad_tdnn_stats/egs/train_diagnostic.egs ark:- |                     nnet3-merge-egs --minibatch-size=1:64 ark:-                     ark:- |" 
# Started at Tue Oct 13 17:30:08 EDT 2020
#
nnet3-compute-prob --compute-per-dim-accuracy exp/dihard3_sad_tdnn_stats/17.raw 'ark,bg:nnet3-copy-egs                      ark:exp/dihard3_sad_tdnn_stats/egs/train_diagnostic.egs ark:- |                     nnet3-merge-egs --minibatch-size=1:64 ark:-                     ark:- |' 
LOG (nnet3-compute-prob[5.5.810~1-76a979]:RemoveOrphanNodes():nnet-nnet.cc:948) Removed 1 orphan nodes.
LOG (nnet3-compute-prob[5.5.810~1-76a979]:RemoveOrphanComponents():nnet-nnet.cc:847) Removing 2 orphan components.
LOG (nnet3-compute-prob[5.5.810~1-76a979]:Collapse():nnet-utils.cc:1488) Added 1 components, removed 2
nnet3-copy-egs ark:exp/dihard3_sad_tdnn_stats/egs/train_diagnostic.egs ark:- 
nnet3-merge-egs --minibatch-size=1:64 ark:- ark:- 
LOG (nnet3-copy-egs[5.5.810~1-76a979]:main():nnet3-copy-egs.cc:431) Read 500 neural-network training examples, wrote 500, 0 examples had errors.
LOG (nnet3-merge-egs[5.5.810~1-76a979]:PrintSpecificStats():nnet-example-utils.cc:1159) Merged specific eg types as follows [format: <eg-size1>={<mb-size1>-><num-minibatches1>,<mbsize2>-><num-minibatches2>.../d=<num-discarded>},<egs-size2>={...},... (note,egs-size == number of input frames including context).
LOG (nnet3-merge-egs[5.5.810~1-76a979]:PrintSpecificStats():nnet-example-utils.cc:1189) 191={52->1,64->7,d=0}
LOG (nnet3-merge-egs[5.5.810~1-76a979]:PrintAggregateStats():nnet-example-utils.cc:1155) Processed 500 egs of avg. size 191 into 8 minibatches, discarding 0% of egs.  Avg minibatch size was 62.5, #distinct types of egs/minibatches was 1/2
LOG (nnet3-compute-prob[5.5.810~1-76a979]:PrintTotalStats():nnet-diagnostics.cc:162) Overall log-likelihood for 'output' is -0.0733081 per frame, over 3499.98 frames.
LOG (nnet3-compute-prob[5.5.810~1-76a979]:PrintTotalStats():nnet-diagnostics.cc:180) Overall accuracy for 'output' is 0.972015 per frame, over 3499.98 frames.
LOG (nnet3-compute-prob[5.5.810~1-76a979]:PrintTotalStats():nnet-diagnostics.cc:195) Overall per-dim accuracy vector for 'output' is  [ 0.945202 0.989674 -1 ]
 per frame, over 3499.98 frames.
LOG (nnet3-compute-prob[5.5.810~1-76a979]:~CachingOptimizingCompiler():nnet-optimize.cc:710) 0.0305 seconds taken in nnet3 compilation total (breakdown: 0.0226 compilation, 0.00128 optimization, 0.00484 shortcut expansion, 0.000274 checking, 0.000215 computing indexes, 0.00125 misc.) + 0 I/O.
# Accounting: time=2 threads=1
# Ended (code 0) at Tue Oct 13 17:30:10 EDT 2020, elapsed time 2 seconds
