# nnet3-info --verbose=2 exp/dihard3_sad_tdnn_stats/240.raw 
# Started at Tue Oct 13 17:57:40 EDT 2020
#
nnet3-info --verbose=2 exp/dihard3_sad_tdnn_stats/240.raw 
left-context: 24
right-context: 46
num-parameters: 1229878
modulus: 18
input-node name=input dim=40
component-node name=lda component=lda input=Append(Offset(input, -2), Offset(input, -1), input, Offset(input, 1), Offset(input, 2)) input-dim=200 output-dim=200
component-node name=tdnn1.affine component=tdnn1.affine input=lda input-dim=200 output-dim=255
component-node name=tdnn1.relu component=tdnn1.relu input=tdnn1.affine input-dim=255 output-dim=255
component-node name=tdnn1.renorm component=tdnn1.renorm input=tdnn1.relu input-dim=255 output-dim=256
component-node name=tdnn2.affine component=tdnn2.affine input=Append(Offset(tdnn1.renorm, -1), tdnn1.renorm, Offset(tdnn1.renorm, 1), Offset(tdnn1.renorm, 2)) input-dim=1024 output-dim=255
component-node name=tdnn2.relu component=tdnn2.relu input=tdnn2.affine input-dim=255 output-dim=255
component-node name=tdnn2.renorm component=tdnn2.renorm input=tdnn2.relu input-dim=255 output-dim=256
component-node name=tdnn3.affine component=tdnn3.affine input=Append(Offset(tdnn2.renorm, -3), tdnn2.renorm, Offset(tdnn2.renorm, 3), Offset(tdnn2.renorm, 6)) input-dim=1024 output-dim=255
component-node name=tdnn3.relu component=tdnn3.relu input=tdnn3.affine input-dim=255 output-dim=255
component-node name=tdnn3.renorm component=tdnn3.renorm input=tdnn3.relu input-dim=255 output-dim=256
component-node name=tdnn3_stats-extraction-99-99 component=tdnn3_stats-extraction-99-99 input=tdnn3.renorm input-dim=256 output-dim=257
component-node name=tdnn3_stats-pooling-99-99 component=tdnn3_stats-pooling-99-99 input=tdnn3_stats-extraction-99-99 input-dim=257 output-dim=257
component-node name=tdnn4.affine component=tdnn4.affine input=Append(Offset(tdnn3.renorm, -6), tdnn3.renorm, Offset(tdnn3.renorm, 6), Offset(tdnn3.renorm, 12), Round(tdnn3_stats-pooling-99-99, 9)) input-dim=1281 output-dim=255
component-node name=tdnn4.relu component=tdnn4.relu input=tdnn4.affine input-dim=255 output-dim=255
component-node name=tdnn4.renorm component=tdnn4.renorm input=tdnn4.relu input-dim=255 output-dim=256
component-node name=tdnn4_stats-extraction-108-108 component=tdnn4_stats-extraction-108-108 input=tdnn4.renorm input-dim=256 output-dim=257
component-node name=tdnn4_stats-pooling-108-108 component=tdnn4_stats-pooling-108-108 input=tdnn4_stats-extraction-108-108 input-dim=257 output-dim=257
component-node name=tdnn5.affine component=tdnn5.affine input=Append(Offset(tdnn4.renorm, -12), tdnn4.renorm, Offset(tdnn4.renorm, 12), Offset(tdnn4.renorm, 24), Round(tdnn4_stats-pooling-108-108, 18)) input-dim=1281 output-dim=256
component-node name=tdnn5.relu component=tdnn5.relu input=tdnn5.affine input-dim=256 output-dim=256
component-node name=tdnn5.renorm component=tdnn5.renorm input=tdnn5.relu input-dim=256 output-dim=256
component-node name=output.affine component=output.affine input=tdnn5.renorm input-dim=256 output-dim=3
component-node name=output.log-softmax component=output.log-softmax input=output.affine input-dim=3 output-dim=3
output-node name=output input=output.log-softmax dim=3 objective=linear
component name=lda type=FixedAffineComponent, input-dim=200, output-dim=200, linear-params-rms=0.0017, bias-{mean,stddev}=0.01236,0.1777
component name=tdnn1.affine type=NaturalGradientAffineComponent, input-dim=200, output-dim=255, learning-rate=0.000198985, max-change=0.75, linear-params-rms=0.1357, linear-params-row-norms=[percentiles(0,1,2,5 10,20,50,80,90 95,98,99,100)=(0.86,0.89,0.91,0.93 0.96,1.0,1.1,2.4,2.7 3.1,3.6,4.5,5.3), mean=1.72, stddev=0.853], linear-params-col-norms=[percentiles(0,1,2,5 10,20,50,80,90 95,98,99,100)=(1.4,1.7,1.8,1.8 1.9,2.0,2.1,2.3,2.5 2.5,2.6,2.8,3.8), mean=2.15, stddev=0.253], linear-params-singular-values=[percentiles(0,1,2,5 10,20,50,80,90 95,98,99,100)=(0.16,0.19,0.22,0.29 0.40,0.62,1.3,2.6,3.6 4.7,5.6,6.1,6.7), mean=1.7, stddev=1.35], bias-{mean,stddev}=-0.03221,0.5038, rank-in=20, rank-out=80, num-samples-history=2000, update-period=4, alpha=4
component name=tdnn1.relu type=RectifiedLinearComponent, dim=255, self-repair-scale=1e-05, count=1.84e+06, self-repaired-proportion=0.478515, value-avg=[percentiles(0,1,2,5 10,20,50,80,90 95,98,99,100)=(0,0,0,0 0,8e-09,0.007,0.14,0.55 0.84,1.3,1.4,1.7), mean=0.15, stddev=0.304], deriv-avg=[percentiles(0,1,2,5 10,20,50,80,90 95,98,99,100)=(0,0,0,0 0,6e-07,0.21,0.96,1.0 1.0,1.0,1.0,1.0), mean=0.432, stddev=0.421], oderiv-rms=[percentiles(0,1,2,5 10,20,50,80,90 95,98,99,100)=(0.006,0.007,0.007,0.007 0.008,0.008,0.02,0.09,0.11 0.12,0.13,0.16,0.20), mean=0.0483, stddev=0.0449], oderiv-count=1.44519e+06
component name=tdnn1.renorm type=NormalizeComponent, input-dim=255, output-dim=256, target-rms=1, add-log-stddev=true
component name=tdnn2.affine type=NaturalGradientAffineComponent, input-dim=1024, output-dim=255, learning-rate=0.000198985, max-change=0.75, linear-params-rms=0.09039, linear-params-row-norms=[percentiles(0,1,2,5 10,20,50,80,90 95,98,99,100)=(1.0,1.0,1.1,1.1 1.1,1.2,1.7,4.2,4.9 5.4,6.1,6.2,6.9), mean=2.45, stddev=1.54], linear-params-col-norms=[percentiles(0,1,2,5 10,20,50,80,90 95,98,99,100)=(0.40,0.44,0.46,0.47 0.48,0.49,0.59,2.0,2.3 2.4,2.7,2.9,3.3), mean=1.21, stddev=0.784], linear-params-singular-values=[percentiles(0,1,2,5 10,20,50,80,90 95,98,99,100)=(0.58,0.61,0.64,0.67 0.73,0.84,1.2,2.4,3.7 6.0,8.9,11,16), mean=1.95, stddev=2.14], bias-{mean,stddev}=-0.01744,0.9788, rank-in=20, rank-out=80, num-samples-history=2000, update-period=4, alpha=4
component name=tdnn2.relu type=RectifiedLinearComponent, dim=255, self-repair-scale=1e-05, count=5.77e+05, self-repaired-proportion=0.00477627, value-avg=[percentiles(0,1,2,5 10,20,50,80,90 95,98,99,100)=(0.02,0.02,0.03,0.04 0.06,0.08,0.23,1.1,2.3 3.1,3.9,4.7,15), mean=0.761, stddev=1.41], deriv-avg=[percentiles(0,1,2,5 10,20,50,80,90 95,98,99,100)=(0.06,0.06,0.07,0.12 0.15,0.22,0.38,0.59,0.72 0.85,0.88,0.92,1.0), mean=0.414, stddev=0.213], oderiv-rms=[percentiles(0,1,2,5 10,20,50,80,90 95,98,99,100)=(0.002,0.002,0.002,0.002 0.002,0.002,0.003,0.008,0.01 0.01,0.01,0.02,0.02), mean=0.00496, stddev=0.00383], oderiv-count=485376
component name=tdnn2.renorm type=NormalizeComponent, input-dim=255, output-dim=256, target-rms=1, add-log-stddev=true
component name=tdnn3.affine type=NaturalGradientAffineComponent, input-dim=1024, output-dim=255, learning-rate=0.000198985, max-change=0.75, linear-params-rms=0.05337, linear-params-row-norms=[percentiles(0,1,2,5 10,20,50,80,90 95,98,99,100)=(1.0,1.1,1.1,1.1 1.2,1.2,1.7,2.0,2.2 2.4,2.5,2.7,2.9), mean=1.66, stddev=0.404], linear-params-col-norms=[percentiles(0,1,2,5 10,20,50,80,90 95,98,99,100)=(0.43,0.47,0.48,0.49 0.50,0.51,0.57,1.1,1.4 1.6,1.8,1.9,2.2), mean=0.767, stddev=0.372], linear-params-singular-values=[percentiles(0,1,2,5 10,20,50,80,90 95,98,99,100)=(0.56,0.59,0.62,0.66 0.72,0.82,1.1,1.8,2.6 3.5,4.5,5.1,5.6), mean=1.43, stddev=0.927], bias-{mean,stddev}=0.03621,0.917, rank-in=20, rank-out=80, num-samples-history=2000, update-period=4, alpha=4
component name=tdnn3.relu type=RectifiedLinearComponent, dim=255, self-repair-scale=1e-05, count=4.84e+05, self-repaired-proportion=0, value-avg=[percentiles(0,1,2,5 10,20,50,80,90 95,98,99,100)=(0.08,0.09,0.13,0.20 0.26,0.34,0.90,1.6,2.2 2.6,2.9,3.4,4.7), mean=1.08, stddev=0.804], deriv-avg=[percentiles(0,1,2,5 10,20,50,80,90 95,98,99,100)=(0.12,0.14,0.20,0.22 0.25,0.30,0.40,0.57,0.67 0.72,0.75,0.79,0.88), mean=0.432, stddev=0.154], oderiv-rms=[percentiles(0,1,2,5 10,20,50,80,90 95,98,99,100)=(0.003,0.003,0.003,0.003 0.003,0.004,0.005,0.007,0.007 0.008,0.009,0.01,0.02), mean=0.00526, stddev=0.00176], oderiv-count=535680
component name=tdnn3.renorm type=NormalizeComponent, input-dim=255, output-dim=256, target-rms=1, add-log-stddev=true
component name=tdnn3_stats-extraction-99-99 type=StatisticsExtractionComponent, input-dim=256, output-dim=257
component name=tdnn3_stats-pooling-99-99 type=StatisticsPoolingComponent, input-dim=257, output-dim=257
component name=tdnn4.affine type=NaturalGradientAffineComponent, input-dim=1281, output-dim=255, learning-rate=0.000198985, max-change=0.75, linear-params-rms=0.04884, linear-params-row-norms=[percentiles(0,1,2,5 10,20,50,80,90 95,98,99,100)=(1.1,1.2,1.2,1.2 1.3,1.4,1.7,2.0,2.2 2.3,2.5,3.0,3.2), mean=1.71, stddev=0.364], linear-params-col-norms=[percentiles(0,1,2,5 10,20,50,80,90 95,98,99,100)=(0.43,0.45,0.46,0.48 0.49,0.53,0.74,0.93,1.0 1.1,1.3,1.3,1.9), mean=0.749, stddev=0.216], linear-params-singular-values=[percentiles(0,1,2,5 10,20,50,80,90 95,98,99,100)=(0.70,0.72,0.74,0.78 0.85,0.97,1.3,2.0,2.5 3.1,3.7,4.3,5.4), mean=1.56, stddev=0.779], bias-{mean,stddev}=-0.04676,1.067, rank-in=20, rank-out=80, num-samples-history=2000, update-period=4, alpha=4
component name=tdnn4.relu type=RectifiedLinearComponent, dim=255, self-repair-scale=1e-05, count=3.17e+05, self-repaired-proportion=0, value-avg=[percentiles(0,1,2,5 10,20,50,80,90 95,98,99,100)=(0.06,0.09,0.10,0.12 0.19,0.29,0.50,0.96,1.3 1.5,1.9,2.3,4.2), mean=0.647, stddev=0.508], deriv-avg=[percentiles(0,1,2,5 10,20,50,80,90 95,98,99,100)=(0.11,0.11,0.12,0.14 0.18,0.22,0.36,0.49,0.57 0.66,0.70,0.73,0.85), mean=0.369, stddev=0.15], oderiv-rms=[percentiles(0,1,2,5 10,20,50,80,90 95,98,99,100)=(0.006,0.007,0.008,0.009 0.01,0.01,0.01,0.01,0.01 0.02,0.02,0.02,0.02), mean=0.0122, stddev=0.0023], oderiv-count=371200
component name=tdnn4.renorm type=NormalizeComponent, input-dim=255, output-dim=256, target-rms=1, add-log-stddev=true
component name=tdnn4_stats-extraction-108-108 type=StatisticsExtractionComponent, input-dim=256, output-dim=257
component name=tdnn4_stats-pooling-108-108 type=StatisticsPoolingComponent, input-dim=257, output-dim=257
component name=tdnn5.affine type=NaturalGradientAffineComponent, input-dim=1281, output-dim=256, learning-rate=0.000198985, max-change=0.75, linear-params-rms=0.04789, linear-params-row-norms=[percentiles(0,1,2,5 10,20,50,80,90 95,98,99,100)=(0.92,0.95,0.96,0.98 1.0,1.1,1.6,2.2,2.4 2.5,2.7,2.9,3.3), mean=1.63, stddev=0.524], linear-params-col-norms=[percentiles(0,1,2,5 10,20,50,80,90 95,98,99,100)=(0.42,0.46,0.48,0.51 0.54,0.60,0.74,0.88,0.95 1.0,1.1,1.2,1.7), mean=0.749, stddev=0.161], linear-params-singular-values=[percentiles(0,1,2,5 10,20,50,80,90 95,98,99,100)=(0.63,0.66,0.68,0.72 0.79,0.91,1.3,2.0,2.5 3.1,3.6,4.0,5.0), mean=1.53, stddev=0.777], bias-{mean,stddev}=-0.07676,0.8827, rank-in=20, rank-out=80, num-samples-history=2000, update-period=4, alpha=4
component name=tdnn5.relu type=RectifiedLinearComponent, dim=256, self-repair-scale=1e-05, count=7.27e+04, self-repaired-proportion=0.00514263, value-avg=[percentiles(0,1,2,5 10,20,50,80,90 95,98,99,100)=(0.01,0.02,0.02,0.02 0.05,0.11,0.29,0.64,0.80 1.1,1.5,1.5,2.3), mean=0.39, stddev=0.361], deriv-avg=[percentiles(0,1,2,5 10,20,50,80,90 95,98,99,100)=(0.05,0.05,0.06,0.06 0.10,0.15,0.31,0.50,0.58 0.68,0.73,0.76,0.86), mean=0.331, stddev=0.184], oderiv-rms=[percentiles(0,1,2,5 10,20,50,80,90 95,98,99,100)=(0.0003,0.0008,0.001,0.002 0.005,0.01,0.02,0.03,0.03 0.04,0.04,0.05,0.06), mean=0.0217, stddev=0.0115], oderiv-count=93408
component name=tdnn5.renorm type=NormalizeComponent, input-dim=256, output-dim=256, target-rms=1, add-log-stddev=false
component name=output.affine type=NaturalGradientAffineComponent, input-dim=256, output-dim=3, learning-rate=1.98985e-05, learning-rate-factor=0.1, max-change=1.5, linear-params-rms=0.1136, linear-params-row-norms=[ 2.2 2.1 0.55 ], linear-params-col-norms=[percentiles(0,1,2,5 10,20,50,80,90 95,98,99,100)=(0.006,0.008,0.01,0.03 0.05,0.09,0.18,0.25,0.27 0.31,0.34,0.36,0.46), mean=0.176, stddev=0.088], linear-params-singular-values=[ 3.1 0.65 2e-05 ], bias-{mean,stddev}=-1.243e-06,0.06977, rank-in=20, rank-out=2, num-samples-history=2000, update-period=4, alpha=4
component name=output.log-softmax type=LogSoftmaxComponent, dim=3, oderiv-rms=[ 0.44 0.89 0 ], oderiv-count=99456
# Accounting: time=0 threads=1
# Ended (code 0) at Tue Oct 13 17:57:40 EDT 2020, elapsed time 0 seconds
