# nnet3-info --verbose=2 exp/dihard3_sad_tdnn_stats/10.raw 
# Started at Tue Oct 13 17:29:20 EDT 2020
#
nnet3-info --verbose=2 exp/dihard3_sad_tdnn_stats/10.raw 
left-context: 24
right-context: 46
num-parameters: 1229878
modulus: 18
input-node name=input dim=40
component-node name=lda component=lda input=Append(Offset(input, -2), Offset(input, -1), input, Offset(input, 1), Offset(input, 2)) input-dim=200 output-dim=200
component-node name=tdnn1.affine component=tdnn1.affine input=lda input-dim=200 output-dim=255
component-node name=tdnn1.relu component=tdnn1.relu input=tdnn1.affine input-dim=255 output-dim=255
component-node name=tdnn1.renorm component=tdnn1.renorm input=tdnn1.relu input-dim=255 output-dim=256
component-node name=tdnn2.affine component=tdnn2.affine input=Append(Offset(tdnn1.renorm, -1), tdnn1.renorm, Offset(tdnn1.renorm, 1), Offset(tdnn1.renorm, 2)) input-dim=1024 output-dim=255
component-node name=tdnn2.relu component=tdnn2.relu input=tdnn2.affine input-dim=255 output-dim=255
component-node name=tdnn2.renorm component=tdnn2.renorm input=tdnn2.relu input-dim=255 output-dim=256
component-node name=tdnn3.affine component=tdnn3.affine input=Append(Offset(tdnn2.renorm, -3), tdnn2.renorm, Offset(tdnn2.renorm, 3), Offset(tdnn2.renorm, 6)) input-dim=1024 output-dim=255
component-node name=tdnn3.relu component=tdnn3.relu input=tdnn3.affine input-dim=255 output-dim=255
component-node name=tdnn3.renorm component=tdnn3.renorm input=tdnn3.relu input-dim=255 output-dim=256
component-node name=tdnn3_stats-extraction-99-99 component=tdnn3_stats-extraction-99-99 input=tdnn3.renorm input-dim=256 output-dim=257
component-node name=tdnn3_stats-pooling-99-99 component=tdnn3_stats-pooling-99-99 input=tdnn3_stats-extraction-99-99 input-dim=257 output-dim=257
component-node name=tdnn4.affine component=tdnn4.affine input=Append(Offset(tdnn3.renorm, -6), tdnn3.renorm, Offset(tdnn3.renorm, 6), Offset(tdnn3.renorm, 12), Round(tdnn3_stats-pooling-99-99, 9)) input-dim=1281 output-dim=255
component-node name=tdnn4.relu component=tdnn4.relu input=tdnn4.affine input-dim=255 output-dim=255
component-node name=tdnn4.renorm component=tdnn4.renorm input=tdnn4.relu input-dim=255 output-dim=256
component-node name=tdnn4_stats-extraction-108-108 component=tdnn4_stats-extraction-108-108 input=tdnn4.renorm input-dim=256 output-dim=257
component-node name=tdnn4_stats-pooling-108-108 component=tdnn4_stats-pooling-108-108 input=tdnn4_stats-extraction-108-108 input-dim=257 output-dim=257
component-node name=tdnn5.affine component=tdnn5.affine input=Append(Offset(tdnn4.renorm, -12), tdnn4.renorm, Offset(tdnn4.renorm, 12), Offset(tdnn4.renorm, 24), Round(tdnn4_stats-pooling-108-108, 18)) input-dim=1281 output-dim=256
component-node name=tdnn5.relu component=tdnn5.relu input=tdnn5.affine input-dim=256 output-dim=256
component-node name=tdnn5.renorm component=tdnn5.renorm input=tdnn5.relu input-dim=256 output-dim=256
component-node name=output.affine component=output.affine input=tdnn5.renorm input-dim=256 output-dim=3
component-node name=output.log-softmax component=output.log-softmax input=output.affine input-dim=3 output-dim=3
output-node name=output input=output.log-softmax dim=3 objective=linear
component name=lda type=FixedAffineComponent, input-dim=200, output-dim=200, linear-params-rms=0.0017, bias-{mean,stddev}=0.01236,0.1777
component name=tdnn1.affine type=NaturalGradientAffineComponent, input-dim=200, output-dim=255, learning-rate=0.0011224, max-change=0.75, linear-params-rms=0.073, linear-params-row-norms=[percentiles(0,1,2,5 10,20,50,80,90 95,98,99,100)=(0.85,0.89,0.90,0.92 0.94,0.97,1.0,1.1,1.1 1.2,1.2,1.2,1.3), mean=1.03, stddev=0.0738], linear-params-col-norms=[percentiles(0,1,2,5 10,20,50,80,90 95,98,99,100)=(1.0,1.0,1.0,1.1 1.1,1.1,1.2,1.2,1.2 1.3,1.3,1.4,1.7), mean=1.16, stddev=0.0763], linear-params-singular-values=[percentiles(0,1,2,5 10,20,50,80,90 95,98,99,100)=(0.14,0.15,0.18,0.23 0.32,0.49,0.96,1.5,1.8 1.9,2.3,2.5,2.7), mean=1.02, stddev=0.558], bias-{mean,stddev}=-0.08164,0.9407, rank-in=20, rank-out=80, num-samples-history=2000, update-period=4, alpha=4
component name=tdnn1.relu type=RectifiedLinearComponent, dim=255, self-repair-scale=1e-05, count=1.91e+06, self-repaired-proportion=0.930642, value-avg=[percentiles(0,1,2,5 10,20,50,80,90 95,98,99,100)=(0,0,0,0 0,0,0.0002,0.70,1.2 1.5,2.1,2.1,2.6), mean=0.337, stddev=0.545], deriv-avg=[percentiles(0,1,2,5 10,20,50,80,90 95,98,99,100)=(0,0,0,0 0,0,0.01,1.0,1.0 1.0,1.0,1.0,1.0), mean=0.452, stddev=0.488], oderiv-rms=[percentiles(0,1,2,5 10,20,50,80,90 95,98,99,100)=(0.007,0.009,0.009,0.01 0.01,0.01,0.02,0.08,0.10 0.11,0.13,0.14,0.16), mean=0.0432, stddev=0.0373], oderiv-count=1.55565e+06
component name=tdnn1.renorm type=NormalizeComponent, input-dim=255, output-dim=256, target-rms=1, add-log-stddev=true
component name=tdnn2.affine type=NaturalGradientAffineComponent, input-dim=1024, output-dim=255, learning-rate=0.0011224, max-change=0.75, linear-params-rms=0.03853, linear-params-row-norms=[percentiles(0,1,2,5 10,20,50,80,90 95,98,99,100)=(0.95,0.96,0.96,0.97 0.98,1.0,1.0,1.4,1.6 1.8,2.1,2.1,2.8), mean=1.19, stddev=0.307], linear-params-col-norms=[percentiles(0,1,2,5 10,20,50,80,90 95,98,99,100)=(0.40,0.43,0.45,0.46 0.48,0.49,0.52,0.72,0.82 0.88,0.93,0.97,1.2), mean=0.599, stddev=0.14], linear-params-singular-values=[percentiles(0,1,2,5 10,20,50,80,90 95,98,99,100)=(0.51,0.53,0.55,0.58 0.65,0.73,0.98,1.2,1.4 1.5,2.1,4.0,6.3), mean=1.07, stddev=0.615], bias-{mean,stddev}=-0.01734,0.9793, rank-in=20, rank-out=80, num-samples-history=2000, update-period=4, alpha=4
component name=tdnn2.relu type=RectifiedLinearComponent, dim=255, self-repair-scale=1e-05, count=6.11e+05, self-repaired-proportion=0.19573, value-avg=[percentiles(0,1,2,5 10,20,50,80,90 95,98,99,100)=(0.002,0.003,0.004,0.005 0.006,0.01,0.06,0.61,0.97 1.3,2.3,3.1,8.4), mean=0.342, stddev=0.777], deriv-avg=[percentiles(0,1,2,5 10,20,50,80,90 95,98,99,100)=(0.05,0.06,0.07,0.08 0.08,0.11,0.23,0.75,0.93 0.96,0.99,1.0,1.0), mean=0.365, stddev=0.316], oderiv-rms=[percentiles(0,1,2,5 10,20,50,80,90 95,98,99,100)=(0.005,0.005,0.005,0.005 0.006,0.006,0.008,0.02,0.03 0.03,0.05,0.06,0.07), mean=0.0137, stddev=0.0116], oderiv-count=519552
component name=tdnn2.renorm type=NormalizeComponent, input-dim=255, output-dim=256, target-rms=1, add-log-stddev=true
component name=tdnn3.affine type=NaturalGradientAffineComponent, input-dim=1024, output-dim=255, learning-rate=0.0011224, max-change=0.75, linear-params-rms=0.03246, linear-params-row-norms=[percentiles(0,1,2,5 10,20,50,80,90 95,98,99,100)=(0.93,0.96,0.96,0.97 0.97,0.98,1.0,1.1,1.1 1.1,1.2,1.4,1.6), mean=1.04, stddev=0.0756], linear-params-col-norms=[percentiles(0,1,2,5 10,20,50,80,90 95,98,99,100)=(0.42,0.44,0.45,0.47 0.47,0.48,0.50,0.54,0.57 0.62,0.70,0.73,0.90), mean=0.516, stddev=0.0547], linear-params-singular-values=[percentiles(0,1,2,5 10,20,50,80,90 95,98,99,100)=(0.50,0.52,0.54,0.57 0.63,0.72,0.95,1.2,1.3 1.4,1.7,2.1,2.9), mean=0.988, stddev=0.322], bias-{mean,stddev}=0.0364,0.9195, rank-in=20, rank-out=80, num-samples-history=2000, update-period=4, alpha=4
component name=tdnn3.relu type=RectifiedLinearComponent, dim=255, self-repair-scale=1e-05, count=5.75e+05, self-repaired-proportion=0.0773313, value-avg=[percentiles(0,1,2,5 10,20,50,80,90 95,98,99,100)=(0.004,0.006,0.009,0.01 0.02,0.03,0.17,0.84,1.2 1.4,1.6,2.1,2.3), mean=0.424, stddev=0.504], deriv-avg=[percentiles(0,1,2,5 10,20,50,80,90 95,98,99,100)=(0.05,0.06,0.07,0.09 0.12,0.17,0.37,0.79,0.90 0.93,0.94,0.95,0.98), mean=0.452, stddev=0.296], oderiv-rms=[percentiles(0,1,2,5 10,20,50,80,90 95,98,99,100)=(0.004,0.004,0.004,0.004 0.004,0.005,0.006,0.01,0.01 0.01,0.02,0.02,0.03), mean=0.00767, stddev=0.00371], oderiv-count=524160
component name=tdnn3.renorm type=NormalizeComponent, input-dim=255, output-dim=256, target-rms=1, add-log-stddev=true
component name=tdnn3_stats-extraction-99-99 type=StatisticsExtractionComponent, input-dim=256, output-dim=257
component name=tdnn3_stats-pooling-99-99 type=StatisticsPoolingComponent, input-dim=257, output-dim=257
component name=tdnn4.affine type=NaturalGradientAffineComponent, input-dim=1281, output-dim=255, learning-rate=0.0011224, max-change=0.75, linear-params-rms=0.02905, linear-params-row-norms=[percentiles(0,1,2,5 10,20,50,80,90 95,98,99,100)=(0.94,0.96,0.96,0.97 0.98,0.99,1.0,1.1,1.1 1.1,1.2,1.4,1.5), mean=1.04, stddev=0.0753], linear-params-col-norms=[percentiles(0,1,2,5 10,20,50,80,90 95,98,99,100)=(0.37,0.40,0.41,0.42 0.42,0.43,0.45,0.49,0.51 0.53,0.57,0.59,0.73), mean=0.462, stddev=0.0387], linear-params-singular-values=[percentiles(0,1,2,5 10,20,50,80,90 95,98,99,100)=(0.57,0.58,0.59,0.63 0.67,0.75,0.97,1.2,1.3 1.4,1.7,1.9,2.3), mean=1, stddev=0.281], bias-{mean,stddev}=-0.04723,1.068, rank-in=20, rank-out=80, num-samples-history=2000, update-period=4, alpha=4
component name=tdnn4.relu type=RectifiedLinearComponent, dim=255, self-repair-scale=1e-05, count=3.39e+05, self-repaired-proportion=0.0433118, value-avg=[percentiles(0,1,2,5 10,20,50,80,90 95,98,99,100)=(0.008,0.01,0.01,0.01 0.02,0.03,0.23,0.82,1.1 1.4,1.6,1.6,1.9), mean=0.427, stddev=0.453], deriv-avg=[percentiles(0,1,2,5 10,20,50,80,90 95,98,99,100)=(0.04,0.06,0.06,0.07 0.08,0.12,0.35,0.67,0.80 0.88,0.92,0.93,0.97), mean=0.4, stddev=0.266], oderiv-rms=[percentiles(0,1,2,5 10,20,50,80,90 95,98,99,100)=(0.004,0.004,0.005,0.005 0.006,0.006,0.008,0.01,0.01 0.02,0.02,0.03,0.05), mean=0.00897, stddev=0.00464], oderiv-count=334400
component name=tdnn4.renorm type=NormalizeComponent, input-dim=255, output-dim=256, target-rms=1, add-log-stddev=true
component name=tdnn4_stats-extraction-108-108 type=StatisticsExtractionComponent, input-dim=256, output-dim=257
component name=tdnn4_stats-pooling-108-108 type=StatisticsPoolingComponent, input-dim=257, output-dim=257
component name=tdnn5.affine type=NaturalGradientAffineComponent, input-dim=1281, output-dim=256, learning-rate=0.0011224, max-change=0.75, linear-params-rms=0.02827, linear-params-row-norms=[percentiles(0,1,2,5 10,20,50,80,90 95,98,99,100)=(0.90,0.94,0.95,0.96 0.96,0.97,0.99,1.0,1.1 1.1,1.2,1.2,1.4), mean=1.01, stddev=0.0576], linear-params-col-norms=[percentiles(0,1,2,5 10,20,50,80,90 95,98,99,100)=(0.38,0.40,0.41,0.41 0.42,0.43,0.45,0.47,0.48 0.50,0.52,0.54,0.75), mean=0.451, stddev=0.0277], linear-params-singular-values=[percentiles(0,1,2,5 10,20,50,80,90 95,98,99,100)=(0.56,0.57,0.59,0.62 0.67,0.75,0.96,1.2,1.3 1.4,1.5,1.6,2.0), mean=0.981, stddev=0.249], bias-{mean,stddev}=-0.07544,0.8835, rank-in=20, rank-out=80, num-samples-history=2000, update-period=4, alpha=4
component name=tdnn5.relu type=RectifiedLinearComponent, dim=256, self-repair-scale=1e-05, count=6.54e+04, self-repaired-proportion=0.228369, value-avg=[percentiles(0,1,2,5 10,20,50,80,90 95,98,99,100)=(0,0,2e-05,0.001 0.01,0.02,0.18,0.87,1.3 1.7,1.9,2.0,3.0), mean=0.445, stddev=0.559], deriv-avg=[percentiles(0,1,2,5 10,20,50,80,90 95,98,99,100)=(0,0,0.0002,0.009 0.05,0.10,0.33,0.78,0.98 1.0,1.0,1.0,1.0), mean=0.423, stddev=0.333], oderiv-rms=[percentiles(0,1,2,5 10,20,50,80,90 95,98,99,100)=(2e-10,2e-09,2e-05,0.0002 0.0005,0.001,0.004,0.02,0.02 0.03,0.04,0.04,0.05), mean=0.00925, stddev=0.0104], oderiv-count=103488
component name=tdnn5.renorm type=NormalizeComponent, input-dim=256, output-dim=256, target-rms=1, add-log-stddev=false
component name=output.affine type=NaturalGradientAffineComponent, input-dim=256, output-dim=3, learning-rate=0.00011224, learning-rate-factor=0.1, max-change=1.5, linear-params-rms=0.02806, linear-params-row-norms=[ 0.52 0.49 0.31 ], linear-params-col-norms=[percentiles(0,1,2,5 10,20,50,80,90 95,98,99,100)=(7e-10,2e-09,2e-05,0.0002 0.001,0.003,0.02,0.06,0.08 0.10,0.12,0.14,0.17), mean=0.0338, stddev=0.0349], linear-params-singular-values=[ 0.68 0.37 5e-07 ], bias-{mean,stddev}=6.737e-08,0.0161, rank-in=20, rank-out=2, num-samples-history=2000, update-period=4, alpha=4
component name=output.log-softmax type=LogSoftmaxComponent, dim=3, oderiv-rms=[ 0.44 0.89 0 ], oderiv-count=98112
# Accounting: time=0 threads=1
# Ended (code 0) at Tue Oct 13 17:29:20 EDT 2020, elapsed time 0 seconds
