# nnet3-info --verbose=2 exp/dihard3_sad_tdnn_stats/160.raw 
# Started at Tue Oct 13 17:47:25 EDT 2020
#
nnet3-info --verbose=2 exp/dihard3_sad_tdnn_stats/160.raw 
left-context: 24
right-context: 46
num-parameters: 1229878
modulus: 18
input-node name=input dim=40
component-node name=lda component=lda input=Append(Offset(input, -2), Offset(input, -1), input, Offset(input, 1), Offset(input, 2)) input-dim=200 output-dim=200
component-node name=tdnn1.affine component=tdnn1.affine input=lda input-dim=200 output-dim=255
component-node name=tdnn1.relu component=tdnn1.relu input=tdnn1.affine input-dim=255 output-dim=255
component-node name=tdnn1.renorm component=tdnn1.renorm input=tdnn1.relu input-dim=255 output-dim=256
component-node name=tdnn2.affine component=tdnn2.affine input=Append(Offset(tdnn1.renorm, -1), tdnn1.renorm, Offset(tdnn1.renorm, 1), Offset(tdnn1.renorm, 2)) input-dim=1024 output-dim=255
component-node name=tdnn2.relu component=tdnn2.relu input=tdnn2.affine input-dim=255 output-dim=255
component-node name=tdnn2.renorm component=tdnn2.renorm input=tdnn2.relu input-dim=255 output-dim=256
component-node name=tdnn3.affine component=tdnn3.affine input=Append(Offset(tdnn2.renorm, -3), tdnn2.renorm, Offset(tdnn2.renorm, 3), Offset(tdnn2.renorm, 6)) input-dim=1024 output-dim=255
component-node name=tdnn3.relu component=tdnn3.relu input=tdnn3.affine input-dim=255 output-dim=255
component-node name=tdnn3.renorm component=tdnn3.renorm input=tdnn3.relu input-dim=255 output-dim=256
component-node name=tdnn3_stats-extraction-99-99 component=tdnn3_stats-extraction-99-99 input=tdnn3.renorm input-dim=256 output-dim=257
component-node name=tdnn3_stats-pooling-99-99 component=tdnn3_stats-pooling-99-99 input=tdnn3_stats-extraction-99-99 input-dim=257 output-dim=257
component-node name=tdnn4.affine component=tdnn4.affine input=Append(Offset(tdnn3.renorm, -6), tdnn3.renorm, Offset(tdnn3.renorm, 6), Offset(tdnn3.renorm, 12), Round(tdnn3_stats-pooling-99-99, 9)) input-dim=1281 output-dim=255
component-node name=tdnn4.relu component=tdnn4.relu input=tdnn4.affine input-dim=255 output-dim=255
component-node name=tdnn4.renorm component=tdnn4.renorm input=tdnn4.relu input-dim=255 output-dim=256
component-node name=tdnn4_stats-extraction-108-108 component=tdnn4_stats-extraction-108-108 input=tdnn4.renorm input-dim=256 output-dim=257
component-node name=tdnn4_stats-pooling-108-108 component=tdnn4_stats-pooling-108-108 input=tdnn4_stats-extraction-108-108 input-dim=257 output-dim=257
component-node name=tdnn5.affine component=tdnn5.affine input=Append(Offset(tdnn4.renorm, -12), tdnn4.renorm, Offset(tdnn4.renorm, 12), Offset(tdnn4.renorm, 24), Round(tdnn4_stats-pooling-108-108, 18)) input-dim=1281 output-dim=256
component-node name=tdnn5.relu component=tdnn5.relu input=tdnn5.affine input-dim=256 output-dim=256
component-node name=tdnn5.renorm component=tdnn5.renorm input=tdnn5.relu input-dim=256 output-dim=256
component-node name=output.affine component=output.affine input=tdnn5.renorm input-dim=256 output-dim=3
component-node name=output.log-softmax component=output.log-softmax input=output.affine input-dim=3 output-dim=3
output-node name=output input=output.log-softmax dim=3 objective=linear
component name=lda type=FixedAffineComponent, input-dim=200, output-dim=200, linear-params-rms=0.0017, bias-{mean,stddev}=0.01236,0.1777
component name=tdnn1.affine type=NaturalGradientAffineComponent, input-dim=200, output-dim=255, learning-rate=0.000384558, max-change=0.75, linear-params-rms=0.1293, linear-params-row-norms=[percentiles(0,1,2,5 10,20,50,80,90 95,98,99,100)=(0.85,0.89,0.91,0.92 0.96,0.99,1.1,2.3,2.5 2.8,3.4,4.3,5.2), mean=1.65, stddev=0.79], linear-params-col-norms=[percentiles(0,1,2,5 10,20,50,80,90 95,98,99,100)=(1.4,1.6,1.7,1.7 1.8,1.9,2.0,2.2,2.4 2.4,2.5,2.7,3.8), mean=2.05, stddev=0.256], linear-params-singular-values=[percentiles(0,1,2,5 10,20,50,80,90 95,98,99,100)=(0.16,0.19,0.21,0.27 0.39,0.59,1.2,2.4,3.3 4.6,5.5,6.0,6.7), mean=1.61, stddev=1.3], bias-{mean,stddev}=-0.04084,0.5591, rank-in=20, rank-out=80, num-samples-history=2000, update-period=4, alpha=4
component name=tdnn1.relu type=RectifiedLinearComponent, dim=255, self-repair-scale=1e-05, count=1.81e+06, self-repaired-proportion=0.530688, value-avg=[percentiles(0,1,2,5 10,20,50,80,90 95,98,99,100)=(0,0,0,0 0,0,0.006,0.20,0.65 0.93,1.4,1.5,1.9), mean=0.169, stddev=0.335], deriv-avg=[percentiles(0,1,2,5 10,20,50,80,90 95,98,99,100)=(0,0,0,0 0,0,0.19,1.0,1.0 1.0,1.0,1.0,1.0), mean=0.433, stddev=0.431], oderiv-rms=[percentiles(0,1,2,5 10,20,50,80,90 95,98,99,100)=(0.006,0.006,0.006,0.007 0.007,0.008,0.02,0.09,0.11 0.13,0.14,0.17,0.21), mean=0.0489, stddev=0.0469], oderiv-count=1.58076e+06
component name=tdnn1.renorm type=NormalizeComponent, input-dim=255, output-dim=256, target-rms=1, add-log-stddev=true
component name=tdnn2.affine type=NaturalGradientAffineComponent, input-dim=1024, output-dim=255, learning-rate=0.000384558, max-change=0.75, linear-params-rms=0.08737, linear-params-row-norms=[percentiles(0,1,2,5 10,20,50,80,90 95,98,99,100)=(1.0,1.0,1.0,1.1 1.1,1.2,1.6,4.0,4.7 5.3,5.8,6.3,7.0), mean=2.35, stddev=1.51], linear-params-col-norms=[percentiles(0,1,2,5 10,20,50,80,90 95,98,99,100)=(0.40,0.43,0.45,0.47 0.48,0.49,0.56,1.9,2.2 2.4,2.7,2.8,3.2), mean=1.17, stddev=0.753], linear-params-singular-values=[percentiles(0,1,2,5 10,20,50,80,90 95,98,99,100)=(0.57,0.60,0.62,0.66 0.72,0.82,1.1,2.1,3.4 5.9,8.8,11,16), mean=1.84, stddev=2.1], bias-{mean,stddev}=-0.01734,0.9788, rank-in=20, rank-out=80, num-samples-history=2000, update-period=4, alpha=4
component name=tdnn2.relu type=RectifiedLinearComponent, dim=255, self-repair-scale=1e-05, count=5.62e+05, self-repaired-proportion=0.00416273, value-avg=[percentiles(0,1,2,5 10,20,50,80,90 95,98,99,100)=(0.01,0.02,0.02,0.03 0.04,0.06,0.21,1.1,2.2 3.0,4.0,4.8,16), mean=0.755, stddev=1.47], deriv-avg=[percentiles(0,1,2,5 10,20,50,80,90 95,98,99,100)=(0.06,0.06,0.07,0.12 0.15,0.20,0.36,0.59,0.73 0.85,0.88,0.93,1.0), mean=0.408, stddev=0.22], oderiv-rms=[percentiles(0,1,2,5 10,20,50,80,90 95,98,99,100)=(0.002,0.002,0.002,0.002 0.002,0.002,0.003,0.008,0.01 0.01,0.02,0.02,0.02), mean=0.0049, stddev=0.00431], oderiv-count=522086
component name=tdnn2.renorm type=NormalizeComponent, input-dim=255, output-dim=256, target-rms=1, add-log-stddev=true
component name=tdnn3.affine type=NaturalGradientAffineComponent, input-dim=1024, output-dim=255, learning-rate=0.000384558, max-change=0.75, linear-params-rms=0.05121, linear-params-row-norms=[percentiles(0,1,2,5 10,20,50,80,90 95,98,99,100)=(1.0,1.0,1.1,1.1 1.1,1.2,1.6,1.9,2.1 2.3,2.5,2.7,2.9), mean=1.59, stddev=0.401], linear-params-col-norms=[percentiles(0,1,2,5 10,20,50,80,90 95,98,99,100)=(0.42,0.46,0.48,0.48 0.49,0.50,0.55,1.0,1.3 1.5,1.8,1.8,2.1), mean=0.737, stddev=0.354], linear-params-singular-values=[percentiles(0,1,2,5 10,20,50,80,90 95,98,99,100)=(0.55,0.57,0.60,0.64 0.70,0.80,1.1,1.6,2.4 3.4,4.4,5.0,5.5), mean=1.37, stddev=0.901], bias-{mean,stddev}=0.03628,0.9172, rank-in=20, rank-out=80, num-samples-history=2000, update-period=4, alpha=4
component name=tdnn3.relu type=RectifiedLinearComponent, dim=255, self-repair-scale=1e-05, count=6.01e+05, self-repaired-proportion=0, value-avg=[percentiles(0,1,2,5 10,20,50,80,90 95,98,99,100)=(0.06,0.07,0.11,0.16 0.22,0.31,0.88,1.6,2.3 2.7,3.0,3.5,4.7), mean=1.07, stddev=0.833], deriv-avg=[percentiles(0,1,2,5 10,20,50,80,90 95,98,99,100)=(0.10,0.12,0.19,0.21 0.25,0.28,0.41,0.58,0.68 0.74,0.78,0.80,0.89), mean=0.434, stddev=0.163], oderiv-rms=[percentiles(0,1,2,5 10,20,50,80,90 95,98,99,100)=(0.002,0.002,0.002,0.002 0.003,0.003,0.004,0.006,0.007 0.007,0.008,0.01,0.02), mean=0.00461, stddev=0.00194], oderiv-count=540518
component name=tdnn3.renorm type=NormalizeComponent, input-dim=255, output-dim=256, target-rms=1, add-log-stddev=true
component name=tdnn3_stats-extraction-99-99 type=StatisticsExtractionComponent, input-dim=256, output-dim=257
component name=tdnn3_stats-pooling-99-99 type=StatisticsPoolingComponent, input-dim=257, output-dim=257
component name=tdnn4.affine type=NaturalGradientAffineComponent, input-dim=1281, output-dim=255, learning-rate=0.000384558, max-change=0.75, linear-params-rms=0.04637, linear-params-row-norms=[percentiles(0,1,2,5 10,20,50,80,90 95,98,99,100)=(1.1,1.1,1.1,1.1 1.2,1.3,1.6,1.9,2.1 2.3,2.4,2.9,3.1), mean=1.62, stddev=0.369], linear-params-col-norms=[percentiles(0,1,2,5 10,20,50,80,90 95,98,99,100)=(0.42,0.44,0.45,0.46 0.47,0.50,0.69,0.89,0.97 1.1,1.2,1.3,1.8), mean=0.711, stddev=0.208], linear-params-singular-values=[percentiles(0,1,2,5 10,20,50,80,90 95,98,99,100)=(0.66,0.69,0.70,0.74 0.81,0.91,1.2,1.9,2.4 3.1,3.6,4.2,5.3), mean=1.47, stddev=0.763], bias-{mean,stddev}=-0.04682,1.067, rank-in=20, rank-out=80, num-samples-history=2000, update-period=4, alpha=4
component name=tdnn4.relu type=RectifiedLinearComponent, dim=255, self-repair-scale=1e-05, count=3.06e+05, self-repaired-proportion=0, value-avg=[percentiles(0,1,2,5 10,20,50,80,90 95,98,99,100)=(0.04,0.08,0.09,0.12 0.18,0.26,0.51,1.0,1.4 1.6,2.2,2.5,4.4), mean=0.685, stddev=0.559], deriv-avg=[percentiles(0,1,2,5 10,20,50,80,90 95,98,99,100)=(0.10,0.11,0.12,0.14 0.19,0.23,0.37,0.49,0.59 0.66,0.72,0.74,0.87), mean=0.375, stddev=0.153], oderiv-rms=[percentiles(0,1,2,5 10,20,50,80,90 95,98,99,100)=(0.004,0.005,0.006,0.006 0.007,0.007,0.009,0.01,0.01 0.01,0.02,0.02,0.02), mean=0.0096, stddev=0.00258], oderiv-count=363840
component name=tdnn4.renorm type=NormalizeComponent, input-dim=255, output-dim=256, target-rms=1, add-log-stddev=true
component name=tdnn4_stats-extraction-108-108 type=StatisticsExtractionComponent, input-dim=256, output-dim=257
component name=tdnn4_stats-pooling-108-108 type=StatisticsPoolingComponent, input-dim=257, output-dim=257
component name=tdnn5.affine type=NaturalGradientAffineComponent, input-dim=1281, output-dim=256, learning-rate=0.000384558, max-change=0.75, linear-params-rms=0.04531, linear-params-row-norms=[percentiles(0,1,2,5 10,20,50,80,90 95,98,99,100)=(0.94,0.95,0.97,0.98 1.0,1.1,1.4,2.1,2.3 2.4,2.6,2.8,3.2), mean=1.54, stddev=0.503], linear-params-col-norms=[percentiles(0,1,2,5 10,20,50,80,90 95,98,99,100)=(0.41,0.45,0.46,0.48 0.51,0.55,0.70,0.84,0.91 0.97,1.1,1.1,1.6), mean=0.707, stddev=0.162], linear-params-singular-values=[percentiles(0,1,2,5 10,20,50,80,90 95,98,99,100)=(0.62,0.65,0.66,0.71 0.77,0.87,1.2,1.9,2.4 2.9,3.5,4.1,4.9), mean=1.44, stddev=0.75], bias-{mean,stddev}=-0.07611,0.8831, rank-in=20, rank-out=80, num-samples-history=2000, update-period=4, alpha=4
component name=tdnn5.relu type=RectifiedLinearComponent, dim=256, self-repair-scale=1e-05, count=6.99e+04, self-repaired-proportion=0.00670812, value-avg=[percentiles(0,1,2,5 10,20,50,80,90 95,98,99,100)=(0.02,0.02,0.02,0.02 0.04,0.10,0.34,0.88,1.1 1.3,1.8,2.1,3.2), mean=0.512, stddev=0.491], deriv-avg=[percentiles(0,1,2,5 10,20,50,80,90 95,98,99,100)=(0.05,0.05,0.06,0.07 0.09,0.16,0.33,0.59,0.66 0.74,0.85,0.85,0.94), mean=0.37, stddev=0.219], oderiv-rms=[percentiles(0,1,2,5 10,20,50,80,90 95,98,99,100)=(0.0002,0.0004,0.0007,0.001 0.003,0.007,0.02,0.02,0.03 0.03,0.04,0.04,0.05), mean=0.0165, stddev=0.00964], oderiv-count=96857.6
component name=tdnn5.renorm type=NormalizeComponent, input-dim=256, output-dim=256, target-rms=1, add-log-stddev=false
component name=output.affine type=NaturalGradientAffineComponent, input-dim=256, output-dim=3, learning-rate=3.84558e-05, learning-rate-factor=0.1, max-change=1.5, linear-params-rms=0.0871, linear-params-row-norms=[ 1.7 1.6 0.51 ], linear-params-col-norms=[percentiles(0,1,2,5 10,20,50,80,90 95,98,99,100)=(0.001,0.005,0.009,0.02 0.03,0.07,0.13,0.20,0.22 0.25,0.28,0.29,0.37), mean=0.133, stddev=0.0721], linear-params-singular-values=[ 2.3 0.62 2e-05 ], bias-{mean,stddev}=-1.207e-06,0.05385, rank-in=20, rank-out=2, num-samples-history=2000, update-period=4, alpha=4
component name=output.log-softmax type=LogSoftmaxComponent, dim=3, oderiv-rms=[ 0.44 0.89 0 ], oderiv-count=99097.6
# Accounting: time=0 threads=1
# Ended (code 0) at Tue Oct 13 17:47:25 EDT 2020, elapsed time 0 seconds
