# nnet3-info exp/dihard3_sad_tdnn_stats/184.raw && nnet3-show-progress --use-gpu=no exp/dihard3_sad_tdnn_stats/183.raw exp/dihard3_sad_tdnn_stats/184.raw 
# Started at Tue Oct 13 17:50:24 EDT 2020
#
nnet3-info exp/dihard3_sad_tdnn_stats/184.raw 
left-context: 24
right-context: 46
num-parameters: 1229878
modulus: 18
input-node name=input dim=40
component-node name=lda component=lda input=Append(Offset(input, -2), Offset(input, -1), input, Offset(input, 1), Offset(input, 2)) input-dim=200 output-dim=200
component-node name=tdnn1.affine component=tdnn1.affine input=lda input-dim=200 output-dim=255
component-node name=tdnn1.relu component=tdnn1.relu input=tdnn1.affine input-dim=255 output-dim=255
component-node name=tdnn1.renorm component=tdnn1.renorm input=tdnn1.relu input-dim=255 output-dim=256
component-node name=tdnn2.affine component=tdnn2.affine input=Append(Offset(tdnn1.renorm, -1), tdnn1.renorm, Offset(tdnn1.renorm, 1), Offset(tdnn1.renorm, 2)) input-dim=1024 output-dim=255
component-node name=tdnn2.relu component=tdnn2.relu input=tdnn2.affine input-dim=255 output-dim=255
component-node name=tdnn2.renorm component=tdnn2.renorm input=tdnn2.relu input-dim=255 output-dim=256
component-node name=tdnn3.affine component=tdnn3.affine input=Append(Offset(tdnn2.renorm, -3), tdnn2.renorm, Offset(tdnn2.renorm, 3), Offset(tdnn2.renorm, 6)) input-dim=1024 output-dim=255
component-node name=tdnn3.relu component=tdnn3.relu input=tdnn3.affine input-dim=255 output-dim=255
component-node name=tdnn3.renorm component=tdnn3.renorm input=tdnn3.relu input-dim=255 output-dim=256
component-node name=tdnn3_stats-extraction-99-99 component=tdnn3_stats-extraction-99-99 input=tdnn3.renorm input-dim=256 output-dim=257
component-node name=tdnn3_stats-pooling-99-99 component=tdnn3_stats-pooling-99-99 input=tdnn3_stats-extraction-99-99 input-dim=257 output-dim=257
component-node name=tdnn4.affine component=tdnn4.affine input=Append(Offset(tdnn3.renorm, -6), tdnn3.renorm, Offset(tdnn3.renorm, 6), Offset(tdnn3.renorm, 12), Round(tdnn3_stats-pooling-99-99, 9)) input-dim=1281 output-dim=255
component-node name=tdnn4.relu component=tdnn4.relu input=tdnn4.affine input-dim=255 output-dim=255
component-node name=tdnn4.renorm component=tdnn4.renorm input=tdnn4.relu input-dim=255 output-dim=256
component-node name=tdnn4_stats-extraction-108-108 component=tdnn4_stats-extraction-108-108 input=tdnn4.renorm input-dim=256 output-dim=257
component-node name=tdnn4_stats-pooling-108-108 component=tdnn4_stats-pooling-108-108 input=tdnn4_stats-extraction-108-108 input-dim=257 output-dim=257
component-node name=tdnn5.affine component=tdnn5.affine input=Append(Offset(tdnn4.renorm, -12), tdnn4.renorm, Offset(tdnn4.renorm, 12), Offset(tdnn4.renorm, 24), Round(tdnn4_stats-pooling-108-108, 18)) input-dim=1281 output-dim=256
component-node name=tdnn5.relu component=tdnn5.relu input=tdnn5.affine input-dim=256 output-dim=256
component-node name=tdnn5.renorm component=tdnn5.renorm input=tdnn5.relu input-dim=256 output-dim=256
component-node name=output.affine component=output.affine input=tdnn5.renorm input-dim=256 output-dim=3
component-node name=output.log-softmax component=output.log-softmax input=output.affine input-dim=3 output-dim=3
output-node name=output input=output.log-softmax dim=3 objective=linear
component name=lda type=FixedAffineComponent, input-dim=200, output-dim=200, linear-params-rms=0.0017, bias-{mean,stddev}=0.01236,0.1777
component name=tdnn1.affine type=NaturalGradientAffineComponent, input-dim=200, output-dim=255, learning-rate=0.000307743, max-change=0.75, linear-params-rms=0.1319, linear-params-row-norms=[percentiles(0,1,2,5 10,20,50,80,90 95,98,99,100)=(0.85,0.89,0.91,0.93 0.96,0.99,1.1,2.3,2.6 2.9,3.5,4.4,5.2), mean=1.68, stddev=0.816], linear-params-col-norms=[percentiles(0,1,2,5 10,20,50,80,90 95,98,99,100)=(1.4,1.6,1.7,1.8 1.8,1.9,2.1,2.2,2.4 2.5,2.6,2.7,3.8), mean=2.09, stddev=0.255], bias-{mean,stddev}=-0.03773,0.5385, rank-in=20, rank-out=80, num-samples-history=2000, update-period=4, alpha=4
component name=tdnn1.relu type=RectifiedLinearComponent, dim=255, self-repair-scale=1e-05, count=1.92e+06, self-repaired-proportion=0.515874, value-avg=[percentiles(0,1,2,5 10,20,50,80,90 95,98,99,100)=(0,0,0,0 0,0,0.006,0.16,0.62 0.90,1.3,1.5,1.8), mean=0.162, stddev=0.323], deriv-avg=[percentiles(0,1,2,5 10,20,50,80,90 95,98,99,100)=(0,0,0,0 0,0,0.20,0.99,1.0 1.0,1.0,1.0,1.0), mean=0.433, stddev=0.428], oderiv-rms=[percentiles(0,1,2,5 10,20,50,80,90 95,98,99,100)=(0.006,0.006,0.007,0.007 0.007,0.008,0.02,0.10,0.12 0.13,0.14,0.17,0.22), mean=0.0505, stddev=0.0481], oderiv-count=1.56123e+06
component name=tdnn1.renorm type=NormalizeComponent, input-dim=255, output-dim=256, target-rms=1, add-log-stddev=true
component name=tdnn2.affine type=NaturalGradientAffineComponent, input-dim=1024, output-dim=255, learning-rate=0.000307743, max-change=0.75, linear-params-rms=0.08861, linear-params-row-norms=[percentiles(0,1,2,5 10,20,50,80,90 95,98,99,100)=(1.0,1.0,1.0,1.1 1.1,1.2,1.7,4.1,4.8 5.3,5.9,6.2,7.0), mean=2.39, stddev=1.53], linear-params-col-norms=[percentiles(0,1,2,5 10,20,50,80,90 95,98,99,100)=(0.40,0.43,0.46,0.47 0.48,0.49,0.57,2.0,2.2 2.4,2.7,2.8,3.2), mean=1.19, stddev=0.766], bias-{mean,stddev}=-0.01738,0.9788, rank-in=20, rank-out=80, num-samples-history=2000, update-period=4, alpha=4
component name=tdnn2.relu type=RectifiedLinearComponent, dim=255, self-repair-scale=1e-05, count=5.5e+05, self-repaired-proportion=0.00401652, value-avg=[percentiles(0,1,2,5 10,20,50,80,90 95,98,99,100)=(0.01,0.02,0.02,0.04 0.05,0.07,0.21,1.1,2.2 3.0,3.9,4.7,16), mean=0.751, stddev=1.44], deriv-avg=[percentiles(0,1,2,5 10,20,50,80,90 95,98,99,100)=(0.06,0.06,0.07,0.11 0.15,0.22,0.37,0.58,0.72 0.85,0.89,0.92,1.0), mean=0.409, stddev=0.217], oderiv-rms=[percentiles(0,1,2,5 10,20,50,80,90 95,98,99,100)=(0.002,0.002,0.002,0.002 0.002,0.002,0.003,0.008,0.01 0.01,0.02,0.02,0.02), mean=0.0051, stddev=0.00429], oderiv-count=497203
component name=tdnn2.renorm type=NormalizeComponent, input-dim=255, output-dim=256, target-rms=1, add-log-stddev=true
component name=tdnn3.affine type=NaturalGradientAffineComponent, input-dim=1024, output-dim=255, learning-rate=0.000307743, max-change=0.75, linear-params-rms=0.05205, linear-params-row-norms=[percentiles(0,1,2,5 10,20,50,80,90 95,98,99,100)=(1.0,1.0,1.1,1.1 1.1,1.2,1.6,1.9,2.1 2.4,2.5,2.7,2.9), mean=1.62, stddev=0.404], linear-params-col-norms=[percentiles(0,1,2,5 10,20,50,80,90 95,98,99,100)=(0.42,0.46,0.48,0.49 0.49,0.51,0.56,1.0,1.3 1.5,1.8,1.9,2.1), mean=0.748, stddev=0.362], bias-{mean,stddev}=0.03626,0.9171, rank-in=20, rank-out=80, num-samples-history=2000, update-period=4, alpha=4
component name=tdnn3.relu type=RectifiedLinearComponent, dim=255, self-repair-scale=1e-05, count=6.13e+05, self-repaired-proportion=0, value-avg=[percentiles(0,1,2,5 10,20,50,80,90 95,98,99,100)=(0.07,0.07,0.11,0.18 0.22,0.32,0.89,1.6,2.2 2.7,3.0,3.4,4.6), mean=1.08, stddev=0.82], deriv-avg=[percentiles(0,1,2,5 10,20,50,80,90 95,98,99,100)=(0.11,0.13,0.18,0.21 0.25,0.29,0.40,0.58,0.67 0.73,0.77,0.79,0.88), mean=0.433, stddev=0.159], oderiv-rms=[percentiles(0,1,2,5 10,20,50,80,90 95,98,99,100)=(0.002,0.002,0.003,0.003 0.003,0.003,0.005,0.006,0.007 0.008,0.009,0.01,0.02), mean=0.00498, stddev=0.00195], oderiv-count=497203
component name=tdnn3.renorm type=NormalizeComponent, input-dim=255, output-dim=256, target-rms=1, add-log-stddev=true
component name=tdnn3_stats-extraction-99-99 type=StatisticsExtractionComponent, input-dim=256, output-dim=257
component name=tdnn3_stats-pooling-99-99 type=StatisticsPoolingComponent, input-dim=257, output-dim=257
component name=tdnn4.affine type=NaturalGradientAffineComponent, input-dim=1281, output-dim=255, learning-rate=0.000307743, max-change=0.75, linear-params-rms=0.04732, linear-params-row-norms=[percentiles(0,1,2,5 10,20,50,80,90 95,98,99,100)=(1.1,1.1,1.1,1.2 1.2,1.3,1.6,1.9,2.1 2.3,2.5,2.9,3.2), mean=1.65, stddev=0.369], linear-params-col-norms=[percentiles(0,1,2,5 10,20,50,80,90 95,98,99,100)=(0.42,0.44,0.45,0.46 0.48,0.51,0.71,0.91,0.99 1.1,1.2,1.3,1.9), mean=0.725, stddev=0.212], bias-{mean,stddev}=-0.04679,1.067, rank-in=20, rank-out=80, num-samples-history=2000, update-period=4, alpha=4
component name=tdnn4.relu type=RectifiedLinearComponent, dim=255, self-repair-scale=1e-05, count=3.42e+05, self-repaired-proportion=0, value-avg=[percentiles(0,1,2,5 10,20,50,80,90 95,98,99,100)=(0.05,0.08,0.10,0.12 0.18,0.27,0.52,1.0,1.3 1.6,2.0,2.4,4.4), mean=0.676, stddev=0.544], deriv-avg=[percentiles(0,1,2,5 10,20,50,80,90 95,98,99,100)=(0.11,0.12,0.12,0.14 0.19,0.23,0.37,0.49,0.57 0.66,0.72,0.73,0.86), mean=0.374, stddev=0.152], oderiv-rms=[percentiles(0,1,2,5 10,20,50,80,90 95,98,99,100)=(0.005,0.006,0.007,0.007 0.008,0.009,0.01,0.01,0.01 0.02,0.02,0.02,0.02), mean=0.0108, stddev=0.00257], oderiv-count=377280
component name=tdnn4.renorm type=NormalizeComponent, input-dim=255, output-dim=256, target-rms=1, add-log-stddev=true
component name=tdnn4_stats-extraction-108-108 type=StatisticsExtractionComponent, input-dim=256, output-dim=257
component name=tdnn4_stats-pooling-108-108 type=StatisticsPoolingComponent, input-dim=257, output-dim=257
component name=tdnn5.affine type=NaturalGradientAffineComponent, input-dim=1281, output-dim=256, learning-rate=0.000307743, max-change=0.75, linear-params-rms=0.04634, linear-params-row-norms=[percentiles(0,1,2,5 10,20,50,80,90 95,98,99,100)=(0.94,0.95,0.97,0.98 1.0,1.1,1.5,2.1,2.3 2.5,2.6,2.8,3.2), mean=1.58, stddev=0.514], linear-params-col-norms=[percentiles(0,1,2,5 10,20,50,80,90 95,98,99,100)=(0.41,0.45,0.47,0.49 0.52,0.57,0.72,0.85,0.93 0.98,1.1,1.1,1.6), mean=0.723, stddev=0.163], bias-{mean,stddev}=-0.07633,0.883, rank-in=20, rank-out=80, num-samples-history=2000, update-period=4, alpha=4
component name=tdnn5.relu type=RectifiedLinearComponent, dim=256, self-repair-scale=1e-05, count=6.35e+04, self-repaired-proportion=0.0042352, value-avg=[percentiles(0,1,2,5 10,20,50,80,90 95,98,99,100)=(0.01,0.02,0.02,0.02 0.05,0.11,0.32,0.76,1.0 1.2,1.7,1.9,2.9), mean=0.468, stddev=0.442], deriv-avg=[percentiles(0,1,2,5 10,20,50,80,90 95,98,99,100)=(0.05,0.06,0.06,0.07 0.10,0.16,0.32,0.55,0.63 0.71,0.81,0.84,0.92), mean=0.357, stddev=0.207], oderiv-rms=[percentiles(0,1,2,5 10,20,50,80,90 95,98,99,100)=(0.0004,0.0005,0.0009,0.001 0.004,0.008,0.02,0.03,0.03 0.03,0.04,0.04,0.05), mean=0.0186, stddev=0.0105], oderiv-count=100890
component name=tdnn5.renorm type=NormalizeComponent, input-dim=256, output-dim=256, target-rms=1, add-log-stddev=false
component name=output.affine type=NaturalGradientAffineComponent, input-dim=256, output-dim=3, learning-rate=3.07743e-05, learning-rate-factor=0.1, max-change=1.5, linear-params-rms=0.09604, linear-params-row-norms=[ 1.9 1.8 0.52 ], linear-params-col-norms=[percentiles(0,1,2,5 10,20,50,80,90 95,98,99,100)=(0.003,0.007,0.01,0.02 0.03,0.07,0.15,0.21,0.24 0.27,0.30,0.32,0.40), mean=0.147, stddev=0.0774], bias-{mean,stddev}=-1.263e-06,0.05942, rank-in=20, rank-out=2, num-samples-history=2000, update-period=4, alpha=4
component name=output.log-softmax type=LogSoftmaxComponent, dim=3, oderiv-rms=[ 0.44 0.89 0 ], oderiv-count=102054
nnet3-show-progress --use-gpu=no exp/dihard3_sad_tdnn_stats/183.raw exp/dihard3_sad_tdnn_stats/184.raw 
LOG (nnet3-show-progress[5.5.810~1-76a979]:SelectGpuId():cu-device.cc:153) Manually selected to compute on CPU.
LOG (nnet3-show-progress[5.5.810~1-76a979]:main():nnet3-show-progress.cc:143) Parameter differences per layer are [ tdnn1.affine:0.253976 tdnn2.affine:0.361642 tdnn3.affine:0.253486 tdnn4.affine:0.407616 tdnn5.affine:0.510028 output.affine:0.0212437 ]
LOG (nnet3-show-progress[5.5.810~1-76a979]:main():nnet3-show-progress.cc:153) Norms of parameter matrices from <new-nnet-in> are [ tdnn1.affine:31.009 tdnn2.affine:47.9016 tdnn3.affine:30.3699 tdnn4.affine:31.9767 tdnn5.affine:30.0877 output.affine:2.66352 ]
LOG (nnet3-show-progress[5.5.810~1-76a979]:main():nnet3-show-progress.cc:157) Relative parameter differences per layer are [ tdnn1.affine:0.00819481 tdnn2.affine:0.00755297 tdnn3.affine:0.00835027 tdnn4.affine:0.0127539 tdnn5.affine:0.0169616 output.affine:0.00800638 ]
# Accounting: time=0 threads=1
# Ended (code 0) at Tue Oct 13 17:50:24 EDT 2020, elapsed time 0 seconds
