# nnet3-info exp/dihard3_sad_tdnn_stats/121.raw && nnet3-show-progress --use-gpu=no exp/dihard3_sad_tdnn_stats/120.raw exp/dihard3_sad_tdnn_stats/121.raw 
# Started at Tue Oct 13 17:42:38 EDT 2020
#
nnet3-info exp/dihard3_sad_tdnn_stats/121.raw 
left-context: 24
right-context: 46
num-parameters: 1229878
modulus: 18
input-node name=input dim=40
component-node name=lda component=lda input=Append(Offset(input, -2), Offset(input, -1), input, Offset(input, 1), Offset(input, 2)) input-dim=200 output-dim=200
component-node name=tdnn1.affine component=tdnn1.affine input=lda input-dim=200 output-dim=255
component-node name=tdnn1.relu component=tdnn1.relu input=tdnn1.affine input-dim=255 output-dim=255
component-node name=tdnn1.renorm component=tdnn1.renorm input=tdnn1.relu input-dim=255 output-dim=256
component-node name=tdnn2.affine component=tdnn2.affine input=Append(Offset(tdnn1.renorm, -1), tdnn1.renorm, Offset(tdnn1.renorm, 1), Offset(tdnn1.renorm, 2)) input-dim=1024 output-dim=255
component-node name=tdnn2.relu component=tdnn2.relu input=tdnn2.affine input-dim=255 output-dim=255
component-node name=tdnn2.renorm component=tdnn2.renorm input=tdnn2.relu input-dim=255 output-dim=256
component-node name=tdnn3.affine component=tdnn3.affine input=Append(Offset(tdnn2.renorm, -3), tdnn2.renorm, Offset(tdnn2.renorm, 3), Offset(tdnn2.renorm, 6)) input-dim=1024 output-dim=255
component-node name=tdnn3.relu component=tdnn3.relu input=tdnn3.affine input-dim=255 output-dim=255
component-node name=tdnn3.renorm component=tdnn3.renorm input=tdnn3.relu input-dim=255 output-dim=256
component-node name=tdnn3_stats-extraction-99-99 component=tdnn3_stats-extraction-99-99 input=tdnn3.renorm input-dim=256 output-dim=257
component-node name=tdnn3_stats-pooling-99-99 component=tdnn3_stats-pooling-99-99 input=tdnn3_stats-extraction-99-99 input-dim=257 output-dim=257
component-node name=tdnn4.affine component=tdnn4.affine input=Append(Offset(tdnn3.renorm, -6), tdnn3.renorm, Offset(tdnn3.renorm, 6), Offset(tdnn3.renorm, 12), Round(tdnn3_stats-pooling-99-99, 9)) input-dim=1281 output-dim=255
component-node name=tdnn4.relu component=tdnn4.relu input=tdnn4.affine input-dim=255 output-dim=255
component-node name=tdnn4.renorm component=tdnn4.renorm input=tdnn4.relu input-dim=255 output-dim=256
component-node name=tdnn4_stats-extraction-108-108 component=tdnn4_stats-extraction-108-108 input=tdnn4.renorm input-dim=256 output-dim=257
component-node name=tdnn4_stats-pooling-108-108 component=tdnn4_stats-pooling-108-108 input=tdnn4_stats-extraction-108-108 input-dim=257 output-dim=257
component-node name=tdnn5.affine component=tdnn5.affine input=Append(Offset(tdnn4.renorm, -12), tdnn4.renorm, Offset(tdnn4.renorm, 12), Offset(tdnn4.renorm, 24), Round(tdnn4_stats-pooling-108-108, 18)) input-dim=1281 output-dim=256
component-node name=tdnn5.relu component=tdnn5.relu input=tdnn5.affine input-dim=256 output-dim=256
component-node name=tdnn5.renorm component=tdnn5.renorm input=tdnn5.relu input-dim=256 output-dim=256
component-node name=output.affine component=output.affine input=tdnn5.renorm input-dim=256 output-dim=3
component-node name=output.log-softmax component=output.log-softmax input=output.affine input-dim=3 output-dim=3
output-node name=output input=output.log-softmax dim=3 objective=linear
component name=lda type=FixedAffineComponent, input-dim=200, output-dim=200, linear-params-rms=0.0017, bias-{mean,stddev}=0.01236,0.1777
component name=tdnn1.affine type=NaturalGradientAffineComponent, input-dim=200, output-dim=255, learning-rate=0.000552358, max-change=0.75, linear-params-rms=0.1222, linear-params-row-norms=[percentiles(0,1,2,5 10,20,50,80,90 95,98,99,100)=(0.85,0.89,0.91,0.92 0.96,0.99,1.1,2.2,2.3 2.6,3.2,4.2,5.0), mean=1.57, stddev=0.717], linear-params-col-norms=[percentiles(0,1,2,5 10,20,50,80,90 95,98,99,100)=(1.4,1.5,1.6,1.6 1.7,1.7,1.9,2.1,2.2 2.3,2.4,2.6,3.7), mean=1.93, stddev=0.257], bias-{mean,stddev}=-0.04797,0.6108, rank-in=20, rank-out=80, num-samples-history=2000, update-period=4, alpha=4
component name=tdnn1.relu type=RectifiedLinearComponent, dim=255, self-repair-scale=1e-05, count=1.93e+06, self-repaired-proportion=0.581009, value-avg=[percentiles(0,1,2,5 10,20,50,80,90 95,98,99,100)=(0,0,0,0 0,0,0.005,0.28,0.73 1.0,1.5,1.6,2.0), mean=0.188, stddev=0.364], deriv-avg=[percentiles(0,1,2,5 10,20,50,80,90 95,98,99,100)=(0,0,0,0 0,0,0.15,1.0,1.0 1.0,1.0,1.0,1.0), mean=0.435, stddev=0.441], oderiv-rms=[percentiles(0,1,2,5 10,20,50,80,90 95,98,99,100)=(0.005,0.005,0.006,0.006 0.006,0.007,0.01,0.09,0.10 0.12,0.13,0.16,0.20), mean=0.045, stddev=0.0437], oderiv-count=1.69377e+06
component name=tdnn1.renorm type=NormalizeComponent, input-dim=255, output-dim=256, target-rms=1, add-log-stddev=true
component name=tdnn2.affine type=NaturalGradientAffineComponent, input-dim=1024, output-dim=255, learning-rate=0.000552358, max-change=0.75, linear-params-rms=0.0838, linear-params-row-norms=[percentiles(0,1,2,5 10,20,50,80,90 95,98,99,100)=(0.99,1.0,1.0,1.0 1.1,1.1,1.5,3.8,4.5 5.1,5.7,6.2,7.0), mean=2.25, stddev=1.46], linear-params-col-norms=[percentiles(0,1,2,5 10,20,50,80,90 95,98,99,100)=(0.40,0.43,0.45,0.47 0.48,0.49,0.55,1.9,2.1 2.3,2.6,2.7,3.0), mean=1.13, stddev=0.714], bias-{mean,stddev}=-0.01728,0.9789, rank-in=20, rank-out=80, num-samples-history=2000, update-period=4, alpha=4
component name=tdnn2.relu type=RectifiedLinearComponent, dim=255, self-repair-scale=1e-05, count=6.3e+05, self-repaired-proportion=0.00514088, value-avg=[percentiles(0,1,2,5 10,20,50,80,90 95,98,99,100)=(0.005,0.01,0.02,0.02 0.03,0.05,0.17,1.0,2.0 2.9,3.9,4.5,17), mean=0.721, stddev=1.49], deriv-avg=[percentiles(0,1,2,5 10,20,50,80,90 95,98,99,100)=(0.06,0.06,0.07,0.12 0.14,0.20,0.36,0.61,0.77 0.86,0.91,0.93,1.0), mean=0.399, stddev=0.229], oderiv-rms=[percentiles(0,1,2,5 10,20,50,80,90 95,98,99,100)=(0.001,0.001,0.001,0.002 0.002,0.002,0.002,0.007,0.01 0.01,0.02,0.02,0.02), mean=0.00453, stddev=0.0043], oderiv-count=501811
component name=tdnn2.renorm type=NormalizeComponent, input-dim=255, output-dim=256, target-rms=1, add-log-stddev=true
component name=tdnn3.affine type=NaturalGradientAffineComponent, input-dim=1024, output-dim=255, learning-rate=0.000552358, max-change=0.75, linear-params-rms=0.04903, linear-params-row-norms=[percentiles(0,1,2,5 10,20,50,80,90 95,98,99,100)=(0.99,1.0,1.0,1.0 1.1,1.1,1.5,1.8,2.0 2.3,2.4,2.6,2.8), mean=1.52, stddev=0.383], linear-params-col-norms=[percentiles(0,1,2,5 10,20,50,80,90 95,98,99,100)=(0.42,0.45,0.47,0.48 0.49,0.50,0.54,0.95,1.2 1.4,1.7,1.8,2.0), mean=0.71, stddev=0.331], bias-{mean,stddev}=0.03636,0.9173, rank-in=20, rank-out=80, num-samples-history=2000, update-period=4, alpha=4
component name=tdnn3.relu type=RectifiedLinearComponent, dim=255, self-repair-scale=1e-05, count=4.7e+05, self-repaired-proportion=0, value-avg=[percentiles(0,1,2,5 10,20,50,80,90 95,98,99,100)=(0.05,0.06,0.11,0.13 0.18,0.28,0.86,1.6,2.3 2.7,3.2,3.6,4.4), mean=1.05, stddev=0.855], deriv-avg=[percentiles(0,1,2,5 10,20,50,80,90 95,98,99,100)=(0.09,0.13,0.18,0.20 0.24,0.28,0.42,0.61,0.70 0.76,0.80,0.83,0.89), mean=0.437, stddev=0.173], oderiv-rms=[percentiles(0,1,2,5 10,20,50,80,90 95,98,99,100)=(0.002,0.002,0.002,0.002 0.002,0.002,0.004,0.005,0.006 0.007,0.008,0.009,0.02), mean=0.004, stddev=0.00189], oderiv-count=489830
component name=tdnn3.renorm type=NormalizeComponent, input-dim=255, output-dim=256, target-rms=1, add-log-stddev=true
component name=tdnn3_stats-extraction-99-99 type=StatisticsExtractionComponent, input-dim=256, output-dim=257
component name=tdnn3_stats-pooling-99-99 type=StatisticsPoolingComponent, input-dim=257, output-dim=257
component name=tdnn4.affine type=NaturalGradientAffineComponent, input-dim=1281, output-dim=255, learning-rate=0.000552358, max-change=0.75, linear-params-rms=0.04395, linear-params-row-norms=[percentiles(0,1,2,5 10,20,50,80,90 95,98,99,100)=(1.0,1.0,1.1,1.1 1.1,1.2,1.5,1.8,2.0 2.2,2.3,2.7,3.0), mean=1.53, stddev=0.354], linear-params-col-norms=[percentiles(0,1,2,5 10,20,50,80,90 95,98,99,100)=(0.41,0.43,0.44,0.45 0.46,0.48,0.64,0.84,0.92 1.0,1.2,1.2,1.8), mean=0.674, stddev=0.195], bias-{mean,stddev}=-0.04688,1.067, rank-in=20, rank-out=80, num-samples-history=2000, update-period=4, alpha=4
component name=tdnn4.relu type=RectifiedLinearComponent, dim=255, self-repair-scale=1e-05, count=3.76e+05, self-repaired-proportion=0, value-avg=[percentiles(0,1,2,5 10,20,50,80,90 95,98,99,100)=(0.03,0.07,0.08,0.09 0.16,0.23,0.51,1.1,1.4 1.7,2.1,2.5,4.5), mean=0.697, stddev=0.586], deriv-avg=[percentiles(0,1,2,5 10,20,50,80,90 95,98,99,100)=(0.08,0.10,0.11,0.14 0.18,0.23,0.37,0.50,0.59 0.66,0.71,0.76,0.87), mean=0.378, stddev=0.157], oderiv-rms=[percentiles(0,1,2,5 10,20,50,80,90 95,98,99,100)=(0.003,0.004,0.004,0.005 0.005,0.006,0.007,0.009,0.01 0.01,0.01,0.01,0.02), mean=0.00772, stddev=0.00254], oderiv-count=365760
component name=tdnn4.renorm type=NormalizeComponent, input-dim=255, output-dim=256, target-rms=1, add-log-stddev=true
component name=tdnn4_stats-extraction-108-108 type=StatisticsExtractionComponent, input-dim=256, output-dim=257
component name=tdnn4_stats-pooling-108-108 type=StatisticsPoolingComponent, input-dim=257, output-dim=257
component name=tdnn5.affine type=NaturalGradientAffineComponent, input-dim=1281, output-dim=256, learning-rate=0.000552358, max-change=0.75, linear-params-rms=0.04267, linear-params-row-norms=[percentiles(0,1,2,5 10,20,50,80,90 95,98,99,100)=(0.95,0.95,0.96,0.98 0.99,1.0,1.3,1.9,2.2 2.3,2.4,2.7,3.0), mean=1.45, stddev=0.467], linear-params-col-norms=[percentiles(0,1,2,5 10,20,50,80,90 95,98,99,100)=(0.41,0.44,0.45,0.46 0.48,0.52,0.65,0.79,0.86 0.93,1.0,1.1,1.5), mean=0.665, stddev=0.153], bias-{mean,stddev}=-0.07577,0.8832, rank-in=20, rank-out=80, num-samples-history=2000, update-period=4, alpha=4
component name=tdnn5.relu type=RectifiedLinearComponent, dim=256, self-repair-scale=1e-05, count=6.52e+04, self-repaired-proportion=0.0154528, value-avg=[percentiles(0,1,2,5 10,20,50,80,90 95,98,99,100)=(0.009,0.02,0.02,0.02 0.03,0.09,0.35,1.1,1.4 1.6,1.9,2.5,3.6), mean=0.589, stddev=0.59], deriv-avg=[percentiles(0,1,2,5 10,20,50,80,90 95,98,99,100)=(0.03,0.05,0.05,0.06 0.08,0.16,0.34,0.65,0.74 0.81,0.87,0.91,0.96), mean=0.393, stddev=0.244], oderiv-rms=[percentiles(0,1,2,5 10,20,50,80,90 95,98,99,100)=(7e-05,0.0001,0.0004,0.0009 0.002,0.005,0.01,0.02,0.02 0.03,0.03,0.03,0.04), mean=0.0132, stddev=0.00848], oderiv-count=103398
component name=tdnn5.renorm type=NormalizeComponent, input-dim=256, output-dim=256, target-rms=1, add-log-stddev=false
component name=output.affine type=NaturalGradientAffineComponent, input-dim=256, output-dim=3, learning-rate=5.52358e-05, learning-rate-factor=0.1, max-change=1.5, linear-params-rms=0.07108, linear-params-row-norms=[ 1.4 1.3 0.49 ], linear-params-col-norms=[percentiles(0,1,2,5 10,20,50,80,90 95,98,99,100)=(0.0004,0.001,0.006,0.01 0.02,0.05,0.10,0.16,0.19 0.22,0.24,0.26,0.32), mean=0.106, stddev=0.0631], bias-{mean,stddev}=-9.521e-07,0.04306, rank-in=20, rank-out=2, num-samples-history=2000, update-period=4, alpha=4
component name=output.log-softmax type=LogSoftmaxComponent, dim=3, oderiv-rms=[ 0.44 0.89 0 ], oderiv-count=93452.8
nnet3-show-progress --use-gpu=no exp/dihard3_sad_tdnn_stats/120.raw exp/dihard3_sad_tdnn_stats/121.raw 
LOG (nnet3-show-progress[5.5.810~1-76a979]:SelectGpuId():cu-device.cc:153) Manually selected to compute on CPU.
LOG (nnet3-show-progress[5.5.810~1-76a979]:main():nnet3-show-progress.cc:143) Parameter differences per layer are [ tdnn1.affine:0.417326 tdnn2.affine:0.59923 tdnn3.affine:0.392919 tdnn4.affine:0.571764 tdnn5.affine:0.726209 output.affine:0.0331598 ]
LOG (nnet3-show-progress[5.5.810~1-76a979]:main():nnet3-show-progress.cc:153) Norms of parameter matrices from <new-nnet-in> are [ tdnn1.affine:29.2803 tdnn2.affine:45.5882 tdnn3.affine:29.0293 tdnn4.affine:30.3637 tdnn5.affine:28.2544 output.affine:1.97121 ]
LOG (nnet3-show-progress[5.5.810~1-76a979]:main():nnet3-show-progress.cc:157) Relative parameter differences per layer are [ tdnn1.affine:0.0142736 tdnn2.affine:0.0131655 tdnn3.affine:0.0135505 tdnn4.affine:0.018855 tdnn5.affine:0.0257436 output.affine:0.0169232 ]
# Accounting: time=0 threads=1
# Ended (code 0) at Tue Oct 13 17:42:38 EDT 2020, elapsed time 0 seconds
