# nnet3-info exp/dihard3_sad_tdnn_stats/156.raw && nnet3-show-progress --use-gpu=no exp/dihard3_sad_tdnn_stats/155.raw exp/dihard3_sad_tdnn_stats/156.raw 
# Started at Tue Oct 13 17:46:56 EDT 2020
#
nnet3-info exp/dihard3_sad_tdnn_stats/156.raw 
left-context: 24
right-context: 46
num-parameters: 1229878
modulus: 18
input-node name=input dim=40
component-node name=lda component=lda input=Append(Offset(input, -2), Offset(input, -1), input, Offset(input, 1), Offset(input, 2)) input-dim=200 output-dim=200
component-node name=tdnn1.affine component=tdnn1.affine input=lda input-dim=200 output-dim=255
component-node name=tdnn1.relu component=tdnn1.relu input=tdnn1.affine input-dim=255 output-dim=255
component-node name=tdnn1.renorm component=tdnn1.renorm input=tdnn1.relu input-dim=255 output-dim=256
component-node name=tdnn2.affine component=tdnn2.affine input=Append(Offset(tdnn1.renorm, -1), tdnn1.renorm, Offset(tdnn1.renorm, 1), Offset(tdnn1.renorm, 2)) input-dim=1024 output-dim=255
component-node name=tdnn2.relu component=tdnn2.relu input=tdnn2.affine input-dim=255 output-dim=255
component-node name=tdnn2.renorm component=tdnn2.renorm input=tdnn2.relu input-dim=255 output-dim=256
component-node name=tdnn3.affine component=tdnn3.affine input=Append(Offset(tdnn2.renorm, -3), tdnn2.renorm, Offset(tdnn2.renorm, 3), Offset(tdnn2.renorm, 6)) input-dim=1024 output-dim=255
component-node name=tdnn3.relu component=tdnn3.relu input=tdnn3.affine input-dim=255 output-dim=255
component-node name=tdnn3.renorm component=tdnn3.renorm input=tdnn3.relu input-dim=255 output-dim=256
component-node name=tdnn3_stats-extraction-99-99 component=tdnn3_stats-extraction-99-99 input=tdnn3.renorm input-dim=256 output-dim=257
component-node name=tdnn3_stats-pooling-99-99 component=tdnn3_stats-pooling-99-99 input=tdnn3_stats-extraction-99-99 input-dim=257 output-dim=257
component-node name=tdnn4.affine component=tdnn4.affine input=Append(Offset(tdnn3.renorm, -6), tdnn3.renorm, Offset(tdnn3.renorm, 6), Offset(tdnn3.renorm, 12), Round(tdnn3_stats-pooling-99-99, 9)) input-dim=1281 output-dim=255
component-node name=tdnn4.relu component=tdnn4.relu input=tdnn4.affine input-dim=255 output-dim=255
component-node name=tdnn4.renorm component=tdnn4.renorm input=tdnn4.relu input-dim=255 output-dim=256
component-node name=tdnn4_stats-extraction-108-108 component=tdnn4_stats-extraction-108-108 input=tdnn4.renorm input-dim=256 output-dim=257
component-node name=tdnn4_stats-pooling-108-108 component=tdnn4_stats-pooling-108-108 input=tdnn4_stats-extraction-108-108 input-dim=257 output-dim=257
component-node name=tdnn5.affine component=tdnn5.affine input=Append(Offset(tdnn4.renorm, -12), tdnn4.renorm, Offset(tdnn4.renorm, 12), Offset(tdnn4.renorm, 24), Round(tdnn4_stats-pooling-108-108, 18)) input-dim=1281 output-dim=256
component-node name=tdnn5.relu component=tdnn5.relu input=tdnn5.affine input-dim=256 output-dim=256
component-node name=tdnn5.renorm component=tdnn5.renorm input=tdnn5.relu input-dim=256 output-dim=256
component-node name=output.affine component=output.affine input=tdnn5.renorm input-dim=256 output-dim=3
component-node name=output.log-softmax component=output.log-softmax input=output.affine input-dim=3 output-dim=3
output-node name=output input=output.log-softmax dim=3 objective=linear
component name=lda type=FixedAffineComponent, input-dim=200, output-dim=200, linear-params-rms=0.0017, bias-{mean,stddev}=0.01236,0.1777
component name=tdnn1.affine type=NaturalGradientAffineComponent, input-dim=200, output-dim=255, learning-rate=0.000399109, max-change=0.75, linear-params-rms=0.1288, linear-params-row-norms=[percentiles(0,1,2,5 10,20,50,80,90 95,98,99,100)=(0.85,0.89,0.91,0.92 0.96,0.99,1.1,2.3,2.5 2.8,3.4,4.3,5.2), mean=1.64, stddev=0.785], linear-params-col-norms=[percentiles(0,1,2,5 10,20,50,80,90 95,98,99,100)=(1.4,1.6,1.7,1.7 1.8,1.9,2.0,2.2,2.4 2.4,2.5,2.7,3.8), mean=2.04, stddev=0.257], bias-{mean,stddev}=-0.0414,0.5631, rank-in=20, rank-out=80, num-samples-history=2000, update-period=4, alpha=4
component name=tdnn1.relu type=RectifiedLinearComponent, dim=255, self-repair-scale=1e-05, count=1.81e+06, self-repaired-proportion=0.535887, value-avg=[percentiles(0,1,2,5 10,20,50,80,90 95,98,99,100)=(0,0,0,0 0,0,0.006,0.21,0.66 0.94,1.4,1.5,1.9), mean=0.17, stddev=0.337], deriv-avg=[percentiles(0,1,2,5 10,20,50,80,90 95,98,99,100)=(0,0,0,0 0,0,0.18,1.0,1.0 1.0,1.0,1.0,1.0), mean=0.433, stddev=0.432], oderiv-rms=[percentiles(0,1,2,5 10,20,50,80,90 95,98,99,100)=(0.006,0.006,0.006,0.007 0.007,0.008,0.02,0.09,0.11 0.13,0.14,0.17,0.21), mean=0.049, stddev=0.047], oderiv-count=1.46356e+06
component name=tdnn1.renorm type=NormalizeComponent, input-dim=255, output-dim=256, target-rms=1, add-log-stddev=true
component name=tdnn2.affine type=NaturalGradientAffineComponent, input-dim=1024, output-dim=255, learning-rate=0.000399109, max-change=0.75, linear-params-rms=0.08712, linear-params-row-norms=[percentiles(0,1,2,5 10,20,50,80,90 95,98,99,100)=(1.0,1.0,1.0,1.1 1.1,1.1,1.6,4.0,4.7 5.3,5.8,6.3,7.0), mean=2.34, stddev=1.51], linear-params-col-norms=[percentiles(0,1,2,5 10,20,50,80,90 95,98,99,100)=(0.40,0.43,0.45,0.47 0.48,0.49,0.56,1.9,2.2 2.4,2.7,2.8,3.2), mean=1.17, stddev=0.75], bias-{mean,stddev}=-0.01734,0.9788, rank-in=20, rank-out=80, num-samples-history=2000, update-period=4, alpha=4
component name=tdnn2.relu type=RectifiedLinearComponent, dim=255, self-repair-scale=1e-05, count=5.79e+05, self-repaired-proportion=0.00474716, value-avg=[percentiles(0,1,2,5 10,20,50,80,90 95,98,99,100)=(0.01,0.02,0.02,0.03 0.04,0.06,0.19,1.1,2.2 3.1,3.9,4.7,17), mean=0.749, stddev=1.47], deriv-avg=[percentiles(0,1,2,5 10,20,50,80,90 95,98,99,100)=(0.06,0.06,0.07,0.12 0.15,0.21,0.35,0.59,0.74 0.86,0.90,0.92,1.0), mean=0.407, stddev=0.221], oderiv-rms=[percentiles(0,1,2,5 10,20,50,80,90 95,98,99,100)=(0.002,0.002,0.002,0.002 0.002,0.002,0.003,0.008,0.01 0.01,0.02,0.02,0.02), mean=0.00471, stddev=0.00419], oderiv-count=456192
component name=tdnn2.renorm type=NormalizeComponent, input-dim=255, output-dim=256, target-rms=1, add-log-stddev=true
component name=tdnn3.affine type=NaturalGradientAffineComponent, input-dim=1024, output-dim=255, learning-rate=0.000399109, max-change=0.75, linear-params-rms=0.05104, linear-params-row-norms=[percentiles(0,1,2,5 10,20,50,80,90 95,98,99,100)=(1.0,1.0,1.0,1.1 1.1,1.2,1.6,1.9,2.1 2.3,2.5,2.7,2.9), mean=1.58, stddev=0.4], linear-params-col-norms=[percentiles(0,1,2,5 10,20,50,80,90 95,98,99,100)=(0.42,0.46,0.47,0.48 0.49,0.50,0.55,1.0,1.3 1.5,1.7,1.8,2.1), mean=0.735, stddev=0.352], bias-{mean,stddev}=0.0363,0.9172, rank-in=20, rank-out=80, num-samples-history=2000, update-period=4, alpha=4
component name=tdnn3.relu type=RectifiedLinearComponent, dim=255, self-repair-scale=1e-05, count=5.56e+05, self-repaired-proportion=0, value-avg=[percentiles(0,1,2,5 10,20,50,80,90 95,98,99,100)=(0.06,0.06,0.12,0.16 0.21,0.30,0.89,1.7,2.3 2.7,3.0,3.6,4.7), mean=1.08, stddev=0.843], deriv-avg=[percentiles(0,1,2,5 10,20,50,80,90 95,98,99,100)=(0.10,0.12,0.19,0.21 0.24,0.28,0.41,0.58,0.68 0.74,0.78,0.80,0.89), mean=0.434, stddev=0.165], oderiv-rms=[percentiles(0,1,2,5 10,20,50,80,90 95,98,99,100)=(0.002,0.002,0.002,0.002 0.002,0.003,0.004,0.006,0.006 0.007,0.008,0.01,0.02), mean=0.0045, stddev=0.00194], oderiv-count=475085
component name=tdnn3.renorm type=NormalizeComponent, input-dim=255, output-dim=256, target-rms=1, add-log-stddev=true
component name=tdnn3_stats-extraction-99-99 type=StatisticsExtractionComponent, input-dim=256, output-dim=257
component name=tdnn3_stats-pooling-99-99 type=StatisticsPoolingComponent, input-dim=257, output-dim=257
component name=tdnn4.affine type=NaturalGradientAffineComponent, input-dim=1281, output-dim=255, learning-rate=0.000399109, max-change=0.75, linear-params-rms=0.04618, linear-params-row-norms=[percentiles(0,1,2,5 10,20,50,80,90 95,98,99,100)=(1.1,1.1,1.1,1.1 1.2,1.3,1.6,1.9,2.1 2.3,2.4,2.9,3.1), mean=1.61, stddev=0.368], linear-params-col-norms=[percentiles(0,1,2,5 10,20,50,80,90 95,98,99,100)=(0.42,0.44,0.45,0.46 0.47,0.50,0.68,0.89,0.97 1.1,1.2,1.3,1.8), mean=0.708, stddev=0.207], bias-{mean,stddev}=-0.04682,1.067, rank-in=20, rank-out=80, num-samples-history=2000, update-period=4, alpha=4
component name=tdnn4.relu type=RectifiedLinearComponent, dim=255, self-repair-scale=1e-05, count=3.32e+05, self-repaired-proportion=0, value-avg=[percentiles(0,1,2,5 10,20,50,80,90 95,98,99,100)=(0.03,0.07,0.09,0.11 0.17,0.26,0.51,1.0,1.4 1.6,2.1,2.5,4.5), mean=0.688, stddev=0.563], deriv-avg=[percentiles(0,1,2,5 10,20,50,80,90 95,98,99,100)=(0.10,0.11,0.12,0.14 0.19,0.23,0.37,0.50,0.59 0.66,0.73,0.74,0.86), mean=0.375, stddev=0.154], oderiv-rms=[percentiles(0,1,2,5 10,20,50,80,90 95,98,99,100)=(0.004,0.005,0.006,0.006 0.007,0.007,0.009,0.01,0.01 0.01,0.02,0.02,0.02), mean=0.00931, stddev=0.00254], oderiv-count=352000
component name=tdnn4.renorm type=NormalizeComponent, input-dim=255, output-dim=256, target-rms=1, add-log-stddev=true
component name=tdnn4_stats-extraction-108-108 type=StatisticsExtractionComponent, input-dim=256, output-dim=257
component name=tdnn4_stats-pooling-108-108 type=StatisticsPoolingComponent, input-dim=257, output-dim=257
component name=tdnn5.affine type=NaturalGradientAffineComponent, input-dim=1281, output-dim=256, learning-rate=0.000399109, max-change=0.75, linear-params-rms=0.0451, linear-params-row-norms=[percentiles(0,1,2,5 10,20,50,80,90 95,98,99,100)=(0.94,0.95,0.97,0.98 1.0,1.1,1.4,2.0,2.3 2.4,2.6,2.8,3.2), mean=1.53, stddev=0.501], linear-params-col-norms=[percentiles(0,1,2,5 10,20,50,80,90 95,98,99,100)=(0.41,0.45,0.46,0.48 0.51,0.55,0.70,0.83,0.91 0.97,1.1,1.1,1.6), mean=0.703, stddev=0.161], bias-{mean,stddev}=-0.07607,0.8831, rank-in=20, rank-out=80, num-samples-history=2000, update-period=4, alpha=4
component name=tdnn5.relu type=RectifiedLinearComponent, dim=256, self-repair-scale=1e-05, count=6.72e+04, self-repaired-proportion=0.00550717, value-avg=[percentiles(0,1,2,5 10,20,50,80,90 95,98,99,100)=(0.01,0.02,0.02,0.02 0.04,0.10,0.34,0.89,1.1 1.3,1.8,2.2,3.2), mean=0.519, stddev=0.504], deriv-avg=[percentiles(0,1,2,5 10,20,50,80,90 95,98,99,100)=(0.05,0.05,0.06,0.07 0.09,0.17,0.33,0.59,0.67 0.75,0.85,0.86,0.94), mean=0.371, stddev=0.221], oderiv-rms=[percentiles(0,1,2,5 10,20,50,80,90 95,98,99,100)=(0.0002,0.0004,0.0006,0.001 0.003,0.007,0.02,0.02,0.03 0.03,0.04,0.04,0.05), mean=0.0164, stddev=0.00965], oderiv-count=95065.6
component name=tdnn5.renorm type=NormalizeComponent, input-dim=256, output-dim=256, target-rms=1, add-log-stddev=false
component name=output.affine type=NaturalGradientAffineComponent, input-dim=256, output-dim=3, learning-rate=3.99109e-05, learning-rate-factor=0.1, max-change=1.5, linear-params-rms=0.08554, linear-params-row-norms=[ 1.7 1.6 0.51 ], linear-params-col-norms=[percentiles(0,1,2,5 10,20,50,80,90 95,98,99,100)=(0.001,0.005,0.009,0.02 0.03,0.06,0.13,0.19,0.22 0.25,0.28,0.29,0.36), mean=0.13, stddev=0.0712], bias-{mean,stddev}=-1.166e-06,0.05288, rank-in=20, rank-out=2, num-samples-history=2000, update-period=4, alpha=4
component name=output.log-softmax type=LogSoftmaxComponent, dim=3, oderiv-rms=[ 0.44 0.89 0 ], oderiv-count=93184
nnet3-show-progress --use-gpu=no exp/dihard3_sad_tdnn_stats/155.raw exp/dihard3_sad_tdnn_stats/156.raw 
LOG (nnet3-show-progress[5.5.810~1-76a979]:SelectGpuId():cu-device.cc:153) Manually selected to compute on CPU.
LOG (nnet3-show-progress[5.5.810~1-76a979]:main():nnet3-show-progress.cc:143) Parameter differences per layer are [ tdnn1.affine:0.323099 tdnn2.affine:0.436194 tdnn3.affine:0.30446 tdnn4.affine:0.479667 tdnn5.affine:0.602144 output.affine:0.0261242 ]
LOG (nnet3-show-progress[5.5.810~1-76a979]:main():nnet3-show-progress.cc:153) Norms of parameter matrices from <new-nnet-in> are [ tdnn1.affine:30.4468 tdnn2.affine:47.1827 tdnn3.affine:29.9193 tdnn4.affine:31.4261 tdnn5.affine:29.466 output.affine:2.37222 ]
LOG (nnet3-show-progress[5.5.810~1-76a979]:main():nnet3-show-progress.cc:157) Relative parameter differences per layer are [ tdnn1.affine:0.0106217 tdnn2.affine:0.00925262 tdnn3.affine:0.010183 tdnn4.affine:0.015276 tdnn5.affine:0.0204546 output.affine:0.0110545 ]
# Accounting: time=0 threads=1
# Ended (code 0) at Tue Oct 13 17:46:56 EDT 2020, elapsed time 0 seconds
