# nnet3-info exp/dihard3_sad_tdnn_stats/159.raw && nnet3-show-progress --use-gpu=no exp/dihard3_sad_tdnn_stats/158.raw exp/dihard3_sad_tdnn_stats/159.raw 
# Started at Tue Oct 13 17:47:18 EDT 2020
#
nnet3-info exp/dihard3_sad_tdnn_stats/159.raw 
left-context: 24
right-context: 46
num-parameters: 1229878
modulus: 18
input-node name=input dim=40
component-node name=lda component=lda input=Append(Offset(input, -2), Offset(input, -1), input, Offset(input, 1), Offset(input, 2)) input-dim=200 output-dim=200
component-node name=tdnn1.affine component=tdnn1.affine input=lda input-dim=200 output-dim=255
component-node name=tdnn1.relu component=tdnn1.relu input=tdnn1.affine input-dim=255 output-dim=255
component-node name=tdnn1.renorm component=tdnn1.renorm input=tdnn1.relu input-dim=255 output-dim=256
component-node name=tdnn2.affine component=tdnn2.affine input=Append(Offset(tdnn1.renorm, -1), tdnn1.renorm, Offset(tdnn1.renorm, 1), Offset(tdnn1.renorm, 2)) input-dim=1024 output-dim=255
component-node name=tdnn2.relu component=tdnn2.relu input=tdnn2.affine input-dim=255 output-dim=255
component-node name=tdnn2.renorm component=tdnn2.renorm input=tdnn2.relu input-dim=255 output-dim=256
component-node name=tdnn3.affine component=tdnn3.affine input=Append(Offset(tdnn2.renorm, -3), tdnn2.renorm, Offset(tdnn2.renorm, 3), Offset(tdnn2.renorm, 6)) input-dim=1024 output-dim=255
component-node name=tdnn3.relu component=tdnn3.relu input=tdnn3.affine input-dim=255 output-dim=255
component-node name=tdnn3.renorm component=tdnn3.renorm input=tdnn3.relu input-dim=255 output-dim=256
component-node name=tdnn3_stats-extraction-99-99 component=tdnn3_stats-extraction-99-99 input=tdnn3.renorm input-dim=256 output-dim=257
component-node name=tdnn3_stats-pooling-99-99 component=tdnn3_stats-pooling-99-99 input=tdnn3_stats-extraction-99-99 input-dim=257 output-dim=257
component-node name=tdnn4.affine component=tdnn4.affine input=Append(Offset(tdnn3.renorm, -6), tdnn3.renorm, Offset(tdnn3.renorm, 6), Offset(tdnn3.renorm, 12), Round(tdnn3_stats-pooling-99-99, 9)) input-dim=1281 output-dim=255
component-node name=tdnn4.relu component=tdnn4.relu input=tdnn4.affine input-dim=255 output-dim=255
component-node name=tdnn4.renorm component=tdnn4.renorm input=tdnn4.relu input-dim=255 output-dim=256
component-node name=tdnn4_stats-extraction-108-108 component=tdnn4_stats-extraction-108-108 input=tdnn4.renorm input-dim=256 output-dim=257
component-node name=tdnn4_stats-pooling-108-108 component=tdnn4_stats-pooling-108-108 input=tdnn4_stats-extraction-108-108 input-dim=257 output-dim=257
component-node name=tdnn5.affine component=tdnn5.affine input=Append(Offset(tdnn4.renorm, -12), tdnn4.renorm, Offset(tdnn4.renorm, 12), Offset(tdnn4.renorm, 24), Round(tdnn4_stats-pooling-108-108, 18)) input-dim=1281 output-dim=256
component-node name=tdnn5.relu component=tdnn5.relu input=tdnn5.affine input-dim=256 output-dim=256
component-node name=tdnn5.renorm component=tdnn5.renorm input=tdnn5.relu input-dim=256 output-dim=256
component-node name=output.affine component=output.affine input=tdnn5.renorm input-dim=256 output-dim=3
component-node name=output.log-softmax component=output.log-softmax input=output.affine input-dim=3 output-dim=3
output-node name=output input=output.log-softmax dim=3 objective=linear
component name=lda type=FixedAffineComponent, input-dim=200, output-dim=200, linear-params-rms=0.0017, bias-{mean,stddev}=0.01236,0.1777
component name=tdnn1.affine type=NaturalGradientAffineComponent, input-dim=200, output-dim=255, learning-rate=0.000388145, max-change=0.75, linear-params-rms=0.1292, linear-params-row-norms=[percentiles(0,1,2,5 10,20,50,80,90 95,98,99,100)=(0.85,0.89,0.91,0.92 0.96,0.99,1.1,2.3,2.5 2.8,3.4,4.3,5.2), mean=1.65, stddev=0.789], linear-params-col-norms=[percentiles(0,1,2,5 10,20,50,80,90 95,98,99,100)=(1.4,1.6,1.7,1.7 1.8,1.9,2.0,2.2,2.4 2.4,2.5,2.7,3.8), mean=2.05, stddev=0.256], bias-{mean,stddev}=-0.04095,0.5601, rank-in=20, rank-out=80, num-samples-history=2000, update-period=4, alpha=4
component name=tdnn1.relu type=RectifiedLinearComponent, dim=255, self-repair-scale=1e-05, count=1.73e+06, self-repaired-proportion=0.53463, value-avg=[percentiles(0,1,2,5 10,20,50,80,90 95,98,99,100)=(0,0,0,0 0,0,0.006,0.21,0.65 0.93,1.4,1.5,1.9), mean=0.169, stddev=0.335], deriv-avg=[percentiles(0,1,2,5 10,20,50,80,90 95,98,99,100)=(0,0,0,0 0,0,0.19,1.0,1.0 1.0,1.0,1.0,1.0), mean=0.433, stddev=0.432], oderiv-rms=[percentiles(0,1,2,5 10,20,50,80,90 95,98,99,100)=(0.006,0.006,0.006,0.007 0.007,0.008,0.02,0.10,0.12 0.13,0.14,0.17,0.22), mean=0.0499, stddev=0.0479], oderiv-count=1.52635e+06
component name=tdnn1.renorm type=NormalizeComponent, input-dim=255, output-dim=256, target-rms=1, add-log-stddev=true
component name=tdnn2.affine type=NaturalGradientAffineComponent, input-dim=1024, output-dim=255, learning-rate=0.000388145, max-change=0.75, linear-params-rms=0.08735, linear-params-row-norms=[percentiles(0,1,2,5 10,20,50,80,90 95,98,99,100)=(1.0,1.0,1.0,1.1 1.1,1.2,1.6,4.0,4.7 5.3,5.8,6.3,7.0), mean=2.35, stddev=1.51], linear-params-col-norms=[percentiles(0,1,2,5 10,20,50,80,90 95,98,99,100)=(0.40,0.43,0.45,0.47 0.48,0.49,0.56,1.9,2.2 2.4,2.7,2.8,3.2), mean=1.17, stddev=0.752], bias-{mean,stddev}=-0.01734,0.9788, rank-in=20, rank-out=80, num-samples-history=2000, update-period=4, alpha=4
component name=tdnn2.relu type=RectifiedLinearComponent, dim=255, self-repair-scale=1e-05, count=5.82e+05, self-repaired-proportion=0.00410084, value-avg=[percentiles(0,1,2,5 10,20,50,80,90 95,98,99,100)=(0.01,0.02,0.02,0.03 0.04,0.06,0.20,1.0,2.1 3.0,4.0,4.8,16), mean=0.751, stddev=1.47], deriv-avg=[percentiles(0,1,2,5 10,20,50,80,90 95,98,99,100)=(0.06,0.06,0.07,0.12 0.15,0.20,0.36,0.58,0.73 0.85,0.89,0.92,1.0), mean=0.407, stddev=0.22], oderiv-rms=[percentiles(0,1,2,5 10,20,50,80,90 95,98,99,100)=(0.002,0.002,0.002,0.002 0.002,0.002,0.003,0.008,0.01 0.01,0.02,0.02,0.03), mean=0.00496, stddev=0.00438], oderiv-count=525773
component name=tdnn2.renorm type=NormalizeComponent, input-dim=255, output-dim=256, target-rms=1, add-log-stddev=true
component name=tdnn3.affine type=NaturalGradientAffineComponent, input-dim=1024, output-dim=255, learning-rate=0.000388145, max-change=0.75, linear-params-rms=0.05118, linear-params-row-norms=[percentiles(0,1,2,5 10,20,50,80,90 95,98,99,100)=(1.0,1.0,1.1,1.1 1.1,1.2,1.6,1.9,2.1 2.3,2.5,2.7,2.9), mean=1.59, stddev=0.4], linear-params-col-norms=[percentiles(0,1,2,5 10,20,50,80,90 95,98,99,100)=(0.42,0.46,0.48,0.48 0.49,0.50,0.55,1.0,1.3 1.5,1.8,1.8,2.1), mean=0.737, stddev=0.354], bias-{mean,stddev}=0.03628,0.9171, rank-in=20, rank-out=80, num-samples-history=2000, update-period=4, alpha=4
component name=tdnn3.relu type=RectifiedLinearComponent, dim=255, self-repair-scale=1e-05, count=4.78e+05, self-repaired-proportion=0, value-avg=[percentiles(0,1,2,5 10,20,50,80,90 95,98,99,100)=(0.06,0.07,0.11,0.17 0.22,0.31,0.88,1.6,2.3 2.7,3.1,3.5,4.7), mean=1.08, stddev=0.833], deriv-avg=[percentiles(0,1,2,5 10,20,50,80,90 95,98,99,100)=(0.10,0.13,0.19,0.21 0.25,0.29,0.41,0.58,0.68 0.74,0.78,0.80,0.88), mean=0.435, stddev=0.162], oderiv-rms=[percentiles(0,1,2,5 10,20,50,80,90 95,98,99,100)=(0.002,0.002,0.002,0.002 0.003,0.003,0.004,0.006,0.007 0.007,0.008,0.01,0.02), mean=0.00458, stddev=0.00194], oderiv-count=494899
component name=tdnn3.renorm type=NormalizeComponent, input-dim=255, output-dim=256, target-rms=1, add-log-stddev=true
component name=tdnn3_stats-extraction-99-99 type=StatisticsExtractionComponent, input-dim=256, output-dim=257
component name=tdnn3_stats-pooling-99-99 type=StatisticsPoolingComponent, input-dim=257, output-dim=257
component name=tdnn4.affine type=NaturalGradientAffineComponent, input-dim=1281, output-dim=255, learning-rate=0.000388145, max-change=0.75, linear-params-rms=0.04633, linear-params-row-norms=[percentiles(0,1,2,5 10,20,50,80,90 95,98,99,100)=(1.1,1.1,1.1,1.1 1.2,1.3,1.6,1.9,2.1 2.3,2.4,2.9,3.1), mean=1.62, stddev=0.369], linear-params-col-norms=[percentiles(0,1,2,5 10,20,50,80,90 95,98,99,100)=(0.42,0.44,0.45,0.46 0.47,0.50,0.69,0.89,0.97 1.1,1.2,1.3,1.8), mean=0.71, stddev=0.208], bias-{mean,stddev}=-0.04682,1.067, rank-in=20, rank-out=80, num-samples-history=2000, update-period=4, alpha=4
component name=tdnn4.relu type=RectifiedLinearComponent, dim=255, self-repair-scale=1e-05, count=3.59e+05, self-repaired-proportion=0, value-avg=[percentiles(0,1,2,5 10,20,50,80,90 95,98,99,100)=(0.04,0.08,0.09,0.11 0.18,0.25,0.50,1.1,1.4 1.6,2.2,2.5,4.4), mean=0.686, stddev=0.56], deriv-avg=[percentiles(0,1,2,5 10,20,50,80,90 95,98,99,100)=(0.11,0.11,0.12,0.14 0.19,0.23,0.37,0.50,0.59 0.66,0.72,0.74,0.86), mean=0.375, stddev=0.153], oderiv-rms=[percentiles(0,1,2,5 10,20,50,80,90 95,98,99,100)=(0.004,0.005,0.006,0.006 0.007,0.007,0.009,0.01,0.01 0.01,0.02,0.02,0.02), mean=0.00953, stddev=0.00262], oderiv-count=358080
component name=tdnn4.renorm type=NormalizeComponent, input-dim=255, output-dim=256, target-rms=1, add-log-stddev=true
component name=tdnn4_stats-extraction-108-108 type=StatisticsExtractionComponent, input-dim=256, output-dim=257
component name=tdnn4_stats-pooling-108-108 type=StatisticsPoolingComponent, input-dim=257, output-dim=257
component name=tdnn5.affine type=NaturalGradientAffineComponent, input-dim=1281, output-dim=256, learning-rate=0.000388145, max-change=0.75, linear-params-rms=0.04525, linear-params-row-norms=[percentiles(0,1,2,5 10,20,50,80,90 95,98,99,100)=(0.94,0.95,0.97,0.98 1.0,1.1,1.4,2.1,2.3 2.4,2.6,2.8,3.2), mean=1.54, stddev=0.503], linear-params-col-norms=[percentiles(0,1,2,5 10,20,50,80,90 95,98,99,100)=(0.41,0.45,0.46,0.48 0.51,0.55,0.70,0.84,0.91 0.97,1.1,1.1,1.6), mean=0.706, stddev=0.162], bias-{mean,stddev}=-0.0761,0.8831, rank-in=20, rank-out=80, num-samples-history=2000, update-period=4, alpha=4
component name=tdnn5.relu type=RectifiedLinearComponent, dim=256, self-repair-scale=1e-05, count=6.5e+04, self-repaired-proportion=0.00538171, value-avg=[percentiles(0,1,2,5 10,20,50,80,90 95,98,99,100)=(0.02,0.02,0.02,0.02 0.05,0.10,0.34,0.89,1.1 1.3,1.8,2.1,3.2), mean=0.512, stddev=0.492], deriv-avg=[percentiles(0,1,2,5 10,20,50,80,90 95,98,99,100)=(0.05,0.05,0.06,0.07 0.09,0.16,0.33,0.59,0.67 0.74,0.84,0.85,0.94), mean=0.37, stddev=0.22], oderiv-rms=[percentiles(0,1,2,5 10,20,50,80,90 95,98,99,100)=(0.0002,0.0005,0.0007,0.001 0.003,0.007,0.02,0.02,0.03 0.03,0.04,0.04,0.05), mean=0.0164, stddev=0.00963], oderiv-count=101606
component name=tdnn5.renorm type=NormalizeComponent, input-dim=256, output-dim=256, target-rms=1, add-log-stddev=false
component name=output.affine type=NaturalGradientAffineComponent, input-dim=256, output-dim=3, learning-rate=3.88145e-05, learning-rate-factor=0.1, max-change=1.5, linear-params-rms=0.08677, linear-params-row-norms=[ 1.7 1.6 0.51 ], linear-params-col-norms=[percentiles(0,1,2,5 10,20,50,80,90 95,98,99,100)=(0.002,0.006,0.008,0.02 0.03,0.06,0.13,0.20,0.22 0.25,0.28,0.29,0.37), mean=0.132, stddev=0.072], bias-{mean,stddev}=-1.198e-06,0.05365, rank-in=20, rank-out=2, num-samples-history=2000, update-period=4, alpha=4
component name=output.log-softmax type=LogSoftmaxComponent, dim=3, oderiv-rms=[ 0.44 0.89 0 ], oderiv-count=95513.6
nnet3-show-progress --use-gpu=no exp/dihard3_sad_tdnn_stats/158.raw exp/dihard3_sad_tdnn_stats/159.raw 
LOG (nnet3-show-progress[5.5.810~1-76a979]:SelectGpuId():cu-device.cc:153) Manually selected to compute on CPU.
LOG (nnet3-show-progress[5.5.810~1-76a979]:main():nnet3-show-progress.cc:143) Parameter differences per layer are [ tdnn1.affine:0.328542 tdnn2.affine:0.44578 tdnn3.affine:0.308639 tdnn4.affine:0.472238 tdnn5.affine:0.596037 output.affine:0.0300607 ]
LOG (nnet3-show-progress[5.5.810~1-76a979]:main():nnet3-show-progress.cc:153) Norms of parameter matrices from <new-nnet-in> are [ tdnn1.affine:30.5246 tdnn2.affine:47.2921 tdnn3.affine:29.9806 tdnn4.affine:31.4982 tdnn5.affine:29.5412 output.affine:2.40657 ]
LOG (nnet3-show-progress[5.5.810~1-76a979]:main():nnet3-show-progress.cc:157) Relative parameter differences per layer are [ tdnn1.affine:0.0107725 tdnn2.affine:0.00943372 tdnn3.affine:0.0103015 tdnn4.affine:0.0150037 tdnn5.affine:0.0201919 output.affine:0.0125624 ]
# Accounting: time=0 threads=1
# Ended (code 0) at Tue Oct 13 17:47:18 EDT 2020, elapsed time 0 seconds
