# nnet3-info exp/dihard3_sad_tdnn_stats/90.raw && nnet3-show-progress --use-gpu=no exp/dihard3_sad_tdnn_stats/89.raw exp/dihard3_sad_tdnn_stats/90.raw 
# Started at Tue Oct 13 17:38:49 EDT 2020
#
nnet3-info exp/dihard3_sad_tdnn_stats/90.raw 
left-context: 24
right-context: 46
num-parameters: 1229878
modulus: 18
input-node name=input dim=40
component-node name=lda component=lda input=Append(Offset(input, -2), Offset(input, -1), input, Offset(input, 1), Offset(input, 2)) input-dim=200 output-dim=200
component-node name=tdnn1.affine component=tdnn1.affine input=lda input-dim=200 output-dim=255
component-node name=tdnn1.relu component=tdnn1.relu input=tdnn1.affine input-dim=255 output-dim=255
component-node name=tdnn1.renorm component=tdnn1.renorm input=tdnn1.relu input-dim=255 output-dim=256
component-node name=tdnn2.affine component=tdnn2.affine input=Append(Offset(tdnn1.renorm, -1), tdnn1.renorm, Offset(tdnn1.renorm, 1), Offset(tdnn1.renorm, 2)) input-dim=1024 output-dim=255
component-node name=tdnn2.relu component=tdnn2.relu input=tdnn2.affine input-dim=255 output-dim=255
component-node name=tdnn2.renorm component=tdnn2.renorm input=tdnn2.relu input-dim=255 output-dim=256
component-node name=tdnn3.affine component=tdnn3.affine input=Append(Offset(tdnn2.renorm, -3), tdnn2.renorm, Offset(tdnn2.renorm, 3), Offset(tdnn2.renorm, 6)) input-dim=1024 output-dim=255
component-node name=tdnn3.relu component=tdnn3.relu input=tdnn3.affine input-dim=255 output-dim=255
component-node name=tdnn3.renorm component=tdnn3.renorm input=tdnn3.relu input-dim=255 output-dim=256
component-node name=tdnn3_stats-extraction-99-99 component=tdnn3_stats-extraction-99-99 input=tdnn3.renorm input-dim=256 output-dim=257
component-node name=tdnn3_stats-pooling-99-99 component=tdnn3_stats-pooling-99-99 input=tdnn3_stats-extraction-99-99 input-dim=257 output-dim=257
component-node name=tdnn4.affine component=tdnn4.affine input=Append(Offset(tdnn3.renorm, -6), tdnn3.renorm, Offset(tdnn3.renorm, 6), Offset(tdnn3.renorm, 12), Round(tdnn3_stats-pooling-99-99, 9)) input-dim=1281 output-dim=255
component-node name=tdnn4.relu component=tdnn4.relu input=tdnn4.affine input-dim=255 output-dim=255
component-node name=tdnn4.renorm component=tdnn4.renorm input=tdnn4.relu input-dim=255 output-dim=256
component-node name=tdnn4_stats-extraction-108-108 component=tdnn4_stats-extraction-108-108 input=tdnn4.renorm input-dim=256 output-dim=257
component-node name=tdnn4_stats-pooling-108-108 component=tdnn4_stats-pooling-108-108 input=tdnn4_stats-extraction-108-108 input-dim=257 output-dim=257
component-node name=tdnn5.affine component=tdnn5.affine input=Append(Offset(tdnn4.renorm, -12), tdnn4.renorm, Offset(tdnn4.renorm, 12), Offset(tdnn4.renorm, 24), Round(tdnn4_stats-pooling-108-108, 18)) input-dim=1281 output-dim=256
component-node name=tdnn5.relu component=tdnn5.relu input=tdnn5.affine input-dim=256 output-dim=256
component-node name=tdnn5.renorm component=tdnn5.renorm input=tdnn5.relu input-dim=256 output-dim=256
component-node name=output.affine component=output.affine input=tdnn5.renorm input-dim=256 output-dim=3
component-node name=output.log-softmax component=output.log-softmax input=output.affine input-dim=3 output-dim=3
output-node name=output input=output.log-softmax dim=3 objective=linear
component name=lda type=FixedAffineComponent, input-dim=200, output-dim=200, linear-params-rms=0.0017, bias-{mean,stddev}=0.01236,0.1777
component name=tdnn1.affine type=NaturalGradientAffineComponent, input-dim=200, output-dim=255, learning-rate=0.000736581, max-change=0.75, linear-params-rms=0.1129, linear-params-row-norms=[percentiles(0,1,2,5 10,20,50,80,90 95,98,99,100)=(0.85,0.89,0.91,0.92 0.96,0.99,1.1,2.0,2.1 2.3,2.8,3.9,4.7), mean=1.47, stddev=0.617], linear-params-col-norms=[percentiles(0,1,2,5 10,20,50,80,90 95,98,99,100)=(1.3,1.4,1.4,1.5 1.5,1.6,1.7,1.9,2.1 2.2,2.2,2.5,3.6), mean=1.79, stddev=0.249], bias-{mean,stddev}=-0.05659,0.6733, rank-in=20, rank-out=80, num-samples-history=2000, update-period=4, alpha=4
component name=tdnn1.relu type=RectifiedLinearComponent, dim=255, self-repair-scale=1e-05, count=1.91e+06, self-repaired-proportion=0.647375, value-avg=[percentiles(0,1,2,5 10,20,50,80,90 95,98,99,100)=(0,0,0,0 0,0,0.004,0.38,0.82 1.1,1.6,1.7,2.1), mean=0.212, stddev=0.398], deriv-avg=[percentiles(0,1,2,5 10,20,50,80,90 95,98,99,100)=(0,0,0,0 0,0,0.12,1.0,1.0 1.0,1.0,1.0,1.0), mean=0.436, stddev=0.451], oderiv-rms=[percentiles(0,1,2,5 10,20,50,80,90 95,98,99,100)=(0.004,0.004,0.005,0.005 0.005,0.006,0.01,0.08,0.09 0.11,0.12,0.14,0.18), mean=0.0397, stddev=0.0388], oderiv-count=1.64634e+06
component name=tdnn1.renorm type=NormalizeComponent, input-dim=255, output-dim=256, target-rms=1, add-log-stddev=true
component name=tdnn2.affine type=NaturalGradientAffineComponent, input-dim=1024, output-dim=255, learning-rate=0.000736581, max-change=0.75, linear-params-rms=0.07849, linear-params-row-norms=[percentiles(0,1,2,5 10,20,50,80,90 95,98,99,100)=(0.98,1.0,1.0,1.0 1.0,1.1,1.4,3.5,4.2 4.8,5.3,5.8,6.8), mean=2.11, stddev=1.36], linear-params-col-norms=[percentiles(0,1,2,5 10,20,50,80,90 95,98,99,100)=(0.40,0.43,0.45,0.47 0.48,0.49,0.54,1.7,2.0 2.2,2.4,2.5,2.8), mean=1.07, stddev=0.653], bias-{mean,stddev}=-0.01723,0.979, rank-in=20, rank-out=80, num-samples-history=2000, update-period=4, alpha=4
component name=tdnn2.relu type=RectifiedLinearComponent, dim=255, self-repair-scale=1e-05, count=5.81e+05, self-repaired-proportion=0.00645638, value-avg=[percentiles(0,1,2,5 10,20,50,80,90 95,98,99,100)=(0.004,0.008,0.01,0.01 0.02,0.03,0.13,1.1,1.9 3.1,3.7,4.3,19), mean=0.692, stddev=1.52], deriv-avg=[percentiles(0,1,2,5 10,20,50,80,90 95,98,99,100)=(0.05,0.06,0.07,0.09 0.13,0.16,0.32,0.64,0.79 0.88,0.91,0.93,1.0), mean=0.394, stddev=0.246], oderiv-rms=[percentiles(0,1,2,5 10,20,50,80,90 95,98,99,100)=(0.001,0.001,0.001,0.001 0.001,0.002,0.002,0.007,0.01 0.01,0.02,0.02,0.02), mean=0.00416, stddev=0.00417], oderiv-count=502272
component name=tdnn2.renorm type=NormalizeComponent, input-dim=255, output-dim=256, target-rms=1, add-log-stddev=true
component name=tdnn3.affine type=NaturalGradientAffineComponent, input-dim=1024, output-dim=255, learning-rate=0.000736581, max-change=0.75, linear-params-rms=0.0462, linear-params-row-norms=[percentiles(0,1,2,5 10,20,50,80,90 95,98,99,100)=(0.97,1.0,1.0,1.0 1.0,1.1,1.4,1.7,1.9 2.1,2.3,2.4,2.7), mean=1.44, stddev=0.349], linear-params-col-norms=[percentiles(0,1,2,5 10,20,50,80,90 95,98,99,100)=(0.42,0.45,0.47,0.47 0.48,0.49,0.53,0.88,1.1 1.4,1.6,1.7,1.9), mean=0.676, stddev=0.295], bias-{mean,stddev}=0.03641,0.9176, rank-in=20, rank-out=80, num-samples-history=2000, update-period=4, alpha=4
component name=tdnn3.relu type=RectifiedLinearComponent, dim=255, self-repair-scale=1e-05, count=5.72e+05, self-repaired-proportion=0, value-avg=[percentiles(0,1,2,5 10,20,50,80,90 95,98,99,100)=(0.03,0.04,0.07,0.10 0.14,0.21,0.78,1.6,2.2 2.7,3.3,3.5,4.1), mean=0.988, stddev=0.851], deriv-avg=[percentiles(0,1,2,5 10,20,50,80,90 95,98,99,100)=(0.08,0.14,0.15,0.17 0.22,0.26,0.40,0.63,0.74 0.79,0.82,0.86,0.90), mean=0.44, stddev=0.19], oderiv-rms=[percentiles(0,1,2,5 10,20,50,80,90 95,98,99,100)=(0.002,0.002,0.002,0.002 0.002,0.002,0.003,0.005,0.006 0.006,0.007,0.009,0.02), mean=0.00362, stddev=0.00186], oderiv-count=492595
component name=tdnn3.renorm type=NormalizeComponent, input-dim=255, output-dim=256, target-rms=1, add-log-stddev=true
component name=tdnn3_stats-extraction-99-99 type=StatisticsExtractionComponent, input-dim=256, output-dim=257
component name=tdnn3_stats-pooling-99-99 type=StatisticsPoolingComponent, input-dim=257, output-dim=257
component name=tdnn4.affine type=NaturalGradientAffineComponent, input-dim=1281, output-dim=255, learning-rate=0.000736581, max-change=0.75, linear-params-rms=0.04091, linear-params-row-norms=[percentiles(0,1,2,5 10,20,50,80,90 95,98,99,100)=(1.0,1.0,1.0,1.0 1.1,1.1,1.4,1.6,1.8 2.1,2.2,2.5,2.8), mean=1.43, stddev=0.321], linear-params-col-norms=[percentiles(0,1,2,5 10,20,50,80,90 95,98,99,100)=(0.40,0.42,0.43,0.44 0.45,0.47,0.60,0.77,0.85 0.94,1.1,1.1,1.7), mean=0.63, stddev=0.172], bias-{mean,stddev}=-0.04693,1.067, rank-in=20, rank-out=80, num-samples-history=2000, update-period=4, alpha=4
component name=tdnn4.relu type=RectifiedLinearComponent, dim=255, self-repair-scale=1e-05, count=3.07e+05, self-repaired-proportion=0, value-avg=[percentiles(0,1,2,5 10,20,50,80,90 95,98,99,100)=(0.02,0.05,0.06,0.08 0.13,0.21,0.49,1.1,1.5 1.8,2.1,2.7,4.5), mean=0.691, stddev=0.603], deriv-avg=[percentiles(0,1,2,5 10,20,50,80,90 95,98,99,100)=(0.06,0.09,0.11,0.13 0.17,0.23,0.36,0.52,0.60 0.68,0.74,0.79,0.90), mean=0.382, stddev=0.166], oderiv-rms=[percentiles(0,1,2,5 10,20,50,80,90 95,98,99,100)=(0.003,0.003,0.003,0.004 0.004,0.004,0.006,0.008,0.01 0.01,0.01,0.01,0.02), mean=0.00632, stddev=0.00244], oderiv-count=372800
component name=tdnn4.renorm type=NormalizeComponent, input-dim=255, output-dim=256, target-rms=1, add-log-stddev=true
component name=tdnn4_stats-extraction-108-108 type=StatisticsExtractionComponent, input-dim=256, output-dim=257
component name=tdnn4_stats-pooling-108-108 type=StatisticsPoolingComponent, input-dim=257, output-dim=257
component name=tdnn5.affine type=NaturalGradientAffineComponent, input-dim=1281, output-dim=256, learning-rate=0.000736581, max-change=0.75, linear-params-rms=0.03933, linear-params-row-norms=[percentiles(0,1,2,5 10,20,50,80,90 95,98,99,100)=(0.95,0.95,0.96,0.97 0.99,1.0,1.2,1.8,2.0 2.1,2.2,2.4,2.8), mean=1.35, stddev=0.403], linear-params-col-norms=[percentiles(0,1,2,5 10,20,50,80,90 95,98,99,100)=(0.40,0.43,0.44,0.45 0.46,0.49,0.60,0.72,0.79 0.85,0.94,0.98,1.4), mean=0.615, stddev=0.135], bias-{mean,stddev}=-0.0756,0.8832, rank-in=20, rank-out=80, num-samples-history=2000, update-period=4, alpha=4
component name=tdnn5.relu type=RectifiedLinearComponent, dim=256, self-repair-scale=1e-05, count=6.35e+04, self-repaired-proportion=0.023036, value-avg=[percentiles(0,1,2,5 10,20,50,80,90 95,98,99,100)=(0.001,0.02,0.02,0.02 0.02,0.07,0.35,1.2,1.6 1.9,2.1,2.8,3.8), mean=0.636, stddev=0.674], deriv-avg=[percentiles(0,1,2,5 10,20,50,80,90 95,98,99,100)=(0.006,0.05,0.06,0.06 0.08,0.15,0.35,0.70,0.81 0.87,0.92,0.94,0.99), mean=0.411, stddev=0.268], oderiv-rms=[percentiles(0,1,2,5 10,20,50,80,90 95,98,99,100)=(2e-05,0.0002,0.0003,0.0007 0.002,0.003,0.01,0.02,0.02 0.02,0.03,0.03,0.04), mean=0.0106, stddev=0.00767], oderiv-count=96409.6
component name=tdnn5.renorm type=NormalizeComponent, input-dim=256, output-dim=256, target-rms=1, add-log-stddev=false
component name=output.affine type=NaturalGradientAffineComponent, input-dim=256, output-dim=3, learning-rate=7.36581e-05, learning-rate-factor=0.1, max-change=1.5, linear-params-rms=0.05835, linear-params-row-norms=[ 1.1 1.1 0.46 ], linear-params-col-norms=[percentiles(0,1,2,5 10,20,50,80,90 95,98,99,100)=(0.0001,0.001,0.004,0.006 0.02,0.03,0.08,0.12,0.16 0.19,0.21,0.24,0.29), mean=0.0837, stddev=0.0567], bias-{mean,stddev}=-6.78e-07,0.03417, rank-in=20, rank-out=2, num-samples-history=2000, update-period=4, alpha=4
component name=output.log-softmax type=LogSoftmaxComponent, dim=3, oderiv-rms=[ 0.44 0.89 0 ], oderiv-count=105101
nnet3-show-progress --use-gpu=no exp/dihard3_sad_tdnn_stats/89.raw exp/dihard3_sad_tdnn_stats/90.raw 
LOG (nnet3-show-progress[5.5.810~1-76a979]:SelectGpuId():cu-device.cc:153) Manually selected to compute on CPU.
LOG (nnet3-show-progress[5.5.810~1-76a979]:main():nnet3-show-progress.cc:143) Parameter differences per layer are [ tdnn1.affine:0.494303 tdnn2.affine:0.768638 tdnn3.affine:0.476918 tdnn4.affine:0.651934 tdnn5.affine:0.830717 output.affine:0.0454447 ]
LOG (nnet3-show-progress[5.5.810~1-76a979]:main():nnet3-show-progress.cc:153) Norms of parameter matrices from <new-nnet-in> are [ tdnn1.affine:27.6935 tdnn2.affine:43.0504 tdnn3.affine:27.7901 tdnn4.affine:28.942 tdnn5.affine:26.6171 output.affine:1.618 ]
LOG (nnet3-show-progress[5.5.810~1-76a979]:main():nnet3-show-progress.cc:157) Relative parameter differences per layer are [ tdnn1.affine:0.0178917 tdnn2.affine:0.0178943 tdnn3.affine:0.0171924 tdnn4.affine:0.02257 tdnn5.affine:0.0312837 output.affine:0.028299 ]
# Accounting: time=0 threads=1
# Ended (code 0) at Tue Oct 13 17:38:49 EDT 2020, elapsed time 0 seconds
