# nnet3-info exp/dihard3_sad_tdnn_stats/173.raw && nnet3-show-progress --use-gpu=no exp/dihard3_sad_tdnn_stats/172.raw exp/dihard3_sad_tdnn_stats/173.raw 
# Started at Tue Oct 13 17:49:02 EDT 2020
#
nnet3-info exp/dihard3_sad_tdnn_stats/173.raw 
left-context: 24
right-context: 46
num-parameters: 1229878
modulus: 18
input-node name=input dim=40
component-node name=lda component=lda input=Append(Offset(input, -2), Offset(input, -1), input, Offset(input, 1), Offset(input, 2)) input-dim=200 output-dim=200
component-node name=tdnn1.affine component=tdnn1.affine input=lda input-dim=200 output-dim=255
component-node name=tdnn1.relu component=tdnn1.relu input=tdnn1.affine input-dim=255 output-dim=255
component-node name=tdnn1.renorm component=tdnn1.renorm input=tdnn1.relu input-dim=255 output-dim=256
component-node name=tdnn2.affine component=tdnn2.affine input=Append(Offset(tdnn1.renorm, -1), tdnn1.renorm, Offset(tdnn1.renorm, 1), Offset(tdnn1.renorm, 2)) input-dim=1024 output-dim=255
component-node name=tdnn2.relu component=tdnn2.relu input=tdnn2.affine input-dim=255 output-dim=255
component-node name=tdnn2.renorm component=tdnn2.renorm input=tdnn2.relu input-dim=255 output-dim=256
component-node name=tdnn3.affine component=tdnn3.affine input=Append(Offset(tdnn2.renorm, -3), tdnn2.renorm, Offset(tdnn2.renorm, 3), Offset(tdnn2.renorm, 6)) input-dim=1024 output-dim=255
component-node name=tdnn3.relu component=tdnn3.relu input=tdnn3.affine input-dim=255 output-dim=255
component-node name=tdnn3.renorm component=tdnn3.renorm input=tdnn3.relu input-dim=255 output-dim=256
component-node name=tdnn3_stats-extraction-99-99 component=tdnn3_stats-extraction-99-99 input=tdnn3.renorm input-dim=256 output-dim=257
component-node name=tdnn3_stats-pooling-99-99 component=tdnn3_stats-pooling-99-99 input=tdnn3_stats-extraction-99-99 input-dim=257 output-dim=257
component-node name=tdnn4.affine component=tdnn4.affine input=Append(Offset(tdnn3.renorm, -6), tdnn3.renorm, Offset(tdnn3.renorm, 6), Offset(tdnn3.renorm, 12), Round(tdnn3_stats-pooling-99-99, 9)) input-dim=1281 output-dim=255
component-node name=tdnn4.relu component=tdnn4.relu input=tdnn4.affine input-dim=255 output-dim=255
component-node name=tdnn4.renorm component=tdnn4.renorm input=tdnn4.relu input-dim=255 output-dim=256
component-node name=tdnn4_stats-extraction-108-108 component=tdnn4_stats-extraction-108-108 input=tdnn4.renorm input-dim=256 output-dim=257
component-node name=tdnn4_stats-pooling-108-108 component=tdnn4_stats-pooling-108-108 input=tdnn4_stats-extraction-108-108 input-dim=257 output-dim=257
component-node name=tdnn5.affine component=tdnn5.affine input=Append(Offset(tdnn4.renorm, -12), tdnn4.renorm, Offset(tdnn4.renorm, 12), Offset(tdnn4.renorm, 24), Round(tdnn4_stats-pooling-108-108, 18)) input-dim=1281 output-dim=256
component-node name=tdnn5.relu component=tdnn5.relu input=tdnn5.affine input-dim=256 output-dim=256
component-node name=tdnn5.renorm component=tdnn5.renorm input=tdnn5.relu input-dim=256 output-dim=256
component-node name=output.affine component=output.affine input=tdnn5.renorm input-dim=256 output-dim=3
component-node name=output.log-softmax component=output.log-softmax input=output.affine input-dim=3 output-dim=3
output-node name=output input=output.log-softmax dim=3 objective=linear
component name=lda type=FixedAffineComponent, input-dim=200, output-dim=200, linear-params-rms=0.0017, bias-{mean,stddev}=0.01236,0.1777
component name=tdnn1.affine type=NaturalGradientAffineComponent, input-dim=200, output-dim=255, learning-rate=0.000340834, max-change=0.75, linear-params-rms=0.1308, linear-params-row-norms=[percentiles(0,1,2,5 10,20,50,80,90 95,98,99,100)=(0.85,0.89,0.91,0.93 0.96,0.99,1.1,2.3,2.6 2.8,3.5,4.4,5.2), mean=1.67, stddev=0.805], linear-params-col-norms=[percentiles(0,1,2,5 10,20,50,80,90 95,98,99,100)=(1.4,1.6,1.7,1.8 1.8,1.9,2.0,2.2,2.4 2.4,2.6,2.7,3.8), mean=2.07, stddev=0.255], bias-{mean,stddev}=-0.03909,0.547, rank-in=20, rank-out=80, num-samples-history=2000, update-period=4, alpha=4
component name=tdnn1.relu type=RectifiedLinearComponent, dim=255, self-repair-scale=1e-05, count=1.89e+06, self-repaired-proportion=0.527153, value-avg=[percentiles(0,1,2,5 10,20,50,80,90 95,98,99,100)=(0,0,0,0 0,0,0.006,0.18,0.63 0.91,1.3,1.5,1.9), mean=0.165, stddev=0.328], deriv-avg=[percentiles(0,1,2,5 10,20,50,80,90 95,98,99,100)=(0,0,0,0 0,0,0.20,0.99,1.0 1.0,1.0,1.0,1.0), mean=0.433, stddev=0.429], oderiv-rms=[percentiles(0,1,2,5 10,20,50,80,90 95,98,99,100)=(0.006,0.006,0.007,0.007 0.007,0.008,0.02,0.09,0.12 0.13,0.14,0.17,0.22), mean=0.0495, stddev=0.0473], oderiv-count=1.58634e+06
component name=tdnn1.renorm type=NormalizeComponent, input-dim=255, output-dim=256, target-rms=1, add-log-stddev=true
component name=tdnn2.affine type=NaturalGradientAffineComponent, input-dim=1024, output-dim=255, learning-rate=0.000340834, max-change=0.75, linear-params-rms=0.0881, linear-params-row-norms=[percentiles(0,1,2,5 10,20,50,80,90 95,98,99,100)=(1.0,1.0,1.0,1.1 1.1,1.2,1.7,4.1,4.7 5.3,5.9,6.3,7.0), mean=2.37, stddev=1.52], linear-params-col-norms=[percentiles(0,1,2,5 10,20,50,80,90 95,98,99,100)=(0.40,0.43,0.45,0.47 0.48,0.49,0.57,2.0,2.2 2.4,2.7,2.8,3.2), mean=1.18, stddev=0.76], bias-{mean,stddev}=-0.01736,0.9788, rank-in=20, rank-out=80, num-samples-history=2000, update-period=4, alpha=4
component name=tdnn2.relu type=RectifiedLinearComponent, dim=255, self-repair-scale=1e-05, count=4.75e+05, self-repaired-proportion=0.00473211, value-avg=[percentiles(0,1,2,5 10,20,50,80,90 95,98,99,100)=(0.01,0.02,0.02,0.03 0.04,0.07,0.21,1.1,2.2 3.0,3.9,4.8,16), mean=0.754, stddev=1.45], deriv-avg=[percentiles(0,1,2,5 10,20,50,80,90 95,98,99,100)=(0.06,0.06,0.08,0.12 0.15,0.21,0.36,0.59,0.73 0.85,0.89,0.92,1.0), mean=0.409, stddev=0.219], oderiv-rms=[percentiles(0,1,2,5 10,20,50,80,90 95,98,99,100)=(0.002,0.002,0.002,0.002 0.002,0.002,0.003,0.008,0.01 0.01,0.02,0.02,0.02), mean=0.00494, stddev=0.00424], oderiv-count=493517
component name=tdnn2.renorm type=NormalizeComponent, input-dim=255, output-dim=256, target-rms=1, add-log-stddev=true
component name=tdnn3.affine type=NaturalGradientAffineComponent, input-dim=1024, output-dim=255, learning-rate=0.000340834, max-change=0.75, linear-params-rms=0.05171, linear-params-row-norms=[percentiles(0,1,2,5 10,20,50,80,90 95,98,99,100)=(1.0,1.0,1.1,1.1 1.1,1.2,1.6,1.9,2.1 2.3,2.5,2.7,2.9), mean=1.6, stddev=0.403], linear-params-col-norms=[percentiles(0,1,2,5 10,20,50,80,90 95,98,99,100)=(0.42,0.46,0.48,0.48 0.49,0.50,0.56,1.0,1.3 1.5,1.8,1.9,2.1), mean=0.744, stddev=0.359], bias-{mean,stddev}=0.03626,0.9171, rank-in=20, rank-out=80, num-samples-history=2000, update-period=4, alpha=4
component name=tdnn3.relu type=RectifiedLinearComponent, dim=255, self-repair-scale=1e-05, count=6e+05, self-repaired-proportion=0, value-avg=[percentiles(0,1,2,5 10,20,50,80,90 95,98,99,100)=(0.07,0.07,0.11,0.18 0.22,0.31,0.87,1.6,2.3 2.6,3.0,3.5,4.6), mean=1.08, stddev=0.827], deriv-avg=[percentiles(0,1,2,5 10,20,50,80,90 95,98,99,100)=(0.11,0.12,0.20,0.22 0.25,0.29,0.41,0.58,0.67 0.74,0.78,0.79,0.88), mean=0.433, stddev=0.16], oderiv-rms=[percentiles(0,1,2,5 10,20,50,80,90 95,98,99,100)=(0.002,0.002,0.002,0.003 0.003,0.003,0.005,0.006,0.007 0.008,0.008,0.01,0.02), mean=0.00477, stddev=0.00194], oderiv-count=514714
component name=tdnn3.renorm type=NormalizeComponent, input-dim=255, output-dim=256, target-rms=1, add-log-stddev=true
component name=tdnn3_stats-extraction-99-99 type=StatisticsExtractionComponent, input-dim=256, output-dim=257
component name=tdnn3_stats-pooling-99-99 type=StatisticsPoolingComponent, input-dim=257, output-dim=257
component name=tdnn4.affine type=NaturalGradientAffineComponent, input-dim=1281, output-dim=255, learning-rate=0.000340834, max-change=0.75, linear-params-rms=0.04693, linear-params-row-norms=[percentiles(0,1,2,5 10,20,50,80,90 95,98,99,100)=(1.1,1.1,1.1,1.2 1.2,1.3,1.6,1.9,2.1 2.3,2.5,2.9,3.2), mean=1.64, stddev=0.369], linear-params-col-norms=[percentiles(0,1,2,5 10,20,50,80,90 95,98,99,100)=(0.42,0.44,0.45,0.46 0.48,0.51,0.70,0.90,0.98 1.1,1.2,1.3,1.9), mean=0.719, stddev=0.211], bias-{mean,stddev}=-0.04681,1.067, rank-in=20, rank-out=80, num-samples-history=2000, update-period=4, alpha=4
component name=tdnn4.relu type=RectifiedLinearComponent, dim=255, self-repair-scale=1e-05, count=4.07e+05, self-repaired-proportion=0, value-avg=[percentiles(0,1,2,5 10,20,50,80,90 95,98,99,100)=(0.04,0.08,0.10,0.11 0.18,0.27,0.51,1.0,1.4 1.6,2.1,2.4,4.4), mean=0.679, stddev=0.548], deriv-avg=[percentiles(0,1,2,5 10,20,50,80,90 95,98,99,100)=(0.11,0.11,0.12,0.14 0.19,0.23,0.37,0.50,0.59 0.66,0.72,0.73,0.85), mean=0.374, stddev=0.153], oderiv-rms=[percentiles(0,1,2,5 10,20,50,80,90 95,98,99,100)=(0.004,0.005,0.006,0.007 0.007,0.008,0.01,0.01,0.01 0.01,0.02,0.02,0.02), mean=0.01, stddev=0.00251], oderiv-count=354880
component name=tdnn4.renorm type=NormalizeComponent, input-dim=255, output-dim=256, target-rms=1, add-log-stddev=true
component name=tdnn4_stats-extraction-108-108 type=StatisticsExtractionComponent, input-dim=256, output-dim=257
component name=tdnn4_stats-pooling-108-108 type=StatisticsPoolingComponent, input-dim=257, output-dim=257
component name=tdnn5.affine type=NaturalGradientAffineComponent, input-dim=1281, output-dim=256, learning-rate=0.000340834, max-change=0.75, linear-params-rms=0.04592, linear-params-row-norms=[percentiles(0,1,2,5 10,20,50,80,90 95,98,99,100)=(0.94,0.95,0.97,0.98 1.0,1.1,1.4,2.1,2.3 2.5,2.6,2.8,3.2), mean=1.56, stddev=0.51], linear-params-col-norms=[percentiles(0,1,2,5 10,20,50,80,90 95,98,99,100)=(0.41,0.45,0.46,0.49 0.51,0.56,0.71,0.85,0.93 0.98,1.1,1.1,1.6), mean=0.716, stddev=0.163], bias-{mean,stddev}=-0.07623,0.883, rank-in=20, rank-out=80, num-samples-history=2000, update-period=4, alpha=4
component name=tdnn5.relu type=RectifiedLinearComponent, dim=256, self-repair-scale=1e-05, count=6.49e+04, self-repaired-proportion=0.00512197, value-avg=[percentiles(0,1,2,5 10,20,50,80,90 95,98,99,100)=(0.01,0.02,0.02,0.03 0.04,0.10,0.33,0.80,1.1 1.2,1.7,1.9,3.0), mean=0.486, stddev=0.463], deriv-avg=[percentiles(0,1,2,5 10,20,50,80,90 95,98,99,100)=(0.05,0.05,0.06,0.07 0.09,0.16,0.32,0.56,0.64 0.72,0.83,0.85,0.93), mean=0.362, stddev=0.212], oderiv-rms=[percentiles(0,1,2,5 10,20,50,80,90 95,98,99,100)=(0.0003,0.0005,0.0009,0.001 0.003,0.008,0.02,0.03,0.03 0.03,0.04,0.04,0.05), mean=0.0175, stddev=0.01], oderiv-count=107430
component name=tdnn5.renorm type=NormalizeComponent, input-dim=256, output-dim=256, target-rms=1, add-log-stddev=false
component name=output.affine type=NaturalGradientAffineComponent, input-dim=256, output-dim=3, learning-rate=3.40834e-05, learning-rate-factor=0.1, max-change=1.5, linear-params-rms=0.09211, linear-params-row-norms=[ 1.8 1.7 0.52 ], linear-params-col-norms=[percentiles(0,1,2,5 10,20,50,80,90 95,98,99,100)=(0.002,0.007,0.01,0.02 0.03,0.07,0.14,0.20,0.23 0.26,0.29,0.30,0.39), mean=0.141, stddev=0.075], bias-{mean,stddev}=-1.241e-06,0.05695, rank-in=20, rank-out=2, num-samples-history=2000, update-period=4, alpha=4
component name=output.log-softmax type=LogSoftmaxComponent, dim=3, oderiv-rms=[ 0.44 0.89 0 ], oderiv-count=104922
nnet3-show-progress --use-gpu=no exp/dihard3_sad_tdnn_stats/172.raw exp/dihard3_sad_tdnn_stats/173.raw 
LOG (nnet3-show-progress[5.5.810~1-76a979]:SelectGpuId():cu-device.cc:153) Manually selected to compute on CPU.
LOG (nnet3-show-progress[5.5.810~1-76a979]:main():nnet3-show-progress.cc:143) Parameter differences per layer are [ tdnn1.affine:0.2845 tdnn2.affine:0.39115 tdnn3.affine:0.272215 tdnn4.affine:0.436599 tdnn5.affine:0.541029 output.affine:0.022314 ]
LOG (nnet3-show-progress[5.5.810~1-76a979]:main():nnet3-show-progress.cc:153) Norms of parameter matrices from <new-nnet-in> are [ tdnn1.affine:30.8161 tdnn2.affine:47.6542 tdnn3.affine:30.2147 tdnn4.affine:31.7852 tdnn5.affine:29.8741 output.affine:2.55448 ]
LOG (nnet3-show-progress[5.5.810~1-76a979]:main():nnet3-show-progress.cc:157) Relative parameter differences per layer are [ tdnn1.affine:0.009238 tdnn2.affine:0.00821112 tdnn3.affine:0.00901319 tdnn4.affine:0.0137435 tdnn5.affine:0.0181218 output.affine:0.0087718 ]
# Accounting: time=1 threads=1
# Ended (code 0) at Tue Oct 13 17:49:03 EDT 2020, elapsed time 1 seconds
