# nnet3-info exp/dihard3_sad_tdnn_stats/215.raw && nnet3-show-progress --use-gpu=no exp/dihard3_sad_tdnn_stats/214.raw exp/dihard3_sad_tdnn_stats/215.raw 
# Started at Tue Oct 13 17:54:26 EDT 2020
#
nnet3-info exp/dihard3_sad_tdnn_stats/215.raw 
left-context: 24
right-context: 46
num-parameters: 1229878
modulus: 18
input-node name=input dim=40
component-node name=lda component=lda input=Append(Offset(input, -2), Offset(input, -1), input, Offset(input, 1), Offset(input, 2)) input-dim=200 output-dim=200
component-node name=tdnn1.affine component=tdnn1.affine input=lda input-dim=200 output-dim=255
component-node name=tdnn1.relu component=tdnn1.relu input=tdnn1.affine input-dim=255 output-dim=255
component-node name=tdnn1.renorm component=tdnn1.renorm input=tdnn1.relu input-dim=255 output-dim=256
component-node name=tdnn2.affine component=tdnn2.affine input=Append(Offset(tdnn1.renorm, -1), tdnn1.renorm, Offset(tdnn1.renorm, 1), Offset(tdnn1.renorm, 2)) input-dim=1024 output-dim=255
component-node name=tdnn2.relu component=tdnn2.relu input=tdnn2.affine input-dim=255 output-dim=255
component-node name=tdnn2.renorm component=tdnn2.renorm input=tdnn2.relu input-dim=255 output-dim=256
component-node name=tdnn3.affine component=tdnn3.affine input=Append(Offset(tdnn2.renorm, -3), tdnn2.renorm, Offset(tdnn2.renorm, 3), Offset(tdnn2.renorm, 6)) input-dim=1024 output-dim=255
component-node name=tdnn3.relu component=tdnn3.relu input=tdnn3.affine input-dim=255 output-dim=255
component-node name=tdnn3.renorm component=tdnn3.renorm input=tdnn3.relu input-dim=255 output-dim=256
component-node name=tdnn3_stats-extraction-99-99 component=tdnn3_stats-extraction-99-99 input=tdnn3.renorm input-dim=256 output-dim=257
component-node name=tdnn3_stats-pooling-99-99 component=tdnn3_stats-pooling-99-99 input=tdnn3_stats-extraction-99-99 input-dim=257 output-dim=257
component-node name=tdnn4.affine component=tdnn4.affine input=Append(Offset(tdnn3.renorm, -6), tdnn3.renorm, Offset(tdnn3.renorm, 6), Offset(tdnn3.renorm, 12), Round(tdnn3_stats-pooling-99-99, 9)) input-dim=1281 output-dim=255
component-node name=tdnn4.relu component=tdnn4.relu input=tdnn4.affine input-dim=255 output-dim=255
component-node name=tdnn4.renorm component=tdnn4.renorm input=tdnn4.relu input-dim=255 output-dim=256
component-node name=tdnn4_stats-extraction-108-108 component=tdnn4_stats-extraction-108-108 input=tdnn4.renorm input-dim=256 output-dim=257
component-node name=tdnn4_stats-pooling-108-108 component=tdnn4_stats-pooling-108-108 input=tdnn4_stats-extraction-108-108 input-dim=257 output-dim=257
component-node name=tdnn5.affine component=tdnn5.affine input=Append(Offset(tdnn4.renorm, -12), tdnn4.renorm, Offset(tdnn4.renorm, 12), Offset(tdnn4.renorm, 24), Round(tdnn4_stats-pooling-108-108, 18)) input-dim=1281 output-dim=256
component-node name=tdnn5.relu component=tdnn5.relu input=tdnn5.affine input-dim=256 output-dim=256
component-node name=tdnn5.renorm component=tdnn5.renorm input=tdnn5.relu input-dim=256 output-dim=256
component-node name=output.affine component=output.affine input=tdnn5.renorm input-dim=256 output-dim=3
component-node name=output.log-softmax component=output.log-softmax input=output.affine input-dim=3 output-dim=3
output-node name=output input=output.log-softmax dim=3 objective=linear
component name=lda type=FixedAffineComponent, input-dim=200, output-dim=200, linear-params-rms=0.0017, bias-{mean,stddev}=0.01236,0.1777
component name=tdnn1.affine type=NaturalGradientAffineComponent, input-dim=200, output-dim=255, learning-rate=0.000262899, max-change=0.75, linear-params-rms=0.1345, linear-params-row-norms=[percentiles(0,1,2,5 10,20,50,80,90 95,98,99,100)=(0.86,0.89,0.91,0.93 0.96,0.99,1.1,2.4,2.7 3.0,3.6,4.4,5.3), mean=1.71, stddev=0.842], linear-params-col-norms=[percentiles(0,1,2,5 10,20,50,80,90 95,98,99,100)=(1.4,1.7,1.7,1.8 1.9,1.9,2.1,2.3,2.4 2.5,2.6,2.8,3.8), mean=2.13, stddev=0.254], bias-{mean,stddev}=-0.03433,0.5164, rank-in=20, rank-out=80, num-samples-history=2000, update-period=4, alpha=4
component name=tdnn1.relu type=RectifiedLinearComponent, dim=255, self-repair-scale=1e-05, count=1.78e+06, self-repaired-proportion=0.494991, value-avg=[percentiles(0,1,2,5 10,20,50,80,90 95,98,99,100)=(0,0,0,0 0,0,0.007,0.15,0.58 0.86,1.3,1.4,1.8), mean=0.154, stddev=0.311], deriv-avg=[percentiles(0,1,2,5 10,20,50,80,90 95,98,99,100)=(0,0,0,0 0,0,0.20,0.97,1.0 1.0,1.0,1.0,1.0), mean=0.433, stddev=0.424], oderiv-rms=[percentiles(0,1,2,5 10,20,50,80,90 95,98,99,100)=(0.006,0.007,0.007,0.007 0.008,0.008,0.02,0.09,0.12 0.13,0.14,0.17,0.21), mean=0.0501, stddev=0.0471], oderiv-count=1.60913e+06
component name=tdnn1.renorm type=NormalizeComponent, input-dim=255, output-dim=256, target-rms=1, add-log-stddev=true
component name=tdnn2.affine type=NaturalGradientAffineComponent, input-dim=1024, output-dim=255, learning-rate=0.000262899, max-change=0.75, linear-params-rms=0.08983, linear-params-row-norms=[percentiles(0,1,2,5 10,20,50,80,90 95,98,99,100)=(1.0,1.0,1.1,1.1 1.1,1.2,1.7,4.2,4.8 5.4,6.0,6.2,6.9), mean=2.43, stddev=1.54], linear-params-col-norms=[percentiles(0,1,2,5 10,20,50,80,90 95,98,99,100)=(0.40,0.44,0.46,0.47 0.48,0.49,0.59,2.0,2.2 2.4,2.7,2.9,3.3), mean=1.2, stddev=0.779], bias-{mean,stddev}=-0.01742,0.9788, rank-in=20, rank-out=80, num-samples-history=2000, update-period=4, alpha=4
component name=tdnn2.relu type=RectifiedLinearComponent, dim=255, self-repair-scale=1e-05, count=5.44e+05, self-repaired-proportion=0.00481242, value-avg=[percentiles(0,1,2,5 10,20,50,80,90 95,98,99,100)=(0.02,0.02,0.02,0.04 0.05,0.08,0.21,1.1,2.2 3.0,3.9,4.7,15), mean=0.757, stddev=1.42], deriv-avg=[percentiles(0,1,2,5 10,20,50,80,90 95,98,99,100)=(0.06,0.07,0.08,0.11 0.15,0.22,0.37,0.59,0.72 0.85,0.88,0.92,1.0), mean=0.412, stddev=0.213], oderiv-rms=[percentiles(0,1,2,5 10,20,50,80,90 95,98,99,100)=(0.002,0.002,0.002,0.002 0.002,0.002,0.003,0.008,0.01 0.01,0.02,0.02,0.02), mean=0.00509, stddev=0.00409], oderiv-count=543744
component name=tdnn2.renorm type=NormalizeComponent, input-dim=255, output-dim=256, target-rms=1, add-log-stddev=true
component name=tdnn3.affine type=NaturalGradientAffineComponent, input-dim=1024, output-dim=255, learning-rate=0.000262899, max-change=0.75, linear-params-rms=0.05294, linear-params-row-norms=[percentiles(0,1,2,5 10,20,50,80,90 95,98,99,100)=(1.0,1.1,1.1,1.1 1.1,1.2,1.7,1.9,2.2 2.4,2.5,2.7,2.9), mean=1.65, stddev=0.405], linear-params-col-norms=[percentiles(0,1,2,5 10,20,50,80,90 95,98,99,100)=(0.43,0.47,0.48,0.49 0.50,0.51,0.57,1.1,1.4 1.6,1.8,1.9,2.2), mean=0.761, stddev=0.369], bias-{mean,stddev}=0.03623,0.917, rank-in=20, rank-out=80, num-samples-history=2000, update-period=4, alpha=4
component name=tdnn3.relu type=RectifiedLinearComponent, dim=255, self-repair-scale=1e-05, count=5.81e+05, self-repaired-proportion=0, value-avg=[percentiles(0,1,2,5 10,20,50,80,90 95,98,99,100)=(0.08,0.08,0.12,0.19 0.25,0.33,0.89,1.6,2.2 2.7,3.0,3.4,4.6), mean=1.08, stddev=0.81], deriv-avg=[percentiles(0,1,2,5 10,20,50,80,90 95,98,99,100)=(0.11,0.14,0.19,0.22 0.25,0.29,0.40,0.56,0.66 0.73,0.76,0.79,0.88), mean=0.432, stddev=0.156], oderiv-rms=[percentiles(0,1,2,5 10,20,50,80,90 95,98,99,100)=(0.003,0.003,0.003,0.003 0.003,0.003,0.005,0.007,0.007 0.008,0.009,0.01,0.02), mean=0.00519, stddev=0.00188], oderiv-count=511872
component name=tdnn3.renorm type=NormalizeComponent, input-dim=255, output-dim=256, target-rms=1, add-log-stddev=true
component name=tdnn3_stats-extraction-99-99 type=StatisticsExtractionComponent, input-dim=256, output-dim=257
component name=tdnn3_stats-pooling-99-99 type=StatisticsPoolingComponent, input-dim=257, output-dim=257
component name=tdnn4.affine type=NaturalGradientAffineComponent, input-dim=1281, output-dim=255, learning-rate=0.000262899, max-change=0.75, linear-params-rms=0.04836, linear-params-row-norms=[percentiles(0,1,2,5 10,20,50,80,90 95,98,99,100)=(1.1,1.1,1.2,1.2 1.3,1.4,1.6,1.9,2.1 2.3,2.5,3.0,3.2), mean=1.69, stddev=0.368], linear-params-col-norms=[percentiles(0,1,2,5 10,20,50,80,90 95,98,99,100)=(0.42,0.45,0.45,0.47 0.49,0.52,0.73,0.93,1.0 1.1,1.3,1.3,1.9), mean=0.742, stddev=0.215], bias-{mean,stddev}=-0.04676,1.067, rank-in=20, rank-out=80, num-samples-history=2000, update-period=4, alpha=4
component name=tdnn4.relu type=RectifiedLinearComponent, dim=255, self-repair-scale=1e-05, count=3.36e+05, self-repaired-proportion=0, value-avg=[percentiles(0,1,2,5 10,20,50,80,90 95,98,99,100)=(0.06,0.09,0.10,0.12 0.19,0.28,0.50,0.97,1.3 1.5,2.0,2.3,4.2), mean=0.657, stddev=0.521], deriv-avg=[percentiles(0,1,2,5 10,20,50,80,90 95,98,99,100)=(0.11,0.11,0.12,0.14 0.18,0.23,0.36,0.49,0.57 0.65,0.70,0.73,0.84), mean=0.37, stddev=0.15], oderiv-rms=[percentiles(0,1,2,5 10,20,50,80,90 95,98,99,100)=(0.006,0.007,0.008,0.008 0.009,0.01,0.01,0.01,0.01 0.02,0.02,0.02,0.02), mean=0.0117, stddev=0.00244], oderiv-count=369333
component name=tdnn4.renorm type=NormalizeComponent, input-dim=255, output-dim=256, target-rms=1, add-log-stddev=true
component name=tdnn4_stats-extraction-108-108 type=StatisticsExtractionComponent, input-dim=256, output-dim=257
component name=tdnn4_stats-pooling-108-108 type=StatisticsPoolingComponent, input-dim=257, output-dim=257
component name=tdnn5.affine type=NaturalGradientAffineComponent, input-dim=1281, output-dim=256, learning-rate=0.000262899, max-change=0.75, linear-params-rms=0.04742, linear-params-row-norms=[percentiles(0,1,2,5 10,20,50,80,90 95,98,99,100)=(0.93,0.95,0.97,0.97 1.0,1.1,1.5,2.1,2.4 2.5,2.7,2.9,3.3), mean=1.61, stddev=0.523], linear-params-col-norms=[percentiles(0,1,2,5 10,20,50,80,90 95,98,99,100)=(0.42,0.46,0.47,0.50 0.54,0.59,0.74,0.87,0.95 1.0,1.1,1.2,1.7), mean=0.741, stddev=0.163], bias-{mean,stddev}=-0.07657,0.8828, rank-in=20, rank-out=80, num-samples-history=2000, update-period=4, alpha=4
component name=tdnn5.relu type=RectifiedLinearComponent, dim=256, self-repair-scale=1e-05, count=6.42e+04, self-repaired-proportion=0.00420176, value-avg=[percentiles(0,1,2,5 10,20,50,80,90 95,98,99,100)=(0.01,0.02,0.02,0.02 0.05,0.10,0.30,0.69,0.90 1.2,1.5,1.6,2.6), mean=0.423, stddev=0.393], deriv-avg=[percentiles(0,1,2,5 10,20,50,80,90 95,98,99,100)=(0.05,0.05,0.06,0.07 0.10,0.16,0.31,0.52,0.60 0.70,0.77,0.81,0.89), mean=0.342, stddev=0.193], oderiv-rms=[percentiles(0,1,2,5 10,20,50,80,90 95,98,99,100)=(0.0002,0.0007,0.001,0.002 0.004,0.01,0.02,0.03,0.03 0.04,0.04,0.04,0.06), mean=0.0204, stddev=0.0111], oderiv-count=102443
component name=tdnn5.renorm type=NormalizeComponent, input-dim=256, output-dim=256, target-rms=1, add-log-stddev=false
component name=output.affine type=NaturalGradientAffineComponent, input-dim=256, output-dim=3, learning-rate=2.62899e-05, learning-rate-factor=0.1, max-change=1.5, linear-params-rms=0.1066, linear-params-row-norms=[ 2.1 2.0 0.54 ], linear-params-col-norms=[percentiles(0,1,2,5 10,20,50,80,90 95,98,99,100)=(0.005,0.007,0.01,0.03 0.04,0.09,0.16,0.23,0.26 0.29,0.32,0.35,0.44), mean=0.165, stddev=0.0837], bias-{mean,stddev}=-1.218e-06,0.0659, rank-in=20, rank-out=2, num-samples-history=2000, update-period=4, alpha=4
component name=output.log-softmax type=LogSoftmaxComponent, dim=3, oderiv-rms=[ 0.44 0.89 0 ], oderiv-count=96842.7
nnet3-show-progress --use-gpu=no exp/dihard3_sad_tdnn_stats/214.raw exp/dihard3_sad_tdnn_stats/215.raw 
LOG (nnet3-show-progress[5.5.810~1-76a979]:SelectGpuId():cu-device.cc:153) Manually selected to compute on CPU.
LOG (nnet3-show-progress[5.5.810~1-76a979]:main():nnet3-show-progress.cc:143) Parameter differences per layer are [ tdnn1.affine:0.196427 tdnn2.affine:0.264078 tdnn3.affine:0.194531 tdnn4.affine:0.323885 tdnn5.affine:0.403812 output.affine:0.0150066 ]
LOG (nnet3-show-progress[5.5.810~1-76a979]:main():nnet3-show-progress.cc:153) Norms of parameter matrices from <new-nnet-in> are [ tdnn1.affine:31.4888 tdnn2.affine:48.493 tdnn3.affine:30.7692 tdnn4.affine:32.4791 tdnn5.affine:30.6352 output.affine:2.95678 ]
LOG (nnet3-show-progress[5.5.810~1-76a979]:main():nnet3-show-progress.cc:157) Relative parameter differences per layer are [ tdnn1.affine:0.00624094 tdnn2.affine:0.00544832 tdnn3.affine:0.00632469 tdnn4.affine:0.00997594 tdnn5.affine:0.0131866 output.affine:0.00509142 ]
# Accounting: time=0 threads=1
# Ended (code 0) at Tue Oct 13 17:54:26 EDT 2020, elapsed time 0 seconds
