# nnet3-info exp/dihard3_sad_tdnn_stats/194.raw && nnet3-show-progress --use-gpu=no exp/dihard3_sad_tdnn_stats/193.raw exp/dihard3_sad_tdnn_stats/194.raw 
# Started at Tue Oct 13 17:51:42 EDT 2020
#
nnet3-info exp/dihard3_sad_tdnn_stats/194.raw 
left-context: 24
right-context: 46
num-parameters: 1229878
modulus: 18
input-node name=input dim=40
component-node name=lda component=lda input=Append(Offset(input, -2), Offset(input, -1), input, Offset(input, 1), Offset(input, 2)) input-dim=200 output-dim=200
component-node name=tdnn1.affine component=tdnn1.affine input=lda input-dim=200 output-dim=255
component-node name=tdnn1.relu component=tdnn1.relu input=tdnn1.affine input-dim=255 output-dim=255
component-node name=tdnn1.renorm component=tdnn1.renorm input=tdnn1.relu input-dim=255 output-dim=256
component-node name=tdnn2.affine component=tdnn2.affine input=Append(Offset(tdnn1.renorm, -1), tdnn1.renorm, Offset(tdnn1.renorm, 1), Offset(tdnn1.renorm, 2)) input-dim=1024 output-dim=255
component-node name=tdnn2.relu component=tdnn2.relu input=tdnn2.affine input-dim=255 output-dim=255
component-node name=tdnn2.renorm component=tdnn2.renorm input=tdnn2.relu input-dim=255 output-dim=256
component-node name=tdnn3.affine component=tdnn3.affine input=Append(Offset(tdnn2.renorm, -3), tdnn2.renorm, Offset(tdnn2.renorm, 3), Offset(tdnn2.renorm, 6)) input-dim=1024 output-dim=255
component-node name=tdnn3.relu component=tdnn3.relu input=tdnn3.affine input-dim=255 output-dim=255
component-node name=tdnn3.renorm component=tdnn3.renorm input=tdnn3.relu input-dim=255 output-dim=256
component-node name=tdnn3_stats-extraction-99-99 component=tdnn3_stats-extraction-99-99 input=tdnn3.renorm input-dim=256 output-dim=257
component-node name=tdnn3_stats-pooling-99-99 component=tdnn3_stats-pooling-99-99 input=tdnn3_stats-extraction-99-99 input-dim=257 output-dim=257
component-node name=tdnn4.affine component=tdnn4.affine input=Append(Offset(tdnn3.renorm, -6), tdnn3.renorm, Offset(tdnn3.renorm, 6), Offset(tdnn3.renorm, 12), Round(tdnn3_stats-pooling-99-99, 9)) input-dim=1281 output-dim=255
component-node name=tdnn4.relu component=tdnn4.relu input=tdnn4.affine input-dim=255 output-dim=255
component-node name=tdnn4.renorm component=tdnn4.renorm input=tdnn4.relu input-dim=255 output-dim=256
component-node name=tdnn4_stats-extraction-108-108 component=tdnn4_stats-extraction-108-108 input=tdnn4.renorm input-dim=256 output-dim=257
component-node name=tdnn4_stats-pooling-108-108 component=tdnn4_stats-pooling-108-108 input=tdnn4_stats-extraction-108-108 input-dim=257 output-dim=257
component-node name=tdnn5.affine component=tdnn5.affine input=Append(Offset(tdnn4.renorm, -12), tdnn4.renorm, Offset(tdnn4.renorm, 12), Offset(tdnn4.renorm, 24), Round(tdnn4_stats-pooling-108-108, 18)) input-dim=1281 output-dim=256
component-node name=tdnn5.relu component=tdnn5.relu input=tdnn5.affine input-dim=256 output-dim=256
component-node name=tdnn5.renorm component=tdnn5.renorm input=tdnn5.relu input-dim=256 output-dim=256
component-node name=output.affine component=output.affine input=tdnn5.renorm input-dim=256 output-dim=3
component-node name=output.log-softmax component=output.log-softmax input=output.affine input-dim=3 output-dim=3
output-node name=output input=output.log-softmax dim=3 objective=linear
component name=lda type=FixedAffineComponent, input-dim=200, output-dim=200, linear-params-rms=0.0017, bias-{mean,stddev}=0.01236,0.1777
component name=tdnn1.affine type=NaturalGradientAffineComponent, input-dim=200, output-dim=255, learning-rate=0.000332201, max-change=0.75, linear-params-rms=0.1329, linear-params-row-norms=[percentiles(0,1,2,5 10,20,50,80,90 95,98,99,100)=(0.85,0.89,0.91,0.93 0.96,0.99,1.1,2.3,2.6 2.9,3.5,4.4,5.3), mean=1.69, stddev=0.826], linear-params-col-norms=[percentiles(0,1,2,5 10,20,50,80,90 95,98,99,100)=(1.4,1.7,1.7,1.8 1.9,1.9,2.1,2.3,2.4 2.5,2.6,2.7,3.8), mean=2.11, stddev=0.255], bias-{mean,stddev}=-0.03647,0.5307, rank-in=20, rank-out=80, num-samples-history=2000, update-period=4, alpha=4
component name=tdnn1.relu type=RectifiedLinearComponent, dim=255, self-repair-scale=1e-05, count=1.84e+06, self-repaired-proportion=0.510384, value-avg=[percentiles(0,1,2,5 10,20,50,80,90 95,98,99,100)=(0,0,0,0 0,0,0.006,0.16,0.60 0.89,1.3,1.5,1.8), mean=0.159, stddev=0.319], deriv-avg=[percentiles(0,1,2,5 10,20,50,80,90 95,98,99,100)=(0,0,0,0 0,0,0.20,0.98,1.0 1.0,1.0,1.0,1.0), mean=0.433, stddev=0.427], oderiv-rms=[percentiles(0,1,2,5 10,20,50,80,90 95,98,99,100)=(0.006,0.007,0.007,0.007 0.008,0.008,0.02,0.10,0.12 0.13,0.14,0.17,0.22), mean=0.0514, stddev=0.0487], oderiv-count=1.37078e+06
component name=tdnn1.renorm type=NormalizeComponent, input-dim=255, output-dim=256, target-rms=1, add-log-stddev=true
component name=tdnn2.affine type=NaturalGradientAffineComponent, input-dim=1024, output-dim=255, learning-rate=0.000332201, max-change=0.75, linear-params-rms=0.08908, linear-params-row-norms=[percentiles(0,1,2,5 10,20,50,80,90 95,98,99,100)=(1.0,1.0,1.0,1.1 1.1,1.2,1.7,4.1,4.8 5.3,5.9,6.2,7.0), mean=2.4, stddev=1.53], linear-params-col-norms=[percentiles(0,1,2,5 10,20,50,80,90 95,98,99,100)=(0.40,0.43,0.46,0.47 0.48,0.49,0.58,2.0,2.2 2.4,2.7,2.8,3.3), mean=1.2, stddev=0.771], bias-{mean,stddev}=-0.01739,0.9788, rank-in=20, rank-out=80, num-samples-history=2000, update-period=4, alpha=4
component name=tdnn2.relu type=RectifiedLinearComponent, dim=255, self-repair-scale=1e-05, count=6.15e+05, self-repaired-proportion=0.00455197, value-avg=[percentiles(0,1,2,5 10,20,50,80,90 95,98,99,100)=(0.02,0.02,0.02,0.03 0.05,0.07,0.21,1.0,2.2 2.9,4.0,4.8,16), mean=0.754, stddev=1.44], deriv-avg=[percentiles(0,1,2,5 10,20,50,80,90 95,98,99,100)=(0.06,0.06,0.07,0.11 0.15,0.22,0.36,0.59,0.72 0.85,0.88,0.92,1.0), mean=0.41, stddev=0.215], oderiv-rms=[percentiles(0,1,2,5 10,20,50,80,90 95,98,99,100)=(0.002,0.002,0.002,0.002 0.002,0.002,0.003,0.008,0.01 0.01,0.02,0.02,0.02), mean=0.00511, stddev=0.00425], oderiv-count=497280
component name=tdnn2.renorm type=NormalizeComponent, input-dim=255, output-dim=256, target-rms=1, add-log-stddev=true
component name=tdnn3.affine type=NaturalGradientAffineComponent, input-dim=1024, output-dim=255, learning-rate=0.000332201, max-change=0.75, linear-params-rms=0.05239, linear-params-row-norms=[percentiles(0,1,2,5 10,20,50,80,90 95,98,99,100)=(1.0,1.1,1.1,1.1 1.1,1.2,1.6,1.9,2.1 2.4,2.5,2.7,2.9), mean=1.63, stddev=0.405], linear-params-col-norms=[percentiles(0,1,2,5 10,20,50,80,90 95,98,99,100)=(0.43,0.46,0.48,0.49 0.49,0.51,0.56,1.0,1.3 1.6,1.8,1.9,2.1), mean=0.753, stddev=0.365], bias-{mean,stddev}=0.03626,0.9171, rank-in=20, rank-out=80, num-samples-history=2000, update-period=4, alpha=4
component name=tdnn3.relu type=RectifiedLinearComponent, dim=255, self-repair-scale=1e-05, count=5.03e+05, self-repaired-proportion=0, value-avg=[percentiles(0,1,2,5 10,20,50,80,90 95,98,99,100)=(0.07,0.07,0.12,0.19 0.23,0.33,0.88,1.6,2.3 2.7,3.0,3.4,4.6), mean=1.08, stddev=0.82], deriv-avg=[percentiles(0,1,2,5 10,20,50,80,90 95,98,99,100)=(0.11,0.14,0.19,0.22 0.25,0.29,0.40,0.57,0.67 0.73,0.77,0.80,0.88), mean=0.433, stddev=0.158], oderiv-rms=[percentiles(0,1,2,5 10,20,50,80,90 95,98,99,100)=(0.002,0.003,0.003,0.003 0.003,0.003,0.005,0.007,0.007 0.008,0.009,0.01,0.02), mean=0.00508, stddev=0.00195], oderiv-count=528768
component name=tdnn3.renorm type=NormalizeComponent, input-dim=255, output-dim=256, target-rms=1, add-log-stddev=true
component name=tdnn3_stats-extraction-99-99 type=StatisticsExtractionComponent, input-dim=256, output-dim=257
component name=tdnn3_stats-pooling-99-99 type=StatisticsPoolingComponent, input-dim=257, output-dim=257
component name=tdnn4.affine type=NaturalGradientAffineComponent, input-dim=1281, output-dim=255, learning-rate=0.000332201, max-change=0.75, linear-params-rms=0.04772, linear-params-row-norms=[percentiles(0,1,2,5 10,20,50,80,90 95,98,99,100)=(1.1,1.1,1.1,1.2 1.2,1.3,1.6,1.9,2.1 2.3,2.5,3.0,3.2), mean=1.67, stddev=0.369], linear-params-col-norms=[percentiles(0,1,2,5 10,20,50,80,90 95,98,99,100)=(0.42,0.45,0.45,0.47 0.48,0.52,0.72,0.92,1.0 1.1,1.2,1.3,1.9), mean=0.731, stddev=0.214], bias-{mean,stddev}=-0.04678,1.067, rank-in=20, rank-out=80, num-samples-history=2000, update-period=4, alpha=4
component name=tdnn4.relu type=RectifiedLinearComponent, dim=255, self-repair-scale=1e-05, count=3.8e+05, self-repaired-proportion=0, value-avg=[percentiles(0,1,2,5 10,20,50,80,90 95,98,99,100)=(0.05,0.08,0.10,0.12 0.18,0.27,0.50,1.0,1.3 1.6,2.0,2.4,4.3), mean=0.665, stddev=0.534], deriv-avg=[percentiles(0,1,2,5 10,20,50,80,90 95,98,99,100)=(0.11,0.12,0.12,0.14 0.19,0.22,0.36,0.49,0.57 0.65,0.71,0.72,0.84), mean=0.37, stddev=0.151], oderiv-rms=[percentiles(0,1,2,5 10,20,50,80,90 95,98,99,100)=(0.005,0.006,0.007,0.008 0.008,0.009,0.01,0.01,0.01 0.02,0.02,0.02,0.02), mean=0.0111, stddev=0.00253], oderiv-count=346667
component name=tdnn4.renorm type=NormalizeComponent, input-dim=255, output-dim=256, target-rms=1, add-log-stddev=true
component name=tdnn4_stats-extraction-108-108 type=StatisticsExtractionComponent, input-dim=256, output-dim=257
component name=tdnn4_stats-pooling-108-108 type=StatisticsPoolingComponent, input-dim=257, output-dim=257
component name=tdnn5.affine type=NaturalGradientAffineComponent, input-dim=1281, output-dim=256, learning-rate=0.000332201, max-change=0.75, linear-params-rms=0.04675, linear-params-row-norms=[percentiles(0,1,2,5 10,20,50,80,90 95,98,99,100)=(0.93,0.95,0.97,0.98 1.0,1.1,1.5,2.1,2.3 2.5,2.7,2.9,3.3), mean=1.59, stddev=0.518], linear-params-col-norms=[percentiles(0,1,2,5 10,20,50,80,90 95,98,99,100)=(0.41,0.46,0.47,0.50 0.52,0.58,0.72,0.86,0.94 0.99,1.1,1.2,1.6), mean=0.73, stddev=0.163], bias-{mean,stddev}=-0.07641,0.8829, rank-in=20, rank-out=80, num-samples-history=2000, update-period=4, alpha=4
component name=tdnn5.relu type=RectifiedLinearComponent, dim=256, self-repair-scale=1e-05, count=6.99e+04, self-repaired-proportion=0.00416547, value-avg=[percentiles(0,1,2,5 10,20,50,80,90 95,98,99,100)=(0.01,0.02,0.02,0.02 0.05,0.10,0.32,0.74,0.98 1.2,1.6,1.8,2.9), mean=0.457, stddev=0.43], deriv-avg=[percentiles(0,1,2,5 10,20,50,80,90 95,98,99,100)=(0.05,0.05,0.06,0.07 0.10,0.16,0.32,0.54,0.62 0.71,0.79,0.83,0.91), mean=0.354, stddev=0.203], oderiv-rms=[percentiles(0,1,2,5 10,20,50,80,90 95,98,99,100)=(0.0003,0.0006,0.0009,0.002 0.004,0.009,0.02,0.03,0.03 0.04,0.04,0.04,0.05), mean=0.0193, stddev=0.0107], oderiv-count=105877
component name=tdnn5.renorm type=NormalizeComponent, input-dim=256, output-dim=256, target-rms=1, add-log-stddev=false
component name=output.affine type=NaturalGradientAffineComponent, input-dim=256, output-dim=3, learning-rate=3.32201e-05, learning-rate-factor=0.1, max-change=1.5, linear-params-rms=0.09956, linear-params-row-norms=[ 2.0 1.9 0.53 ], linear-params-col-norms=[percentiles(0,1,2,5 10,20,50,80,90 95,98,99,100)=(0.004,0.008,0.01,0.02 0.04,0.08,0.15,0.22,0.25 0.28,0.31,0.33,0.42), mean=0.153, stddev=0.0795], bias-{mean,stddev}=-1.247e-06,0.06164, rank-in=20, rank-out=2, num-samples-history=2000, update-period=4, alpha=4
component name=output.log-softmax type=LogSoftmaxComponent, dim=3, oderiv-rms=[ 0.44 0.89 0 ], oderiv-count=105504
nnet3-show-progress --use-gpu=no exp/dihard3_sad_tdnn_stats/193.raw exp/dihard3_sad_tdnn_stats/194.raw 
LOG (nnet3-show-progress[5.5.810~1-76a979]:SelectGpuId():cu-device.cc:153) Manually selected to compute on CPU.
LOG (nnet3-show-progress[5.5.810~1-76a979]:main():nnet3-show-progress.cc:143) Parameter differences per layer are [ tdnn1.affine:0.254454 tdnn2.affine:0.340617 tdnn3.affine:0.247099 tdnn4.affine:0.397215 tdnn5.affine:0.502773 output.affine:0.0187126 ]
LOG (nnet3-show-progress[5.5.810~1-76a979]:main():nnet3-show-progress.cc:153) Norms of parameter matrices from <new-nnet-in> are [ tdnn1.affine:31.1934 tdnn2.affine:48.1272 tdnn3.affine:30.5193 tdnn4.affine:32.1667 tdnn5.affine:30.2976 output.affine:2.76129 ]
LOG (nnet3-show-progress[5.5.810~1-76a979]:main():nnet3-show-progress.cc:157) Relative parameter differences per layer are [ tdnn1.affine:0.00816227 tdnn2.affine:0.00708148 tdnn3.affine:0.00810045 tdnn4.affine:0.012356 tdnn5.affine:0.0166064 output.affine:0.00680159 ]
# Accounting: time=0 threads=1
# Ended (code 0) at Tue Oct 13 17:51:42 EDT 2020, elapsed time 0 seconds
