# nnet3-info exp/dihard3_sad_tdnn_stats/130.raw && nnet3-show-progress --use-gpu=no exp/dihard3_sad_tdnn_stats/129.raw exp/dihard3_sad_tdnn_stats/130.raw 
# Started at Tue Oct 13 17:43:44 EDT 2020
#
nnet3-info exp/dihard3_sad_tdnn_stats/130.raw 
left-context: 24
right-context: 46
num-parameters: 1229878
modulus: 18
input-node name=input dim=40
component-node name=lda component=lda input=Append(Offset(input, -2), Offset(input, -1), input, Offset(input, 1), Offset(input, 2)) input-dim=200 output-dim=200
component-node name=tdnn1.affine component=tdnn1.affine input=lda input-dim=200 output-dim=255
component-node name=tdnn1.relu component=tdnn1.relu input=tdnn1.affine input-dim=255 output-dim=255
component-node name=tdnn1.renorm component=tdnn1.renorm input=tdnn1.relu input-dim=255 output-dim=256
component-node name=tdnn2.affine component=tdnn2.affine input=Append(Offset(tdnn1.renorm, -1), tdnn1.renorm, Offset(tdnn1.renorm, 1), Offset(tdnn1.renorm, 2)) input-dim=1024 output-dim=255
component-node name=tdnn2.relu component=tdnn2.relu input=tdnn2.affine input-dim=255 output-dim=255
component-node name=tdnn2.renorm component=tdnn2.renorm input=tdnn2.relu input-dim=255 output-dim=256
component-node name=tdnn3.affine component=tdnn3.affine input=Append(Offset(tdnn2.renorm, -3), tdnn2.renorm, Offset(tdnn2.renorm, 3), Offset(tdnn2.renorm, 6)) input-dim=1024 output-dim=255
component-node name=tdnn3.relu component=tdnn3.relu input=tdnn3.affine input-dim=255 output-dim=255
component-node name=tdnn3.renorm component=tdnn3.renorm input=tdnn3.relu input-dim=255 output-dim=256
component-node name=tdnn3_stats-extraction-99-99 component=tdnn3_stats-extraction-99-99 input=tdnn3.renorm input-dim=256 output-dim=257
component-node name=tdnn3_stats-pooling-99-99 component=tdnn3_stats-pooling-99-99 input=tdnn3_stats-extraction-99-99 input-dim=257 output-dim=257
component-node name=tdnn4.affine component=tdnn4.affine input=Append(Offset(tdnn3.renorm, -6), tdnn3.renorm, Offset(tdnn3.renorm, 6), Offset(tdnn3.renorm, 12), Round(tdnn3_stats-pooling-99-99, 9)) input-dim=1281 output-dim=255
component-node name=tdnn4.relu component=tdnn4.relu input=tdnn4.affine input-dim=255 output-dim=255
component-node name=tdnn4.renorm component=tdnn4.renorm input=tdnn4.relu input-dim=255 output-dim=256
component-node name=tdnn4_stats-extraction-108-108 component=tdnn4_stats-extraction-108-108 input=tdnn4.renorm input-dim=256 output-dim=257
component-node name=tdnn4_stats-pooling-108-108 component=tdnn4_stats-pooling-108-108 input=tdnn4_stats-extraction-108-108 input-dim=257 output-dim=257
component-node name=tdnn5.affine component=tdnn5.affine input=Append(Offset(tdnn4.renorm, -12), tdnn4.renorm, Offset(tdnn4.renorm, 12), Offset(tdnn4.renorm, 24), Round(tdnn4_stats-pooling-108-108, 18)) input-dim=1281 output-dim=256
component-node name=tdnn5.relu component=tdnn5.relu input=tdnn5.affine input-dim=256 output-dim=256
component-node name=tdnn5.renorm component=tdnn5.renorm input=tdnn5.relu input-dim=256 output-dim=256
component-node name=output.affine component=output.affine input=tdnn5.renorm input-dim=256 output-dim=3
component-node name=output.log-softmax component=output.log-softmax input=output.affine input-dim=3 output-dim=3
output-node name=output input=output.log-softmax dim=3 objective=linear
component name=lda type=FixedAffineComponent, input-dim=200, output-dim=200, linear-params-rms=0.0017, bias-{mean,stddev}=0.01236,0.1777
component name=tdnn1.affine type=NaturalGradientAffineComponent, input-dim=200, output-dim=255, learning-rate=0.000508078, max-change=0.75, linear-params-rms=0.1243, linear-params-row-norms=[percentiles(0,1,2,5 10,20,50,80,90 95,98,99,100)=(0.85,0.89,0.91,0.92 0.96,0.99,1.1,2.2,2.4 2.6,3.3,4.2,5.1), mean=1.59, stddev=0.738], linear-params-col-norms=[percentiles(0,1,2,5 10,20,50,80,90 95,98,99,100)=(1.4,1.5,1.6,1.7 1.7,1.8,1.9,2.1,2.3 2.3,2.5,2.6,3.8), mean=1.97, stddev=0.257], bias-{mean,stddev}=-0.04624,0.5964, rank-in=20, rank-out=80, num-samples-history=2000, update-period=4, alpha=4
component name=tdnn1.relu type=RectifiedLinearComponent, dim=255, self-repair-scale=1e-05, count=1.65e+06, self-repaired-proportion=0.558183, value-avg=[percentiles(0,1,2,5 10,20,50,80,90 95,98,99,100)=(0,0,0,0 0,0,0.005,0.27,0.71 0.99,1.4,1.6,2.0), mean=0.183, stddev=0.356], deriv-avg=[percentiles(0,1,2,5 10,20,50,80,90 95,98,99,100)=(0,0,0,0 0,0,0.15,1.0,1.0 1.0,1.0,1.0,1.0), mean=0.434, stddev=0.438], oderiv-rms=[percentiles(0,1,2,5 10,20,50,80,90 95,98,99,100)=(0.005,0.005,0.006,0.006 0.006,0.007,0.01,0.09,0.11 0.12,0.13,0.16,0.20), mean=0.0456, stddev=0.0443], oderiv-count=1.59332e+06
component name=tdnn1.renorm type=NormalizeComponent, input-dim=255, output-dim=256, target-rms=1, add-log-stddev=true
component name=tdnn2.affine type=NaturalGradientAffineComponent, input-dim=1024, output-dim=255, learning-rate=0.000508078, max-change=0.75, linear-params-rms=0.08489, linear-params-row-norms=[percentiles(0,1,2,5 10,20,50,80,90 95,98,99,100)=(1.0,1.0,1.0,1.0 1.1,1.1,1.6,3.9,4.6 5.1,5.7,6.2,7.0), mean=2.28, stddev=1.48], linear-params-col-norms=[percentiles(0,1,2,5 10,20,50,80,90 95,98,99,100)=(0.40,0.43,0.45,0.47 0.48,0.49,0.56,1.9,2.1 2.3,2.6,2.7,3.1), mean=1.15, stddev=0.725], bias-{mean,stddev}=-0.0173,0.9789, rank-in=20, rank-out=80, num-samples-history=2000, update-period=4, alpha=4
component name=tdnn2.relu type=RectifiedLinearComponent, dim=255, self-repair-scale=1e-05, count=5.77e+05, self-repaired-proportion=0.0046617, value-avg=[percentiles(0,1,2,5 10,20,50,80,90 95,98,99,100)=(0.007,0.02,0.02,0.02 0.03,0.05,0.19,1.1,2.1 2.9,3.9,4.6,17), mean=0.742, stddev=1.5], deriv-avg=[percentiles(0,1,2,5 10,20,50,80,90 95,98,99,100)=(0.06,0.06,0.07,0.13 0.15,0.20,0.34,0.61,0.76 0.86,0.91,0.92,1.0), mean=0.404, stddev=0.226], oderiv-rms=[percentiles(0,1,2,5 10,20,50,80,90 95,98,99,100)=(0.001,0.001,0.002,0.002 0.002,0.002,0.003,0.007,0.01 0.01,0.02,0.02,0.02), mean=0.00454, stddev=0.00422], oderiv-count=504115
component name=tdnn2.renorm type=NormalizeComponent, input-dim=255, output-dim=256, target-rms=1, add-log-stddev=true
component name=tdnn3.affine type=NaturalGradientAffineComponent, input-dim=1024, output-dim=255, learning-rate=0.000508078, max-change=0.75, linear-params-rms=0.04966, linear-params-row-norms=[percentiles(0,1,2,5 10,20,50,80,90 95,98,99,100)=(1.0,1.0,1.0,1.0 1.1,1.1,1.5,1.8,2.0 2.3,2.5,2.6,2.8), mean=1.54, stddev=0.388], linear-params-col-norms=[percentiles(0,1,2,5 10,20,50,80,90 95,98,99,100)=(0.42,0.46,0.47,0.48 0.49,0.50,0.54,0.97,1.2 1.5,1.7,1.8,2.1), mean=0.718, stddev=0.338], bias-{mean,stddev}=0.03635,0.9173, rank-in=20, rank-out=80, num-samples-history=2000, update-period=4, alpha=4
component name=tdnn3.relu type=RectifiedLinearComponent, dim=255, self-repair-scale=1e-05, count=4.98e+05, self-repaired-proportion=0, value-avg=[percentiles(0,1,2,5 10,20,50,80,90 95,98,99,100)=(0.05,0.06,0.11,0.13 0.18,0.29,0.86,1.7,2.3 2.7,3.1,3.6,4.5), mean=1.06, stddev=0.849], deriv-avg=[percentiles(0,1,2,5 10,20,50,80,90 95,98,99,100)=(0.09,0.13,0.17,0.21 0.24,0.27,0.41,0.60,0.69 0.75,0.79,0.82,0.88), mean=0.436, stddev=0.171], oderiv-rms=[percentiles(0,1,2,5 10,20,50,80,90 95,98,99,100)=(0.002,0.002,0.002,0.002 0.002,0.002,0.004,0.005,0.006 0.007,0.008,0.009,0.02), mean=0.00412, stddev=0.0019], oderiv-count=555725
component name=tdnn3.renorm type=NormalizeComponent, input-dim=255, output-dim=256, target-rms=1, add-log-stddev=true
component name=tdnn3_stats-extraction-99-99 type=StatisticsExtractionComponent, input-dim=256, output-dim=257
component name=tdnn3_stats-pooling-99-99 type=StatisticsPoolingComponent, input-dim=257, output-dim=257
component name=tdnn4.affine type=NaturalGradientAffineComponent, input-dim=1281, output-dim=255, learning-rate=0.000508078, max-change=0.75, linear-params-rms=0.04462, linear-params-row-norms=[percentiles(0,1,2,5 10,20,50,80,90 95,98,99,100)=(1.0,1.1,1.1,1.1 1.1,1.2,1.5,1.8,2.0 2.2,2.4,2.8,3.0), mean=1.56, stddev=0.36], linear-params-col-norms=[percentiles(0,1,2,5 10,20,50,80,90 95,98,99,100)=(0.42,0.43,0.44,0.45 0.46,0.49,0.66,0.85,0.93 1.0,1.2,1.3,1.8), mean=0.684, stddev=0.199], bias-{mean,stddev}=-0.04686,1.067, rank-in=20, rank-out=80, num-samples-history=2000, update-period=4, alpha=4
component name=tdnn4.relu type=RectifiedLinearComponent, dim=255, self-repair-scale=1e-05, count=2.91e+05, self-repaired-proportion=0, value-avg=[percentiles(0,1,2,5 10,20,50,80,90 95,98,99,100)=(0.03,0.08,0.08,0.10 0.17,0.24,0.52,1.1,1.5 1.7,2.2,2.5,4.5), mean=0.698, stddev=0.583], deriv-avg=[percentiles(0,1,2,5 10,20,50,80,90 95,98,99,100)=(0.08,0.11,0.12,0.13 0.18,0.23,0.37,0.50,0.60 0.65,0.72,0.76,0.86), mean=0.378, stddev=0.157], oderiv-rms=[percentiles(0,1,2,5 10,20,50,80,90 95,98,99,100)=(0.003,0.004,0.005,0.005 0.005,0.006,0.008,0.01,0.01 0.01,0.01,0.02,0.02), mean=0.00805, stddev=0.00254], oderiv-count=338240
component name=tdnn4.renorm type=NormalizeComponent, input-dim=255, output-dim=256, target-rms=1, add-log-stddev=true
component name=tdnn4_stats-extraction-108-108 type=StatisticsExtractionComponent, input-dim=256, output-dim=257
component name=tdnn4_stats-pooling-108-108 type=StatisticsPoolingComponent, input-dim=257, output-dim=257
component name=tdnn5.affine type=NaturalGradientAffineComponent, input-dim=1281, output-dim=256, learning-rate=0.000508078, max-change=0.75, linear-params-rms=0.04341, linear-params-row-norms=[percentiles(0,1,2,5 10,20,50,80,90 95,98,99,100)=(0.95,0.95,0.96,0.98 1.0,1.1,1.3,2.0,2.2 2.3,2.5,2.7,3.1), mean=1.48, stddev=0.478], linear-params-col-norms=[percentiles(0,1,2,5 10,20,50,80,90 95,98,99,100)=(0.41,0.44,0.45,0.47 0.49,0.53,0.66,0.80,0.88 0.94,1.0,1.1,1.6), mean=0.677, stddev=0.156], bias-{mean,stddev}=-0.07583,0.8832, rank-in=20, rank-out=80, num-samples-history=2000, update-period=4, alpha=4
component name=tdnn5.relu type=RectifiedLinearComponent, dim=256, self-repair-scale=1e-05, count=6.91e+04, self-repaired-proportion=0.011847, value-avg=[percentiles(0,1,2,5 10,20,50,80,90 95,98,99,100)=(0.01,0.02,0.02,0.02 0.04,0.09,0.35,1.0,1.3 1.6,1.8,2.4,3.6), mean=0.572, stddev=0.568], deriv-avg=[percentiles(0,1,2,5 10,20,50,80,90 95,98,99,100)=(0.05,0.05,0.05,0.07 0.09,0.16,0.34,0.63,0.72 0.79,0.86,0.89,0.95), mean=0.386, stddev=0.237], oderiv-rms=[percentiles(0,1,2,5 10,20,50,80,90 95,98,99,100)=(0.0001,0.0002,0.0004,0.0009 0.002,0.006,0.01,0.02,0.02 0.03,0.03,0.03,0.04), mean=0.0139, stddev=0.00868], oderiv-count=99097.6
component name=tdnn5.renorm type=NormalizeComponent, input-dim=256, output-dim=256, target-rms=1, add-log-stddev=false
component name=output.affine type=NaturalGradientAffineComponent, input-dim=256, output-dim=3, learning-rate=5.08078e-05, learning-rate-factor=0.1, max-change=1.5, linear-params-rms=0.07492, linear-params-row-norms=[ 1.5 1.4 0.50 ], linear-params-col-norms=[percentiles(0,1,2,5 10,20,50,80,90 95,98,99,100)=(0.0002,0.002,0.007,0.01 0.03,0.06,0.11,0.17,0.19 0.23,0.25,0.27,0.32), mean=0.112, stddev=0.0651], bias-{mean,stddev}=-1.013e-06,0.04575, rank-in=20, rank-out=2, num-samples-history=2000, update-period=4, alpha=4
component name=output.log-softmax type=LogSoftmaxComponent, dim=3, oderiv-rms=[ 0.44 0.89 0 ], oderiv-count=106086
nnet3-show-progress --use-gpu=no exp/dihard3_sad_tdnn_stats/129.raw exp/dihard3_sad_tdnn_stats/130.raw 
LOG (nnet3-show-progress[5.5.810~1-76a979]:SelectGpuId():cu-device.cc:153) Manually selected to compute on CPU.
LOG (nnet3-show-progress[5.5.810~1-76a979]:main():nnet3-show-progress.cc:143) Parameter differences per layer are [ tdnn1.affine:0.399301 tdnn2.affine:0.547628 tdnn3.affine:0.366445 tdnn4.affine:0.550172 tdnn5.affine:0.686319 output.affine:0.0326692 ]
LOG (nnet3-show-progress[5.5.810~1-76a979]:main():nnet3-show-progress.cc:153) Norms of parameter matrices from <new-nnet-in> are [ tdnn1.affine:29.642 tdnn2.affine:46.1091 tdnn3.affine:29.3043 tdnn4.affine:30.6835 tdnn5.affine:28.6185 output.affine:2.07789 ]
LOG (nnet3-show-progress[5.5.810~1-76a979]:main():nnet3-show-progress.cc:157) Relative parameter differences per layer are [ tdnn1.affine:0.013487 tdnn2.affine:0.0118903 tdnn3.affine:0.0125158 tdnn4.affine:0.0179487 tdnn5.affine:0.0240135 output.affine:0.0158163 ]
# Accounting: time=0 threads=1
# Ended (code 0) at Tue Oct 13 17:43:44 EDT 2020, elapsed time 0 seconds
