# nnet3-info exp/dihard3_sad_tdnn_stats/68.raw && nnet3-show-progress --use-gpu=no exp/dihard3_sad_tdnn_stats/67.raw exp/dihard3_sad_tdnn_stats/68.raw 
# Started at Tue Oct 13 17:36:06 EDT 2020
#
nnet3-info exp/dihard3_sad_tdnn_stats/68.raw 
left-context: 24
right-context: 46
num-parameters: 1229878
modulus: 18
input-node name=input dim=40
component-node name=lda component=lda input=Append(Offset(input, -2), Offset(input, -1), input, Offset(input, 1), Offset(input, 2)) input-dim=200 output-dim=200
component-node name=tdnn1.affine component=tdnn1.affine input=lda input-dim=200 output-dim=255
component-node name=tdnn1.relu component=tdnn1.relu input=tdnn1.affine input-dim=255 output-dim=255
component-node name=tdnn1.renorm component=tdnn1.renorm input=tdnn1.relu input-dim=255 output-dim=256
component-node name=tdnn2.affine component=tdnn2.affine input=Append(Offset(tdnn1.renorm, -1), tdnn1.renorm, Offset(tdnn1.renorm, 1), Offset(tdnn1.renorm, 2)) input-dim=1024 output-dim=255
component-node name=tdnn2.relu component=tdnn2.relu input=tdnn2.affine input-dim=255 output-dim=255
component-node name=tdnn2.renorm component=tdnn2.renorm input=tdnn2.relu input-dim=255 output-dim=256
component-node name=tdnn3.affine component=tdnn3.affine input=Append(Offset(tdnn2.renorm, -3), tdnn2.renorm, Offset(tdnn2.renorm, 3), Offset(tdnn2.renorm, 6)) input-dim=1024 output-dim=255
component-node name=tdnn3.relu component=tdnn3.relu input=tdnn3.affine input-dim=255 output-dim=255
component-node name=tdnn3.renorm component=tdnn3.renorm input=tdnn3.relu input-dim=255 output-dim=256
component-node name=tdnn3_stats-extraction-99-99 component=tdnn3_stats-extraction-99-99 input=tdnn3.renorm input-dim=256 output-dim=257
component-node name=tdnn3_stats-pooling-99-99 component=tdnn3_stats-pooling-99-99 input=tdnn3_stats-extraction-99-99 input-dim=257 output-dim=257
component-node name=tdnn4.affine component=tdnn4.affine input=Append(Offset(tdnn3.renorm, -6), tdnn3.renorm, Offset(tdnn3.renorm, 6), Offset(tdnn3.renorm, 12), Round(tdnn3_stats-pooling-99-99, 9)) input-dim=1281 output-dim=255
component-node name=tdnn4.relu component=tdnn4.relu input=tdnn4.affine input-dim=255 output-dim=255
component-node name=tdnn4.renorm component=tdnn4.renorm input=tdnn4.relu input-dim=255 output-dim=256
component-node name=tdnn4_stats-extraction-108-108 component=tdnn4_stats-extraction-108-108 input=tdnn4.renorm input-dim=256 output-dim=257
component-node name=tdnn4_stats-pooling-108-108 component=tdnn4_stats-pooling-108-108 input=tdnn4_stats-extraction-108-108 input-dim=257 output-dim=257
component-node name=tdnn5.affine component=tdnn5.affine input=Append(Offset(tdnn4.renorm, -12), tdnn4.renorm, Offset(tdnn4.renorm, 12), Offset(tdnn4.renorm, 24), Round(tdnn4_stats-pooling-108-108, 18)) input-dim=1281 output-dim=256
component-node name=tdnn5.relu component=tdnn5.relu input=tdnn5.affine input-dim=256 output-dim=256
component-node name=tdnn5.renorm component=tdnn5.renorm input=tdnn5.relu input-dim=256 output-dim=256
component-node name=output.affine component=output.affine input=tdnn5.renorm input-dim=256 output-dim=3
component-node name=output.log-softmax component=output.log-softmax input=output.affine input-dim=3 output-dim=3
output-node name=output input=output.log-softmax dim=3 objective=linear
component name=lda type=FixedAffineComponent, input-dim=200, output-dim=200, linear-params-rms=0.0017, bias-{mean,stddev}=0.01236,0.1777
component name=tdnn1.affine type=NaturalGradientAffineComponent, input-dim=200, output-dim=255, learning-rate=0.000903504, max-change=0.75, linear-params-rms=0.1035, linear-params-row-norms=[percentiles(0,1,2,5 10,20,50,80,90 95,98,99,100)=(0.85,0.89,0.91,0.92 0.95,0.98,1.1,1.7,1.9 2.1,2.3,3.5,4.3), mean=1.37, stddev=0.51], linear-params-col-norms=[percentiles(0,1,2,5 10,20,50,80,90 95,98,99,100)=(1.3,1.3,1.3,1.4 1.4,1.5,1.6,1.8,1.9 2.0,2.1,2.3,3.4), mean=1.64, stddev=0.23], bias-{mean,stddev}=-0.06372,0.7347, rank-in=20, rank-out=80, num-samples-history=2000, update-period=4, alpha=4
component name=tdnn1.relu type=RectifiedLinearComponent, dim=255, self-repair-scale=1e-05, count=1.63e+06, self-repaired-proportion=0.704446, value-avg=[percentiles(0,1,2,5 10,20,50,80,90 95,98,99,100)=(0,0,0,0 0,0,0.003,0.46,0.91 1.2,1.7,1.8,2.3), mean=0.238, stddev=0.432], deriv-avg=[percentiles(0,1,2,5 10,20,50,80,90 95,98,99,100)=(0,0,0,0 0,0,0.12,1.0,1.0 1.0,1.0,1.0,1.0), mean=0.44, stddev=0.46], oderiv-rms=[percentiles(0,1,2,5 10,20,50,80,90 95,98,99,100)=(0.004,0.004,0.005,0.005 0.005,0.006,0.009,0.07,0.09 0.10,0.11,0.13,0.16), mean=0.0376, stddev=0.0369], oderiv-count=1.62262e+06
component name=tdnn1.renorm type=NormalizeComponent, input-dim=255, output-dim=256, target-rms=1, add-log-stddev=true
component name=tdnn2.affine type=NaturalGradientAffineComponent, input-dim=1024, output-dim=255, learning-rate=0.000903504, max-change=0.75, linear-params-rms=0.07221, linear-params-row-norms=[percentiles(0,1,2,5 10,20,50,80,90 95,98,99,100)=(0.97,0.99,0.99,1.0 1.0,1.1,1.3,3.1,3.8 4.4,4.8,5.4,6.4), mean=1.96, stddev=1.23], linear-params-col-norms=[percentiles(0,1,2,5 10,20,50,80,90 95,98,99,100)=(0.40,0.43,0.45,0.47 0.48,0.49,0.53,1.6,1.8 2.0,2.2,2.4,2.6), mean=0.997, stddev=0.58], bias-{mean,stddev}=-0.01725,0.9791, rank-in=20, rank-out=80, num-samples-history=2000, update-period=4, alpha=4
component name=tdnn2.relu type=RectifiedLinearComponent, dim=255, self-repair-scale=1e-05, count=6.26e+05, self-repaired-proportion=0.00867439, value-avg=[percentiles(0,1,2,5 10,20,50,80,90 95,98,99,100)=(0.004,0.004,0.006,0.008 0.01,0.02,0.11,1.1,1.9 2.8,3.1,4.1,19), mean=0.635, stddev=1.47], deriv-avg=[percentiles(0,1,2,5 10,20,50,80,90 95,98,99,100)=(0.06,0.06,0.07,0.08 0.12,0.16,0.29,0.69,0.82 0.88,0.91,0.93,1.0), mean=0.39, stddev=0.263], oderiv-rms=[percentiles(0,1,2,5 10,20,50,80,90 95,98,99,100)=(0.001,0.001,0.001,0.001 0.002,0.002,0.002,0.007,0.01 0.01,0.02,0.02,0.03), mean=0.00435, stddev=0.0045], oderiv-count=532685
component name=tdnn2.renorm type=NormalizeComponent, input-dim=255, output-dim=256, target-rms=1, add-log-stddev=true
component name=tdnn3.affine type=NaturalGradientAffineComponent, input-dim=1024, output-dim=255, learning-rate=0.000903504, max-change=0.75, linear-params-rms=0.04318, linear-params-row-norms=[percentiles(0,1,2,5 10,20,50,80,90 95,98,99,100)=(0.95,0.98,0.99,1.0 1.0,1.1,1.3,1.6,1.8 1.9,2.2,2.2,2.6), mean=1.35, stddev=0.305], linear-params-col-norms=[percentiles(0,1,2,5 10,20,50,80,90 95,98,99,100)=(0.42,0.45,0.46,0.47 0.48,0.49,0.52,0.80,1.0 1.2,1.4,1.5,1.8), mean=0.641, stddev=0.253], bias-{mean,stddev}=0.0364,0.9179, rank-in=20, rank-out=80, num-samples-history=2000, update-period=4, alpha=4
component name=tdnn3.relu type=RectifiedLinearComponent, dim=255, self-repair-scale=1e-05, count=5.21e+05, self-repaired-proportion=1.9856e-05, value-avg=[percentiles(0,1,2,5 10,20,50,80,90 95,98,99,100)=(0.02,0.03,0.05,0.07 0.10,0.17,0.70,1.5,2.1 2.6,3.0,3.4,4.3), mean=0.91, stddev=0.824], deriv-avg=[percentiles(0,1,2,5 10,20,50,80,90 95,98,99,100)=(0.07,0.09,0.11,0.17 0.19,0.26,0.41,0.64,0.75 0.81,0.85,0.88,0.90), mean=0.445, stddev=0.206], oderiv-rms=[percentiles(0,1,2,5 10,20,50,80,90 95,98,99,100)=(0.001,0.002,0.002,0.002 0.002,0.002,0.003,0.005,0.006 0.006,0.007,0.009,0.02), mean=0.00358, stddev=0.00194], oderiv-count=505037
component name=tdnn3.renorm type=NormalizeComponent, input-dim=255, output-dim=256, target-rms=1, add-log-stddev=true
component name=tdnn3_stats-extraction-99-99 type=StatisticsExtractionComponent, input-dim=256, output-dim=257
component name=tdnn3_stats-pooling-99-99 type=StatisticsPoolingComponent, input-dim=257, output-dim=257
component name=tdnn4.affine type=NaturalGradientAffineComponent, input-dim=1281, output-dim=255, learning-rate=0.000903504, max-change=0.75, linear-params-rms=0.03798, linear-params-row-norms=[percentiles(0,1,2,5 10,20,50,80,90 95,98,99,100)=(0.98,0.99,1.0,1.0 1.0,1.1,1.3,1.5,1.7 1.9,2.0,2.2,2.6), mean=1.33, stddev=0.279], linear-params-col-norms=[percentiles(0,1,2,5 10,20,50,80,90 95,98,99,100)=(0.39,0.41,0.42,0.43 0.45,0.46,0.56,0.70,0.78 0.84,0.95,1.0,1.5), mean=0.588, stddev=0.147], bias-{mean,stddev}=-0.04701,1.067, rank-in=20, rank-out=80, num-samples-history=2000, update-period=4, alpha=4
component name=tdnn4.relu type=RectifiedLinearComponent, dim=255, self-repair-scale=1e-05, count=2.93e+05, self-repaired-proportion=0.000876328, value-avg=[percentiles(0,1,2,5 10,20,50,80,90 95,98,99,100)=(0.02,0.03,0.04,0.07 0.11,0.16,0.47,1.1,1.4 1.8,2.0,2.6,4.1), mean=0.669, stddev=0.599], deriv-avg=[percentiles(0,1,2,5 10,20,50,80,90 95,98,99,100)=(0.06,0.08,0.10,0.13 0.16,0.22,0.37,0.54,0.64 0.69,0.78,0.80,0.91), mean=0.389, stddev=0.179], oderiv-rms=[percentiles(0,1,2,5 10,20,50,80,90 95,98,99,100)=(0.002,0.003,0.003,0.003 0.003,0.004,0.005,0.007,0.009 0.01,0.01,0.01,0.02), mean=0.00588, stddev=0.00254], oderiv-count=331840
component name=tdnn4.renorm type=NormalizeComponent, input-dim=255, output-dim=256, target-rms=1, add-log-stddev=true
component name=tdnn4_stats-extraction-108-108 type=StatisticsExtractionComponent, input-dim=256, output-dim=257
component name=tdnn4_stats-pooling-108-108 type=StatisticsPoolingComponent, input-dim=257, output-dim=257
component name=tdnn5.affine type=NaturalGradientAffineComponent, input-dim=1281, output-dim=256, learning-rate=0.000903504, max-change=0.75, linear-params-rms=0.03621, linear-params-row-norms=[percentiles(0,1,2,5 10,20,50,80,90 95,98,99,100)=(0.93,0.95,0.96,0.97 0.98,0.99,1.1,1.6,1.8 1.9,2.0,2.2,2.5), mean=1.25, stddev=0.329], linear-params-col-norms=[percentiles(0,1,2,5 10,20,50,80,90 95,98,99,100)=(0.39,0.42,0.43,0.44 0.45,0.47,0.55,0.65,0.72 0.77,0.85,0.90,1.3), mean=0.569, stddev=0.111], bias-{mean,stddev}=-0.07561,0.8832, rank-in=20, rank-out=80, num-samples-history=2000, update-period=4, alpha=4
component name=tdnn5.relu type=RectifiedLinearComponent, dim=256, self-repair-scale=1e-05, count=6.76e+04, self-repaired-proportion=0.0556367, value-avg=[percentiles(0,1,2,5 10,20,50,80,90 95,98,99,100)=(7e-05,0.01,0.02,0.02 0.02,0.07,0.32,1.2,1.6 2.0,2.3,2.8,3.6), mean=0.631, stddev=0.693], deriv-avg=[percentiles(0,1,2,5 10,20,50,80,90 95,98,99,100)=(0.0005,0.05,0.06,0.06 0.07,0.14,0.36,0.72,0.86 0.91,0.97,0.98,1.0), mean=0.421, stddev=0.286], oderiv-rms=[percentiles(0,1,2,5 10,20,50,80,90 95,98,99,100)=(1e-05,0.0002,0.0003,0.0004 0.001,0.002,0.008,0.01,0.02 0.02,0.03,0.03,0.04), mean=0.00931, stddev=0.00755], oderiv-count=103578
component name=tdnn5.renorm type=NormalizeComponent, input-dim=256, output-dim=256, target-rms=1, add-log-stddev=false
component name=output.affine type=NaturalGradientAffineComponent, input-dim=256, output-dim=3, learning-rate=9.03504e-05, learning-rate-factor=0.1, max-change=1.5, linear-params-rms=0.04995, linear-params-row-norms=[ 0.96 0.89 0.44 ], linear-params-col-norms=[percentiles(0,1,2,5 10,20,50,80,90 95,98,99,100)=(9e-05,0.001,0.002,0.005 0.01,0.02,0.06,0.11,0.14 0.17,0.20,0.21,0.26), mean=0.069, stddev=0.0522], bias-{mean,stddev}=-4.346e-07,0.02883, rank-in=20, rank-out=2, num-samples-history=2000, update-period=4, alpha=4
component name=output.log-softmax type=LogSoftmaxComponent, dim=3, oderiv-rms=[ 0.44 0.89 0 ], oderiv-count=103309
nnet3-show-progress --use-gpu=no exp/dihard3_sad_tdnn_stats/67.raw exp/dihard3_sad_tdnn_stats/68.raw 
LOG (nnet3-show-progress[5.5.810~1-76a979]:SelectGpuId():cu-device.cc:153) Manually selected to compute on CPU.
LOG (nnet3-show-progress[5.5.810~1-76a979]:main():nnet3-show-progress.cc:143) Parameter differences per layer are [ tdnn1.affine:0.539542 tdnn2.affine:0.895877 tdnn3.affine:0.519674 tdnn4.affine:0.682568 tdnn5.affine:0.861337 output.affine:0.0509009 ]
LOG (nnet3-show-progress[5.5.810~1-76a979]:main():nnet3-show-progress.cc:153) Norms of parameter matrices from <new-nnet-in> are [ tdnn1.affine:26.168 tdnn2.affine:40.0772 tdnn3.affine:26.4969 tdnn4.affine:27.6071 tdnn5.affine:25.1224 output.affine:1.38504 ]
LOG (nnet3-show-progress[5.5.810~1-76a979]:main():nnet3-show-progress.cc:157) Relative parameter differences per layer are [ tdnn1.affine:0.0206813 tdnn2.affine:0.0224524 tdnn3.affine:0.0196619 tdnn4.affine:0.0247853 tdnn5.affine:0.0343847 output.affine:0.0369659 ]
# Accounting: time=0 threads=1
# Ended (code 0) at Tue Oct 13 17:36:06 EDT 2020, elapsed time 0 seconds
