# nnet3-info exp/dihard3_sad_tdnn_stats/188.raw && nnet3-show-progress --use-gpu=no exp/dihard3_sad_tdnn_stats/187.raw exp/dihard3_sad_tdnn_stats/188.raw 
# Started at Tue Oct 13 17:50:55 EDT 2020
#
nnet3-info exp/dihard3_sad_tdnn_stats/188.raw 
left-context: 24
right-context: 46
num-parameters: 1229878
modulus: 18
input-node name=input dim=40
component-node name=lda component=lda input=Append(Offset(input, -2), Offset(input, -1), input, Offset(input, 1), Offset(input, 2)) input-dim=200 output-dim=200
component-node name=tdnn1.affine component=tdnn1.affine input=lda input-dim=200 output-dim=255
component-node name=tdnn1.relu component=tdnn1.relu input=tdnn1.affine input-dim=255 output-dim=255
component-node name=tdnn1.renorm component=tdnn1.renorm input=tdnn1.relu input-dim=255 output-dim=256
component-node name=tdnn2.affine component=tdnn2.affine input=Append(Offset(tdnn1.renorm, -1), tdnn1.renorm, Offset(tdnn1.renorm, 1), Offset(tdnn1.renorm, 2)) input-dim=1024 output-dim=255
component-node name=tdnn2.relu component=tdnn2.relu input=tdnn2.affine input-dim=255 output-dim=255
component-node name=tdnn2.renorm component=tdnn2.renorm input=tdnn2.relu input-dim=255 output-dim=256
component-node name=tdnn3.affine component=tdnn3.affine input=Append(Offset(tdnn2.renorm, -3), tdnn2.renorm, Offset(tdnn2.renorm, 3), Offset(tdnn2.renorm, 6)) input-dim=1024 output-dim=255
component-node name=tdnn3.relu component=tdnn3.relu input=tdnn3.affine input-dim=255 output-dim=255
component-node name=tdnn3.renorm component=tdnn3.renorm input=tdnn3.relu input-dim=255 output-dim=256
component-node name=tdnn3_stats-extraction-99-99 component=tdnn3_stats-extraction-99-99 input=tdnn3.renorm input-dim=256 output-dim=257
component-node name=tdnn3_stats-pooling-99-99 component=tdnn3_stats-pooling-99-99 input=tdnn3_stats-extraction-99-99 input-dim=257 output-dim=257
component-node name=tdnn4.affine component=tdnn4.affine input=Append(Offset(tdnn3.renorm, -6), tdnn3.renorm, Offset(tdnn3.renorm, 6), Offset(tdnn3.renorm, 12), Round(tdnn3_stats-pooling-99-99, 9)) input-dim=1281 output-dim=255
component-node name=tdnn4.relu component=tdnn4.relu input=tdnn4.affine input-dim=255 output-dim=255
component-node name=tdnn4.renorm component=tdnn4.renorm input=tdnn4.relu input-dim=255 output-dim=256
component-node name=tdnn4_stats-extraction-108-108 component=tdnn4_stats-extraction-108-108 input=tdnn4.renorm input-dim=256 output-dim=257
component-node name=tdnn4_stats-pooling-108-108 component=tdnn4_stats-pooling-108-108 input=tdnn4_stats-extraction-108-108 input-dim=257 output-dim=257
component-node name=tdnn5.affine component=tdnn5.affine input=Append(Offset(tdnn4.renorm, -12), tdnn4.renorm, Offset(tdnn4.renorm, 12), Offset(tdnn4.renorm, 24), Round(tdnn4_stats-pooling-108-108, 18)) input-dim=1281 output-dim=256
component-node name=tdnn5.relu component=tdnn5.relu input=tdnn5.affine input-dim=256 output-dim=256
component-node name=tdnn5.renorm component=tdnn5.renorm input=tdnn5.relu input-dim=256 output-dim=256
component-node name=output.affine component=output.affine input=tdnn5.renorm input-dim=256 output-dim=3
component-node name=output.log-softmax component=output.log-softmax input=output.affine input-dim=3 output-dim=3
output-node name=output input=output.log-softmax dim=3 objective=linear
component name=lda type=FixedAffineComponent, input-dim=200, output-dim=200, linear-params-rms=0.0017, bias-{mean,stddev}=0.01236,0.1777
component name=tdnn1.affine type=NaturalGradientAffineComponent, input-dim=200, output-dim=255, learning-rate=0.000355168, max-change=0.75, linear-params-rms=0.1323, linear-params-row-norms=[percentiles(0,1,2,5 10,20,50,80,90 95,98,99,100)=(0.85,0.89,0.91,0.93 0.96,0.99,1.1,2.3,2.6 2.9,3.5,4.4,5.3), mean=1.68, stddev=0.82], linear-params-col-norms=[percentiles(0,1,2,5 10,20,50,80,90 95,98,99,100)=(1.4,1.6,1.7,1.8 1.8,1.9,2.1,2.2,2.4 2.5,2.6,2.7,3.8), mean=2.1, stddev=0.255], bias-{mean,stddev}=-0.03719,0.5353, rank-in=20, rank-out=80, num-samples-history=2000, update-period=4, alpha=4
component name=tdnn1.relu type=RectifiedLinearComponent, dim=255, self-repair-scale=1e-05, count=1.82e+06, self-repaired-proportion=0.514273, value-avg=[percentiles(0,1,2,5 10,20,50,80,90 95,98,99,100)=(0,0,0,0 0,0,0.006,0.16,0.61 0.89,1.3,1.5,1.8), mean=0.161, stddev=0.322], deriv-avg=[percentiles(0,1,2,5 10,20,50,80,90 95,98,99,100)=(0,0,0,0 0,0,0.20,0.98,1.0 1.0,1.0,1.0,1.0), mean=0.432, stddev=0.427], oderiv-rms=[percentiles(0,1,2,5 10,20,50,80,90 95,98,99,100)=(0.007,0.007,0.007,0.008 0.008,0.009,0.02,0.10,0.12 0.14,0.15,0.18,0.23), mean=0.0537, stddev=0.0512], oderiv-count=1.54402e+06
component name=tdnn1.renorm type=NormalizeComponent, input-dim=255, output-dim=256, target-rms=1, add-log-stddev=true
component name=tdnn2.affine type=NaturalGradientAffineComponent, input-dim=1024, output-dim=255, learning-rate=0.000355168, max-change=0.75, linear-params-rms=0.08878, linear-params-row-norms=[percentiles(0,1,2,5 10,20,50,80,90 95,98,99,100)=(1.0,1.0,1.0,1.1 1.1,1.2,1.7,4.1,4.8 5.3,5.9,6.2,7.0), mean=2.4, stddev=1.53], linear-params-col-norms=[percentiles(0,1,2,5 10,20,50,80,90 95,98,99,100)=(0.40,0.43,0.46,0.47 0.48,0.49,0.57,2.0,2.2 2.4,2.7,2.8,3.2), mean=1.19, stddev=0.768], bias-{mean,stddev}=-0.01738,0.9788, rank-in=20, rank-out=80, num-samples-history=2000, update-period=4, alpha=4
component name=tdnn2.relu type=RectifiedLinearComponent, dim=255, self-repair-scale=1e-05, count=5.86e+05, self-repaired-proportion=0.00484262, value-avg=[percentiles(0,1,2,5 10,20,50,80,90 95,98,99,100)=(0.02,0.02,0.02,0.03 0.05,0.07,0.20,1.0,2.2 3.0,3.9,4.8,16), mean=0.756, stddev=1.45], deriv-avg=[percentiles(0,1,2,5 10,20,50,80,90 95,98,99,100)=(0.06,0.06,0.07,0.11 0.15,0.22,0.36,0.58,0.73 0.85,0.89,0.92,1.0), mean=0.41, stddev=0.217], oderiv-rms=[percentiles(0,1,2,5 10,20,50,80,90 95,98,99,100)=(0.002,0.002,0.002,0.002 0.002,0.002,0.003,0.009,0.01 0.01,0.02,0.02,0.03), mean=0.00532, stddev=0.00448], oderiv-count=523392
component name=tdnn2.renorm type=NormalizeComponent, input-dim=255, output-dim=256, target-rms=1, add-log-stddev=true
component name=tdnn3.affine type=NaturalGradientAffineComponent, input-dim=1024, output-dim=255, learning-rate=0.000355168, max-change=0.75, linear-params-rms=0.05219, linear-params-row-norms=[percentiles(0,1,2,5 10,20,50,80,90 95,98,99,100)=(1.0,1.1,1.1,1.1 1.1,1.2,1.6,1.9,2.1 2.4,2.5,2.7,2.9), mean=1.62, stddev=0.404], linear-params-col-norms=[percentiles(0,1,2,5 10,20,50,80,90 95,98,99,100)=(0.42,0.46,0.48,0.49 0.49,0.51,0.56,1.0,1.3 1.5,1.8,1.9,2.1), mean=0.75, stddev=0.363], bias-{mean,stddev}=0.03626,0.9171, rank-in=20, rank-out=80, num-samples-history=2000, update-period=4, alpha=4
component name=tdnn3.relu type=RectifiedLinearComponent, dim=255, self-repair-scale=1e-05, count=5.69e+05, self-repaired-proportion=0, value-avg=[percentiles(0,1,2,5 10,20,50,80,90 95,98,99,100)=(0.07,0.07,0.12,0.18 0.22,0.32,0.89,1.6,2.3 2.7,3.0,3.4,4.7), mean=1.08, stddev=0.822], deriv-avg=[percentiles(0,1,2,5 10,20,50,80,90 95,98,99,100)=(0.11,0.13,0.20,0.21 0.25,0.29,0.41,0.57,0.67 0.73,0.77,0.79,0.88), mean=0.433, stddev=0.159], oderiv-rms=[percentiles(0,1,2,5 10,20,50,80,90 95,98,99,100)=(0.002,0.003,0.003,0.003 0.003,0.003,0.005,0.007,0.007 0.008,0.009,0.01,0.02), mean=0.00514, stddev=0.002], oderiv-count=502272
component name=tdnn3.renorm type=NormalizeComponent, input-dim=255, output-dim=256, target-rms=1, add-log-stddev=true
component name=tdnn3_stats-extraction-99-99 type=StatisticsExtractionComponent, input-dim=256, output-dim=257
component name=tdnn3_stats-pooling-99-99 type=StatisticsPoolingComponent, input-dim=257, output-dim=257
component name=tdnn4.affine type=NaturalGradientAffineComponent, input-dim=1281, output-dim=255, learning-rate=0.000355168, max-change=0.75, linear-params-rms=0.04748, linear-params-row-norms=[percentiles(0,1,2,5 10,20,50,80,90 95,98,99,100)=(1.1,1.1,1.1,1.2 1.2,1.3,1.6,1.9,2.1 2.3,2.5,3.0,3.2), mean=1.66, stddev=0.37], linear-params-col-norms=[percentiles(0,1,2,5 10,20,50,80,90 95,98,99,100)=(0.42,0.45,0.45,0.47 0.48,0.51,0.71,0.91,1.0 1.1,1.2,1.3,1.9), mean=0.728, stddev=0.213], bias-{mean,stddev}=-0.04678,1.067, rank-in=20, rank-out=80, num-samples-history=2000, update-period=4, alpha=4
component name=tdnn4.relu type=RectifiedLinearComponent, dim=255, self-repair-scale=1e-05, count=2.96e+05, self-repaired-proportion=0, value-avg=[percentiles(0,1,2,5 10,20,50,80,90 95,98,99,100)=(0.04,0.08,0.10,0.11 0.18,0.27,0.51,1.0,1.3 1.5,2.0,2.4,4.4), mean=0.67, stddev=0.536], deriv-avg=[percentiles(0,1,2,5 10,20,50,80,90 95,98,99,100)=(0.11,0.11,0.12,0.14 0.19,0.23,0.36,0.49,0.57 0.66,0.72,0.73,0.86), mean=0.372, stddev=0.152], oderiv-rms=[percentiles(0,1,2,5 10,20,50,80,90 95,98,99,100)=(0.005,0.006,0.007,0.008 0.008,0.009,0.01,0.01,0.01 0.02,0.02,0.02,0.02), mean=0.011, stddev=0.00264], oderiv-count=350933
component name=tdnn4.renorm type=NormalizeComponent, input-dim=255, output-dim=256, target-rms=1, add-log-stddev=true
component name=tdnn4_stats-extraction-108-108 type=StatisticsExtractionComponent, input-dim=256, output-dim=257
component name=tdnn4_stats-pooling-108-108 type=StatisticsPoolingComponent, input-dim=257, output-dim=257
component name=tdnn5.affine type=NaturalGradientAffineComponent, input-dim=1281, output-dim=256, learning-rate=0.000355168, max-change=0.75, linear-params-rms=0.0465, linear-params-row-norms=[percentiles(0,1,2,5 10,20,50,80,90 95,98,99,100)=(0.94,0.95,0.97,0.98 1.0,1.1,1.5,2.1,2.3 2.5,2.6,2.9,3.2), mean=1.58, stddev=0.515], linear-params-col-norms=[percentiles(0,1,2,5 10,20,50,80,90 95,98,99,100)=(0.41,0.46,0.47,0.49 0.52,0.58,0.72,0.85,0.93 0.99,1.1,1.2,1.6), mean=0.726, stddev=0.163], bias-{mean,stddev}=-0.07636,0.883, rank-in=20, rank-out=80, num-samples-history=2000, update-period=4, alpha=4
component name=tdnn5.relu type=RectifiedLinearComponent, dim=256, self-repair-scale=1e-05, count=6.24e+04, self-repaired-proportion=0.00460574, value-avg=[percentiles(0,1,2,5 10,20,50,80,90 95,98,99,100)=(0.01,0.02,0.02,0.02 0.05,0.11,0.33,0.75,0.99 1.3,1.7,1.9,2.9), mean=0.465, stddev=0.438], deriv-avg=[percentiles(0,1,2,5 10,20,50,80,90 95,98,99,100)=(0.05,0.05,0.06,0.07 0.10,0.16,0.33,0.55,0.63 0.72,0.80,0.84,0.92), mean=0.356, stddev=0.205], oderiv-rms=[percentiles(0,1,2,5 10,20,50,80,90 95,98,99,100)=(0.0004,0.0005,0.0009,0.001 0.004,0.008,0.02,0.03,0.03 0.04,0.04,0.04,0.05), mean=0.0192, stddev=0.0107], oderiv-count=98261.3
component name=tdnn5.renorm type=NormalizeComponent, input-dim=256, output-dim=256, target-rms=1, add-log-stddev=false
component name=output.affine type=NaturalGradientAffineComponent, input-dim=256, output-dim=3, learning-rate=3.55168e-05, learning-rate-factor=0.1, max-change=1.5, linear-params-rms=0.09736, linear-params-row-norms=[ 1.9 1.8 0.53 ], linear-params-col-norms=[percentiles(0,1,2,5 10,20,50,80,90 95,98,99,100)=(0.003,0.007,0.01,0.02 0.03,0.08,0.15,0.22,0.24 0.27,0.30,0.32,0.41), mean=0.149, stddev=0.0781], bias-{mean,stddev}=-1.254e-06,0.06031, rank-in=20, rank-out=2, num-samples-history=2000, update-period=4, alpha=4
component name=output.log-softmax type=LogSoftmaxComponent, dim=3, oderiv-rms=[ 0.44 0.89 0 ], oderiv-count=98261.3
nnet3-show-progress --use-gpu=no exp/dihard3_sad_tdnn_stats/187.raw exp/dihard3_sad_tdnn_stats/188.raw 
LOG (nnet3-show-progress[5.5.810~1-76a979]:SelectGpuId():cu-device.cc:153) Manually selected to compute on CPU.
LOG (nnet3-show-progress[5.5.810~1-76a979]:main():nnet3-show-progress.cc:143) Parameter differences per layer are [ tdnn1.affine:0.279335 tdnn2.affine:0.376582 tdnn3.affine:0.267582 tdnn4.affine:0.434776 tdnn5.affine:0.53966 output.affine:0.0197735 ]
LOG (nnet3-show-progress[5.5.810~1-76a979]:main():nnet3-show-progress.cc:153) Norms of parameter matrices from <new-nnet-in> are [ tdnn1.affine:31.0809 tdnn2.affine:47.9858 tdnn3.affine:30.4298 tdnn4.affine:32.0511 tdnn5.affine:30.1695 output.affine:2.70014 ]
LOG (nnet3-show-progress[5.5.810~1-76a979]:main():nnet3-show-progress.cc:157) Relative parameter differences per layer are [ tdnn1.affine:0.00899352 tdnn2.affine:0.00785242 tdnn3.affine:0.00879942 tdnn4.affine:0.013575 tdnn5.affine:0.0179018 output.affine:0.00734759 ]
# Accounting: time=0 threads=1
# Ended (code 0) at Tue Oct 13 17:50:55 EDT 2020, elapsed time 0 seconds
