# nnet3-info exp/dihard3_sad_tdnn_stats/127.raw && nnet3-show-progress --use-gpu=no exp/dihard3_sad_tdnn_stats/126.raw exp/dihard3_sad_tdnn_stats/127.raw 
# Started at Tue Oct 13 17:43:22 EDT 2020
#
nnet3-info exp/dihard3_sad_tdnn_stats/127.raw 
left-context: 24
right-context: 46
num-parameters: 1229878
modulus: 18
input-node name=input dim=40
component-node name=lda component=lda input=Append(Offset(input, -2), Offset(input, -1), input, Offset(input, 1), Offset(input, 2)) input-dim=200 output-dim=200
component-node name=tdnn1.affine component=tdnn1.affine input=lda input-dim=200 output-dim=255
component-node name=tdnn1.relu component=tdnn1.relu input=tdnn1.affine input-dim=255 output-dim=255
component-node name=tdnn1.renorm component=tdnn1.renorm input=tdnn1.relu input-dim=255 output-dim=256
component-node name=tdnn2.affine component=tdnn2.affine input=Append(Offset(tdnn1.renorm, -1), tdnn1.renorm, Offset(tdnn1.renorm, 1), Offset(tdnn1.renorm, 2)) input-dim=1024 output-dim=255
component-node name=tdnn2.relu component=tdnn2.relu input=tdnn2.affine input-dim=255 output-dim=255
component-node name=tdnn2.renorm component=tdnn2.renorm input=tdnn2.relu input-dim=255 output-dim=256
component-node name=tdnn3.affine component=tdnn3.affine input=Append(Offset(tdnn2.renorm, -3), tdnn2.renorm, Offset(tdnn2.renorm, 3), Offset(tdnn2.renorm, 6)) input-dim=1024 output-dim=255
component-node name=tdnn3.relu component=tdnn3.relu input=tdnn3.affine input-dim=255 output-dim=255
component-node name=tdnn3.renorm component=tdnn3.renorm input=tdnn3.relu input-dim=255 output-dim=256
component-node name=tdnn3_stats-extraction-99-99 component=tdnn3_stats-extraction-99-99 input=tdnn3.renorm input-dim=256 output-dim=257
component-node name=tdnn3_stats-pooling-99-99 component=tdnn3_stats-pooling-99-99 input=tdnn3_stats-extraction-99-99 input-dim=257 output-dim=257
component-node name=tdnn4.affine component=tdnn4.affine input=Append(Offset(tdnn3.renorm, -6), tdnn3.renorm, Offset(tdnn3.renorm, 6), Offset(tdnn3.renorm, 12), Round(tdnn3_stats-pooling-99-99, 9)) input-dim=1281 output-dim=255
component-node name=tdnn4.relu component=tdnn4.relu input=tdnn4.affine input-dim=255 output-dim=255
component-node name=tdnn4.renorm component=tdnn4.renorm input=tdnn4.relu input-dim=255 output-dim=256
component-node name=tdnn4_stats-extraction-108-108 component=tdnn4_stats-extraction-108-108 input=tdnn4.renorm input-dim=256 output-dim=257
component-node name=tdnn4_stats-pooling-108-108 component=tdnn4_stats-pooling-108-108 input=tdnn4_stats-extraction-108-108 input-dim=257 output-dim=257
component-node name=tdnn5.affine component=tdnn5.affine input=Append(Offset(tdnn4.renorm, -12), tdnn4.renorm, Offset(tdnn4.renorm, 12), Offset(tdnn4.renorm, 24), Round(tdnn4_stats-pooling-108-108, 18)) input-dim=1281 output-dim=256
component-node name=tdnn5.relu component=tdnn5.relu input=tdnn5.affine input-dim=256 output-dim=256
component-node name=tdnn5.renorm component=tdnn5.renorm input=tdnn5.relu input-dim=256 output-dim=256
component-node name=output.affine component=output.affine input=tdnn5.renorm input-dim=256 output-dim=3
component-node name=output.log-softmax component=output.log-softmax input=output.affine input-dim=3 output-dim=3
output-node name=output input=output.log-softmax dim=3 objective=linear
component name=lda type=FixedAffineComponent, input-dim=200, output-dim=200, linear-params-rms=0.0017, bias-{mean,stddev}=0.01236,0.1777
component name=tdnn1.affine type=NaturalGradientAffineComponent, input-dim=200, output-dim=255, learning-rate=0.000522428, max-change=0.75, linear-params-rms=0.1236, linear-params-row-norms=[percentiles(0,1,2,5 10,20,50,80,90 95,98,99,100)=(0.85,0.89,0.91,0.92 0.96,0.99,1.1,2.2,2.4 2.6,3.3,4.2,5.1), mean=1.59, stddev=0.731], linear-params-col-norms=[percentiles(0,1,2,5 10,20,50,80,90 95,98,99,100)=(1.4,1.5,1.6,1.6 1.7,1.8,1.9,2.1,2.3 2.3,2.4,2.6,3.8), mean=1.96, stddev=0.258], bias-{mean,stddev}=-0.0468,0.601, rank-in=20, rank-out=80, num-samples-history=2000, update-period=4, alpha=4
component name=tdnn1.relu type=RectifiedLinearComponent, dim=255, self-repair-scale=1e-05, count=1.88e+06, self-repaired-proportion=0.571223, value-avg=[percentiles(0,1,2,5 10,20,50,80,90 95,98,99,100)=(0,0,0,0 0,0,0.005,0.27,0.72 0.99,1.4,1.6,2.0), mean=0.184, stddev=0.358], deriv-avg=[percentiles(0,1,2,5 10,20,50,80,90 95,98,99,100)=(0,0,0,0 0,0,0.15,1.0,1.0 1.0,1.0,1.0,1.0), mean=0.434, stddev=0.439], oderiv-rms=[percentiles(0,1,2,5 10,20,50,80,90 95,98,99,100)=(0.005,0.005,0.006,0.006 0.006,0.007,0.01,0.09,0.11 0.12,0.13,0.16,0.20), mean=0.0462, stddev=0.0449], oderiv-count=1.5124e+06
component name=tdnn1.renorm type=NormalizeComponent, input-dim=255, output-dim=256, target-rms=1, add-log-stddev=true
component name=tdnn2.affine type=NaturalGradientAffineComponent, input-dim=1024, output-dim=255, learning-rate=0.000522428, max-change=0.75, linear-params-rms=0.08454, linear-params-row-norms=[percentiles(0,1,2,5 10,20,50,80,90 95,98,99,100)=(1.0,1.0,1.0,1.0 1.1,1.1,1.6,3.9,4.6 5.1,5.7,6.2,7.0), mean=2.27, stddev=1.47], linear-params-col-norms=[percentiles(0,1,2,5 10,20,50,80,90 95,98,99,100)=(0.40,0.43,0.45,0.47 0.48,0.49,0.56,1.9,2.1 2.3,2.6,2.7,3.1), mean=1.14, stddev=0.722], bias-{mean,stddev}=-0.01729,0.9789, rank-in=20, rank-out=80, num-samples-history=2000, update-period=4, alpha=4
component name=tdnn2.relu type=RectifiedLinearComponent, dim=255, self-repair-scale=1e-05, count=4.95e+05, self-repaired-proportion=0.00449118, value-avg=[percentiles(0,1,2,5 10,20,50,80,90 95,98,99,100)=(0.006,0.01,0.02,0.02 0.03,0.05,0.18,1.0,2.1 2.9,3.9,4.6,17), mean=0.734, stddev=1.5], deriv-avg=[percentiles(0,1,2,5 10,20,50,80,90 95,98,99,100)=(0.06,0.06,0.07,0.11 0.15,0.20,0.34,0.61,0.76 0.87,0.91,0.92,1.0), mean=0.401, stddev=0.228], oderiv-rms=[percentiles(0,1,2,5 10,20,50,80,90 95,98,99,100)=(0.001,0.001,0.001,0.002 0.002,0.002,0.002,0.007,0.01 0.01,0.02,0.02,0.02), mean=0.00455, stddev=0.00427], oderiv-count=499046
component name=tdnn2.renorm type=NormalizeComponent, input-dim=255, output-dim=256, target-rms=1, add-log-stddev=true
component name=tdnn3.affine type=NaturalGradientAffineComponent, input-dim=1024, output-dim=255, learning-rate=0.000522428, max-change=0.75, linear-params-rms=0.04947, linear-params-row-norms=[percentiles(0,1,2,5 10,20,50,80,90 95,98,99,100)=(1.0,1.0,1.0,1.0 1.1,1.1,1.5,1.8,2.0 2.3,2.4,2.6,2.8), mean=1.53, stddev=0.387], linear-params-col-norms=[percentiles(0,1,2,5 10,20,50,80,90 95,98,99,100)=(0.42,0.46,0.47,0.48 0.49,0.50,0.54,0.97,1.2 1.5,1.7,1.8,2.1), mean=0.715, stddev=0.336], bias-{mean,stddev}=0.03636,0.9173, rank-in=20, rank-out=80, num-samples-history=2000, update-period=4, alpha=4
component name=tdnn3.relu type=RectifiedLinearComponent, dim=255, self-repair-scale=1e-05, count=5.23e+05, self-repaired-proportion=0, value-avg=[percentiles(0,1,2,5 10,20,50,80,90 95,98,99,100)=(0.05,0.06,0.11,0.13 0.18,0.28,0.85,1.7,2.3 2.7,3.2,3.6,4.5), mean=1.06, stddev=0.856], deriv-avg=[percentiles(0,1,2,5 10,20,50,80,90 95,98,99,100)=(0.09,0.12,0.18,0.20 0.24,0.27,0.41,0.60,0.70 0.76,0.80,0.82,0.89), mean=0.436, stddev=0.173], oderiv-rms=[percentiles(0,1,2,5 10,20,50,80,90 95,98,99,100)=(0.002,0.002,0.002,0.002 0.002,0.002,0.004,0.005,0.006 0.007,0.008,0.01,0.02), mean=0.00412, stddev=0.00192], oderiv-count=533146
component name=tdnn3.renorm type=NormalizeComponent, input-dim=255, output-dim=256, target-rms=1, add-log-stddev=true
component name=tdnn3_stats-extraction-99-99 type=StatisticsExtractionComponent, input-dim=256, output-dim=257
component name=tdnn3_stats-pooling-99-99 type=StatisticsPoolingComponent, input-dim=257, output-dim=257
component name=tdnn4.affine type=NaturalGradientAffineComponent, input-dim=1281, output-dim=255, learning-rate=0.000522428, max-change=0.75, linear-params-rms=0.04442, linear-params-row-norms=[percentiles(0,1,2,5 10,20,50,80,90 95,98,99,100)=(1.0,1.0,1.1,1.1 1.1,1.2,1.5,1.8,2.0 2.2,2.4,2.8,3.0), mean=1.55, stddev=0.358], linear-params-col-norms=[percentiles(0,1,2,5 10,20,50,80,90 95,98,99,100)=(0.41,0.43,0.44,0.45 0.46,0.49,0.65,0.85,0.93 1.0,1.2,1.3,1.8), mean=0.681, stddev=0.198], bias-{mean,stddev}=-0.04685,1.067, rank-in=20, rank-out=80, num-samples-history=2000, update-period=4, alpha=4
component name=tdnn4.relu type=RectifiedLinearComponent, dim=255, self-repair-scale=1e-05, count=3.51e+05, self-repaired-proportion=0, value-avg=[percentiles(0,1,2,5 10,20,50,80,90 95,98,99,100)=(0.03,0.07,0.08,0.09 0.16,0.25,0.52,1.1,1.4 1.7,2.2,2.5,4.5), mean=0.695, stddev=0.581], deriv-avg=[percentiles(0,1,2,5 10,20,50,80,90 95,98,99,100)=(0.08,0.10,0.12,0.13 0.18,0.23,0.36,0.50,0.58 0.66,0.72,0.75,0.87), mean=0.377, stddev=0.155], oderiv-rms=[percentiles(0,1,2,5 10,20,50,80,90 95,98,99,100)=(0.003,0.004,0.004,0.005 0.005,0.006,0.008,0.01,0.01 0.01,0.01,0.02,0.02), mean=0.00797, stddev=0.00258], oderiv-count=351360
component name=tdnn4.renorm type=NormalizeComponent, input-dim=255, output-dim=256, target-rms=1, add-log-stddev=true
component name=tdnn4_stats-extraction-108-108 type=StatisticsExtractionComponent, input-dim=256, output-dim=257
component name=tdnn4_stats-pooling-108-108 type=StatisticsPoolingComponent, input-dim=257, output-dim=257
component name=tdnn5.affine type=NaturalGradientAffineComponent, input-dim=1281, output-dim=256, learning-rate=0.000522428, max-change=0.75, linear-params-rms=0.04318, linear-params-row-norms=[percentiles(0,1,2,5 10,20,50,80,90 95,98,99,100)=(0.95,0.95,0.96,0.98 0.99,1.1,1.3,2.0,2.2 2.3,2.5,2.7,3.1), mean=1.47, stddev=0.475], linear-params-col-norms=[percentiles(0,1,2,5 10,20,50,80,90 95,98,99,100)=(0.41,0.44,0.45,0.47 0.49,0.52,0.66,0.80,0.87 0.94,1.0,1.1,1.5), mean=0.673, stddev=0.155], bias-{mean,stddev}=-0.07581,0.8832, rank-in=20, rank-out=80, num-samples-history=2000, update-period=4, alpha=4
component name=tdnn5.relu type=RectifiedLinearComponent, dim=256, self-repair-scale=1e-05, count=5.77e+04, self-repaired-proportion=0.0121949, value-avg=[percentiles(0,1,2,5 10,20,50,80,90 95,98,99,100)=(0.01,0.02,0.02,0.02 0.04,0.09,0.35,1.0,1.3 1.6,1.9,2.5,3.6), mean=0.578, stddev=0.575], deriv-avg=[percentiles(0,1,2,5 10,20,50,80,90 95,98,99,100)=(0.04,0.05,0.06,0.06 0.09,0.17,0.34,0.64,0.73 0.80,0.87,0.90,0.95), mean=0.39, stddev=0.24], oderiv-rms=[percentiles(0,1,2,5 10,20,50,80,90 95,98,99,100)=(0.0001,0.0002,0.0004,0.0009 0.002,0.006,0.01,0.02,0.02 0.03,0.03,0.03,0.04), mean=0.0137, stddev=0.00866], oderiv-count=103040
component name=tdnn5.renorm type=NormalizeComponent, input-dim=256, output-dim=256, target-rms=1, add-log-stddev=false
component name=output.affine type=NaturalGradientAffineComponent, input-dim=256, output-dim=3, learning-rate=5.22428e-05, learning-rate-factor=0.1, max-change=1.5, linear-params-rms=0.07352, linear-params-row-norms=[ 1.4 1.4 0.50 ], linear-params-col-norms=[percentiles(0,1,2,5 10,20,50,80,90 95,98,99,100)=(0.0006,0.002,0.007,0.01 0.03,0.05,0.11,0.17,0.19 0.22,0.24,0.27,0.32), mean=0.11, stddev=0.0644], bias-{mean,stddev}=-9.903e-07,0.04484, rank-in=20, rank-out=2, num-samples-history=2000, update-period=4, alpha=4
component name=output.log-softmax type=LogSoftmaxComponent, dim=3, oderiv-rms=[ 0.44 0.89 0 ], oderiv-count=103040
nnet3-show-progress --use-gpu=no exp/dihard3_sad_tdnn_stats/126.raw exp/dihard3_sad_tdnn_stats/127.raw 
LOG (nnet3-show-progress[5.5.810~1-76a979]:SelectGpuId():cu-device.cc:153) Manually selected to compute on CPU.
LOG (nnet3-show-progress[5.5.810~1-76a979]:main():nnet3-show-progress.cc:143) Parameter differences per layer are [ tdnn1.affine:0.411807 tdnn2.affine:0.565109 tdnn3.affine:0.376118 tdnn4.affine:0.559667 tdnn5.affine:0.709099 output.affine:0.0308876 ]
LOG (nnet3-show-progress[5.5.810~1-76a979]:main():nnet3-show-progress.cc:153) Norms of parameter matrices from <new-nnet-in> are [ tdnn1.affine:29.5222 tdnn2.affine:45.9407 tdnn3.affine:29.2208 tdnn4.affine:30.5845 tdnn5.affine:28.5069 output.affine:2.03906 ]
LOG (nnet3-show-progress[5.5.810~1-76a979]:main():nnet3-show-progress.cc:157) Relative parameter differences per layer are [ tdnn1.affine:0.0139687 tdnn2.affine:0.0123189 tdnn3.affine:0.0128857 tdnn4.affine:0.0183216 tdnn5.affine:0.0249107 output.affine:0.0152137 ]
# Accounting: time=0 threads=1
# Ended (code 0) at Tue Oct 13 17:43:22 EDT 2020, elapsed time 0 seconds
