# nnet3-info exp/dihard3_sad_tdnn_stats/209.raw && nnet3-show-progress --use-gpu=no exp/dihard3_sad_tdnn_stats/208.raw exp/dihard3_sad_tdnn_stats/209.raw 
# Started at Tue Oct 13 17:53:39 EDT 2020
#
nnet3-info exp/dihard3_sad_tdnn_stats/209.raw 
left-context: 24
right-context: 46
num-parameters: 1229878
modulus: 18
input-node name=input dim=40
component-node name=lda component=lda input=Append(Offset(input, -2), Offset(input, -1), input, Offset(input, 1), Offset(input, 2)) input-dim=200 output-dim=200
component-node name=tdnn1.affine component=tdnn1.affine input=lda input-dim=200 output-dim=255
component-node name=tdnn1.relu component=tdnn1.relu input=tdnn1.affine input-dim=255 output-dim=255
component-node name=tdnn1.renorm component=tdnn1.renorm input=tdnn1.relu input-dim=255 output-dim=256
component-node name=tdnn2.affine component=tdnn2.affine input=Append(Offset(tdnn1.renorm, -1), tdnn1.renorm, Offset(tdnn1.renorm, 1), Offset(tdnn1.renorm, 2)) input-dim=1024 output-dim=255
component-node name=tdnn2.relu component=tdnn2.relu input=tdnn2.affine input-dim=255 output-dim=255
component-node name=tdnn2.renorm component=tdnn2.renorm input=tdnn2.relu input-dim=255 output-dim=256
component-node name=tdnn3.affine component=tdnn3.affine input=Append(Offset(tdnn2.renorm, -3), tdnn2.renorm, Offset(tdnn2.renorm, 3), Offset(tdnn2.renorm, 6)) input-dim=1024 output-dim=255
component-node name=tdnn3.relu component=tdnn3.relu input=tdnn3.affine input-dim=255 output-dim=255
component-node name=tdnn3.renorm component=tdnn3.renorm input=tdnn3.relu input-dim=255 output-dim=256
component-node name=tdnn3_stats-extraction-99-99 component=tdnn3_stats-extraction-99-99 input=tdnn3.renorm input-dim=256 output-dim=257
component-node name=tdnn3_stats-pooling-99-99 component=tdnn3_stats-pooling-99-99 input=tdnn3_stats-extraction-99-99 input-dim=257 output-dim=257
component-node name=tdnn4.affine component=tdnn4.affine input=Append(Offset(tdnn3.renorm, -6), tdnn3.renorm, Offset(tdnn3.renorm, 6), Offset(tdnn3.renorm, 12), Round(tdnn3_stats-pooling-99-99, 9)) input-dim=1281 output-dim=255
component-node name=tdnn4.relu component=tdnn4.relu input=tdnn4.affine input-dim=255 output-dim=255
component-node name=tdnn4.renorm component=tdnn4.renorm input=tdnn4.relu input-dim=255 output-dim=256
component-node name=tdnn4_stats-extraction-108-108 component=tdnn4_stats-extraction-108-108 input=tdnn4.renorm input-dim=256 output-dim=257
component-node name=tdnn4_stats-pooling-108-108 component=tdnn4_stats-pooling-108-108 input=tdnn4_stats-extraction-108-108 input-dim=257 output-dim=257
component-node name=tdnn5.affine component=tdnn5.affine input=Append(Offset(tdnn4.renorm, -12), tdnn4.renorm, Offset(tdnn4.renorm, 12), Offset(tdnn4.renorm, 24), Round(tdnn4_stats-pooling-108-108, 18)) input-dim=1281 output-dim=256
component-node name=tdnn5.relu component=tdnn5.relu input=tdnn5.affine input-dim=256 output-dim=256
component-node name=tdnn5.renorm component=tdnn5.renorm input=tdnn5.relu input-dim=256 output-dim=256
component-node name=output.affine component=output.affine input=tdnn5.renorm input-dim=256 output-dim=3
component-node name=output.log-softmax component=output.log-softmax input=output.affine input-dim=3 output-dim=3
output-node name=output input=output.log-softmax dim=3 objective=linear
component name=lda type=FixedAffineComponent, input-dim=200, output-dim=200, linear-params-rms=0.0017, bias-{mean,stddev}=0.01236,0.1777
component name=tdnn1.affine type=NaturalGradientAffineComponent, input-dim=200, output-dim=255, learning-rate=0.000281074, max-change=0.75, linear-params-rms=0.1341, linear-params-row-norms=[percentiles(0,1,2,5 10,20,50,80,90 95,98,99,100)=(0.86,0.89,0.91,0.93 0.95,0.99,1.1,2.4,2.7 3.0,3.6,4.4,5.3), mean=1.7, stddev=0.838], linear-params-col-norms=[percentiles(0,1,2,5 10,20,50,80,90 95,98,99,100)=(1.4,1.7,1.7,1.8 1.9,1.9,2.1,2.3,2.4 2.5,2.6,2.8,3.8), mean=2.13, stddev=0.254], bias-{mean,stddev}=-0.03496,0.52, rank-in=20, rank-out=80, num-samples-history=2000, update-period=4, alpha=4
component name=tdnn1.relu type=RectifiedLinearComponent, dim=255, self-repair-scale=1e-05, count=1.9e+06, self-repaired-proportion=0.504532, value-avg=[percentiles(0,1,2,5 10,20,50,80,90 95,98,99,100)=(0,0,0,0 0,3e-09,0.007,0.15,0.58 0.87,1.3,1.5,1.8), mean=0.155, stddev=0.313], deriv-avg=[percentiles(0,1,2,5 10,20,50,80,90 95,98,99,100)=(0,0,0,0 0,2e-07,0.20,0.97,1.0 1.0,1.0,1.0,1.0), mean=0.432, stddev=0.424], oderiv-rms=[percentiles(0,1,2,5 10,20,50,80,90 95,98,99,100)=(0.006,0.007,0.007,0.007 0.008,0.008,0.02,0.10,0.12 0.13,0.14,0.17,0.21), mean=0.0505, stddev=0.0477], oderiv-count=1.56611e+06
component name=tdnn1.renorm type=NormalizeComponent, input-dim=255, output-dim=256, target-rms=1, add-log-stddev=true
component name=tdnn2.affine type=NaturalGradientAffineComponent, input-dim=1024, output-dim=255, learning-rate=0.000281074, max-change=0.75, linear-params-rms=0.08965, linear-params-row-norms=[percentiles(0,1,2,5 10,20,50,80,90 95,98,99,100)=(1.0,1.0,1.1,1.1 1.1,1.2,1.7,4.2,4.8 5.4,6.0,6.2,6.9), mean=2.42, stddev=1.53], linear-params-col-norms=[percentiles(0,1,2,5 10,20,50,80,90 95,98,99,100)=(0.40,0.44,0.46,0.47 0.48,0.49,0.58,2.0,2.2 2.4,2.7,2.9,3.3), mean=1.2, stddev=0.777], bias-{mean,stddev}=-0.01741,0.9788, rank-in=20, rank-out=80, num-samples-history=2000, update-period=4, alpha=4
component name=tdnn2.relu type=RectifiedLinearComponent, dim=255, self-repair-scale=1e-05, count=6.14e+05, self-repaired-proportion=0.00591149, value-avg=[percentiles(0,1,2,5 10,20,50,80,90 95,98,99,100)=(0.02,0.02,0.02,0.04 0.05,0.08,0.21,1.1,2.2 3.0,4.0,4.7,16), mean=0.756, stddev=1.43], deriv-avg=[percentiles(0,1,2,5 10,20,50,80,90 95,98,99,100)=(0.06,0.06,0.07,0.11 0.15,0.22,0.36,0.58,0.71 0.85,0.88,0.92,1.0), mean=0.41, stddev=0.215], oderiv-rms=[percentiles(0,1,2,5 10,20,50,80,90 95,98,99,100)=(0.002,0.002,0.002,0.002 0.002,0.002,0.003,0.008,0.01 0.01,0.02,0.02,0.02), mean=0.00507, stddev=0.00408], oderiv-count=531072
component name=tdnn2.renorm type=NormalizeComponent, input-dim=255, output-dim=256, target-rms=1, add-log-stddev=true
component name=tdnn3.affine type=NaturalGradientAffineComponent, input-dim=1024, output-dim=255, learning-rate=0.000281074, max-change=0.75, linear-params-rms=0.0528, linear-params-row-norms=[percentiles(0,1,2,5 10,20,50,80,90 95,98,99,100)=(1.0,1.1,1.1,1.1 1.1,1.2,1.7,1.9,2.2 2.4,2.5,2.7,2.9), mean=1.64, stddev=0.405], linear-params-col-norms=[percentiles(0,1,2,5 10,20,50,80,90 95,98,99,100)=(0.43,0.47,0.48,0.49 0.50,0.51,0.57,1.1,1.3 1.6,1.8,1.9,2.2), mean=0.759, stddev=0.368], bias-{mean,stddev}=0.03623,0.9171, rank-in=20, rank-out=80, num-samples-history=2000, update-period=4, alpha=4
component name=tdnn3.relu type=RectifiedLinearComponent, dim=255, self-repair-scale=1e-05, count=5.46e+05, self-repaired-proportion=0, value-avg=[percentiles(0,1,2,5 10,20,50,80,90 95,98,99,100)=(0.07,0.08,0.12,0.19 0.24,0.33,0.89,1.6,2.2 2.6,2.9,3.4,4.7), mean=1.08, stddev=0.817], deriv-avg=[percentiles(0,1,2,5 10,20,50,80,90 95,98,99,100)=(0.12,0.13,0.19,0.22 0.25,0.29,0.40,0.57,0.67 0.73,0.76,0.79,0.88), mean=0.432, stddev=0.157], oderiv-rms=[percentiles(0,1,2,5 10,20,50,80,90 95,98,99,100)=(0.003,0.003,0.003,0.003 0.003,0.003,0.005,0.007,0.007 0.008,0.009,0.01,0.02), mean=0.00522, stddev=0.00191], oderiv-count=517632
component name=tdnn3.renorm type=NormalizeComponent, input-dim=255, output-dim=256, target-rms=1, add-log-stddev=true
component name=tdnn3_stats-extraction-99-99 type=StatisticsExtractionComponent, input-dim=256, output-dim=257
component name=tdnn3_stats-pooling-99-99 type=StatisticsPoolingComponent, input-dim=257, output-dim=257
component name=tdnn4.affine type=NaturalGradientAffineComponent, input-dim=1281, output-dim=255, learning-rate=0.000281074, max-change=0.75, linear-params-rms=0.0482, linear-params-row-norms=[percentiles(0,1,2,5 10,20,50,80,90 95,98,99,100)=(1.1,1.1,1.2,1.2 1.3,1.4,1.6,1.9,2.1 2.3,2.5,3.0,3.2), mean=1.69, stddev=0.368], linear-params-col-norms=[percentiles(0,1,2,5 10,20,50,80,90 95,98,99,100)=(0.42,0.45,0.45,0.47 0.49,0.52,0.73,0.93,1.0 1.1,1.3,1.3,1.9), mean=0.739, stddev=0.215], bias-{mean,stddev}=-0.04677,1.067, rank-in=20, rank-out=80, num-samples-history=2000, update-period=4, alpha=4
component name=tdnn4.relu type=RectifiedLinearComponent, dim=255, self-repair-scale=1e-05, count=3.45e+05, self-repaired-proportion=0, value-avg=[percentiles(0,1,2,5 10,20,50,80,90 95,98,99,100)=(0.05,0.09,0.10,0.12 0.18,0.27,0.50,0.98,1.3 1.5,2.0,2.4,4.3), mean=0.659, stddev=0.523], deriv-avg=[percentiles(0,1,2,5 10,20,50,80,90 95,98,99,100)=(0.11,0.11,0.12,0.14 0.19,0.23,0.36,0.49,0.57 0.66,0.71,0.73,0.85), mean=0.37, stddev=0.15], oderiv-rms=[percentiles(0,1,2,5 10,20,50,80,90 95,98,99,100)=(0.006,0.007,0.008,0.008 0.009,0.01,0.01,0.01,0.01 0.02,0.02,0.02,0.02), mean=0.0116, stddev=0.00247], oderiv-count=348267
component name=tdnn4.renorm type=NormalizeComponent, input-dim=255, output-dim=256, target-rms=1, add-log-stddev=true
component name=tdnn4_stats-extraction-108-108 type=StatisticsExtractionComponent, input-dim=256, output-dim=257
component name=tdnn4_stats-pooling-108-108 type=StatisticsPoolingComponent, input-dim=257, output-dim=257
component name=tdnn5.affine type=NaturalGradientAffineComponent, input-dim=1281, output-dim=256, learning-rate=0.000281074, max-change=0.75, linear-params-rms=0.04726, linear-params-row-norms=[percentiles(0,1,2,5 10,20,50,80,90 95,98,99,100)=(0.93,0.95,0.97,0.97 1.0,1.1,1.5,2.1,2.4 2.5,2.7,2.9,3.3), mean=1.61, stddev=0.521], linear-params-col-norms=[percentiles(0,1,2,5 10,20,50,80,90 95,98,99,100)=(0.42,0.46,0.47,0.50 0.53,0.59,0.73,0.87,0.95 1.0,1.1,1.2,1.7), mean=0.738, stddev=0.163], bias-{mean,stddev}=-0.07653,0.8829, rank-in=20, rank-out=80, num-samples-history=2000, update-period=4, alpha=4
component name=tdnn5.relu type=RectifiedLinearComponent, dim=256, self-repair-scale=1e-05, count=6.45e+04, self-repaired-proportion=0.00382411, value-avg=[percentiles(0,1,2,5 10,20,50,80,90 95,98,99,100)=(0.01,0.02,0.02,0.02 0.05,0.10,0.32,0.70,0.89 1.2,1.6,1.7,2.6), mean=0.431, stddev=0.402], deriv-avg=[percentiles(0,1,2,5 10,20,50,80,90 95,98,99,100)=(0.05,0.05,0.06,0.07 0.10,0.15,0.31,0.53,0.60 0.70,0.77,0.82,0.89), mean=0.345, stddev=0.195], oderiv-rms=[percentiles(0,1,2,5 10,20,50,80,90 95,98,99,100)=(0.0002,0.0006,0.001,0.002 0.004,0.009,0.02,0.03,0.03 0.04,0.04,0.04,0.06), mean=0.0202, stddev=0.011], oderiv-count=98709.3
component name=tdnn5.renorm type=NormalizeComponent, input-dim=256, output-dim=256, target-rms=1, add-log-stddev=false
component name=output.affine type=NaturalGradientAffineComponent, input-dim=256, output-dim=3, learning-rate=2.81074e-05, learning-rate-factor=0.1, max-change=1.5, linear-params-rms=0.1047, linear-params-row-norms=[ 2.1 2.0 0.54 ], linear-params-col-norms=[percentiles(0,1,2,5 10,20,50,80,90 95,98,99,100)=(0.005,0.007,0.01,0.03 0.04,0.08,0.16,0.23,0.26 0.29,0.32,0.34,0.44), mean=0.161, stddev=0.0825], bias-{mean,stddev}=-1.226e-06,0.06478, rank-in=20, rank-out=2, num-samples-history=2000, update-period=4, alpha=4
component name=output.log-softmax type=LogSoftmaxComponent, dim=3, oderiv-rms=[ 0.44 0.89 0 ], oderiv-count=106624
nnet3-show-progress --use-gpu=no exp/dihard3_sad_tdnn_stats/208.raw exp/dihard3_sad_tdnn_stats/209.raw 
LOG (nnet3-show-progress[5.5.810~1-76a979]:SelectGpuId():cu-device.cc:153) Manually selected to compute on CPU.
LOG (nnet3-show-progress[5.5.810~1-76a979]:main():nnet3-show-progress.cc:143) Parameter differences per layer are [ tdnn1.affine:0.21402 tdnn2.affine:0.285369 tdnn3.affine:0.21371 tdnn4.affine:0.35378 tdnn5.affine:0.442197 output.affine:0.016653 ]
LOG (nnet3-show-progress[5.5.810~1-76a979]:main():nnet3-show-progress.cc:153) Norms of parameter matrices from <new-nnet-in> are [ tdnn1.affine:31.4174 tdnn2.affine:48.4026 tdnn3.affine:30.7055 tdnn4.affine:32.4023 tdnn5.affine:30.5538 output.affine:2.90273 ]
LOG (nnet3-show-progress[5.5.810~1-76a979]:main():nnet3-show-progress.cc:157) Relative parameter differences per layer are [ tdnn1.affine:0.00681503 tdnn2.affine:0.00589793 tdnn3.affine:0.00696321 tdnn4.affine:0.0109236 tdnn5.affine:0.0144806 output.affine:0.00575489 ]
# Accounting: time=1 threads=1
# Ended (code 0) at Tue Oct 13 17:53:40 EDT 2020, elapsed time 1 seconds
