# nnet3-info exp/dihard3_sad_tdnn_stats/241.raw && nnet3-show-progress --use-gpu=no exp/dihard3_sad_tdnn_stats/240.raw exp/dihard3_sad_tdnn_stats/241.raw 
# Started at Tue Oct 13 17:57:48 EDT 2020
#
nnet3-info exp/dihard3_sad_tdnn_stats/241.raw 
left-context: 24
right-context: 46
num-parameters: 1229878
modulus: 18
input-node name=input dim=40
component-node name=lda component=lda input=Append(Offset(input, -2), Offset(input, -1), input, Offset(input, 1), Offset(input, 2)) input-dim=200 output-dim=200
component-node name=tdnn1.affine component=tdnn1.affine input=lda input-dim=200 output-dim=255
component-node name=tdnn1.relu component=tdnn1.relu input=tdnn1.affine input-dim=255 output-dim=255
component-node name=tdnn1.renorm component=tdnn1.renorm input=tdnn1.relu input-dim=255 output-dim=256
component-node name=tdnn2.affine component=tdnn2.affine input=Append(Offset(tdnn1.renorm, -1), tdnn1.renorm, Offset(tdnn1.renorm, 1), Offset(tdnn1.renorm, 2)) input-dim=1024 output-dim=255
component-node name=tdnn2.relu component=tdnn2.relu input=tdnn2.affine input-dim=255 output-dim=255
component-node name=tdnn2.renorm component=tdnn2.renorm input=tdnn2.relu input-dim=255 output-dim=256
component-node name=tdnn3.affine component=tdnn3.affine input=Append(Offset(tdnn2.renorm, -3), tdnn2.renorm, Offset(tdnn2.renorm, 3), Offset(tdnn2.renorm, 6)) input-dim=1024 output-dim=255
component-node name=tdnn3.relu component=tdnn3.relu input=tdnn3.affine input-dim=255 output-dim=255
component-node name=tdnn3.renorm component=tdnn3.renorm input=tdnn3.relu input-dim=255 output-dim=256
component-node name=tdnn3_stats-extraction-99-99 component=tdnn3_stats-extraction-99-99 input=tdnn3.renorm input-dim=256 output-dim=257
component-node name=tdnn3_stats-pooling-99-99 component=tdnn3_stats-pooling-99-99 input=tdnn3_stats-extraction-99-99 input-dim=257 output-dim=257
component-node name=tdnn4.affine component=tdnn4.affine input=Append(Offset(tdnn3.renorm, -6), tdnn3.renorm, Offset(tdnn3.renorm, 6), Offset(tdnn3.renorm, 12), Round(tdnn3_stats-pooling-99-99, 9)) input-dim=1281 output-dim=255
component-node name=tdnn4.relu component=tdnn4.relu input=tdnn4.affine input-dim=255 output-dim=255
component-node name=tdnn4.renorm component=tdnn4.renorm input=tdnn4.relu input-dim=255 output-dim=256
component-node name=tdnn4_stats-extraction-108-108 component=tdnn4_stats-extraction-108-108 input=tdnn4.renorm input-dim=256 output-dim=257
component-node name=tdnn4_stats-pooling-108-108 component=tdnn4_stats-pooling-108-108 input=tdnn4_stats-extraction-108-108 input-dim=257 output-dim=257
component-node name=tdnn5.affine component=tdnn5.affine input=Append(Offset(tdnn4.renorm, -12), tdnn4.renorm, Offset(tdnn4.renorm, 12), Offset(tdnn4.renorm, 24), Round(tdnn4_stats-pooling-108-108, 18)) input-dim=1281 output-dim=256
component-node name=tdnn5.relu component=tdnn5.relu input=tdnn5.affine input-dim=256 output-dim=256
component-node name=tdnn5.renorm component=tdnn5.renorm input=tdnn5.relu input-dim=256 output-dim=256
component-node name=output.affine component=output.affine input=tdnn5.renorm input-dim=256 output-dim=3
component-node name=output.log-softmax component=output.log-softmax input=output.affine input-dim=3 output-dim=3
output-node name=output input=output.log-softmax dim=3 objective=linear
component name=lda type=FixedAffineComponent, input-dim=200, output-dim=200, linear-params-rms=0.0017, bias-{mean,stddev}=0.01236,0.1777
component name=tdnn1.affine type=NaturalGradientAffineComponent, input-dim=200, output-dim=255, learning-rate=0.000196781, max-change=0.75, linear-params-rms=0.1358, linear-params-row-norms=[percentiles(0,1,2,5 10,20,50,80,90 95,98,99,100)=(0.86,0.89,0.91,0.93 0.96,1.0,1.1,2.4,2.7 3.1,3.6,4.5,5.3), mean=1.72, stddev=0.853], linear-params-col-norms=[percentiles(0,1,2,5 10,20,50,80,90 95,98,99,100)=(1.4,1.7,1.8,1.8 1.9,2.0,2.1,2.3,2.5 2.5,2.6,2.8,3.8), mean=2.15, stddev=0.253], bias-{mean,stddev}=-0.03213,0.5033, rank-in=20, rank-out=80, num-samples-history=2000, update-period=4, alpha=4
component name=tdnn1.relu type=RectifiedLinearComponent, dim=255, self-repair-scale=1e-05, count=1.84e+06, self-repaired-proportion=0.477494, value-avg=[percentiles(0,1,2,5 10,20,50,80,90 95,98,99,100)=(0,0,0,0 0,9e-09,0.007,0.14,0.55 0.84,1.3,1.4,1.7), mean=0.15, stddev=0.304], deriv-avg=[percentiles(0,1,2,5 10,20,50,80,90 95,98,99,100)=(0,0,0,0 0,9e-07,0.21,0.96,1.0 1.0,1.0,1.0,1.0), mean=0.433, stddev=0.421], oderiv-rms=[percentiles(0,1,2,5 10,20,50,80,90 95,98,99,100)=(0.006,0.007,0.007,0.007 0.008,0.008,0.02,0.09,0.11 0.12,0.13,0.16,0.20), mean=0.0481, stddev=0.0448], oderiv-count=1.52774e+06
component name=tdnn1.renorm type=NormalizeComponent, input-dim=255, output-dim=256, target-rms=1, add-log-stddev=true
component name=tdnn2.affine type=NaturalGradientAffineComponent, input-dim=1024, output-dim=255, learning-rate=0.000196781, max-change=0.75, linear-params-rms=0.09042, linear-params-row-norms=[percentiles(0,1,2,5 10,20,50,80,90 95,98,99,100)=(1.0,1.0,1.1,1.1 1.1,1.2,1.8,4.2,4.9 5.5,6.1,6.2,6.9), mean=2.45, stddev=1.54], linear-params-col-norms=[percentiles(0,1,2,5 10,20,50,80,90 95,98,99,100)=(0.40,0.44,0.46,0.47 0.48,0.49,0.59,2.0,2.3 2.4,2.7,2.9,3.3), mean=1.21, stddev=0.785], bias-{mean,stddev}=-0.01744,0.9788, rank-in=20, rank-out=80, num-samples-history=2000, update-period=4, alpha=4
component name=tdnn2.relu type=RectifiedLinearComponent, dim=255, self-repair-scale=1e-05, count=5.86e+05, self-repaired-proportion=0.00392157, value-avg=[percentiles(0,1,2,5 10,20,50,80,90 95,98,99,100)=(0.02,0.02,0.02,0.04 0.06,0.09,0.23,1.1,2.2 3.1,3.9,4.7,15), mean=0.761, stddev=1.41], deriv-avg=[percentiles(0,1,2,5 10,20,50,80,90 95,98,99,100)=(0.06,0.07,0.07,0.12 0.15,0.22,0.38,0.60,0.72 0.85,0.88,0.92,1.0), mean=0.415, stddev=0.212], oderiv-rms=[percentiles(0,1,2,5 10,20,50,80,90 95,98,99,100)=(0.002,0.002,0.002,0.002 0.002,0.002,0.003,0.008,0.01 0.01,0.01,0.02,0.02), mean=0.00496, stddev=0.00382], oderiv-count=498432
component name=tdnn2.renorm type=NormalizeComponent, input-dim=255, output-dim=256, target-rms=1, add-log-stddev=true
component name=tdnn3.affine type=NaturalGradientAffineComponent, input-dim=1024, output-dim=255, learning-rate=0.000196781, max-change=0.75, linear-params-rms=0.05339, linear-params-row-norms=[percentiles(0,1,2,5 10,20,50,80,90 95,98,99,100)=(1.0,1.1,1.1,1.1 1.2,1.2,1.7,2.0,2.2 2.4,2.5,2.7,2.9), mean=1.66, stddev=0.404], linear-params-col-norms=[percentiles(0,1,2,5 10,20,50,80,90 95,98,99,100)=(0.43,0.47,0.48,0.49 0.50,0.51,0.57,1.1,1.4 1.6,1.8,1.9,2.2), mean=0.767, stddev=0.372], bias-{mean,stddev}=0.03621,0.917, rank-in=20, rank-out=80, num-samples-history=2000, update-period=4, alpha=4
component name=tdnn3.relu type=RectifiedLinearComponent, dim=255, self-repair-scale=1e-05, count=5.58e+05, self-repaired-proportion=0, value-avg=[percentiles(0,1,2,5 10,20,50,80,90 95,98,99,100)=(0.08,0.09,0.14,0.20 0.26,0.35,0.89,1.6,2.2 2.7,2.9,3.4,4.6), mean=1.08, stddev=0.796], deriv-avg=[percentiles(0,1,2,5 10,20,50,80,90 95,98,99,100)=(0.12,0.15,0.19,0.23 0.25,0.30,0.40,0.57,0.66 0.73,0.75,0.79,0.88), mean=0.432, stddev=0.153], oderiv-rms=[percentiles(0,1,2,5 10,20,50,80,90 95,98,99,100)=(0.003,0.003,0.003,0.003 0.003,0.004,0.005,0.007,0.007 0.008,0.009,0.01,0.02), mean=0.00527, stddev=0.00178], oderiv-count=468864
component name=tdnn3.renorm type=NormalizeComponent, input-dim=255, output-dim=256, target-rms=1, add-log-stddev=true
component name=tdnn3_stats-extraction-99-99 type=StatisticsExtractionComponent, input-dim=256, output-dim=257
component name=tdnn3_stats-pooling-99-99 type=StatisticsPoolingComponent, input-dim=257, output-dim=257
component name=tdnn4.affine type=NaturalGradientAffineComponent, input-dim=1281, output-dim=255, learning-rate=0.000196781, max-change=0.75, linear-params-rms=0.04886, linear-params-row-norms=[percentiles(0,1,2,5 10,20,50,80,90 95,98,99,100)=(1.1,1.2,1.2,1.2 1.3,1.4,1.7,2.0,2.2 2.3,2.5,3.0,3.2), mean=1.71, stddev=0.364], linear-params-col-norms=[percentiles(0,1,2,5 10,20,50,80,90 95,98,99,100)=(0.43,0.45,0.46,0.48 0.49,0.53,0.74,0.93,1.0 1.1,1.3,1.3,1.9), mean=0.75, stddev=0.216], bias-{mean,stddev}=-0.04676,1.067, rank-in=20, rank-out=80, num-samples-history=2000, update-period=4, alpha=4
component name=tdnn4.relu type=RectifiedLinearComponent, dim=255, self-repair-scale=1e-05, count=3.28e+05, self-repaired-proportion=0, value-avg=[percentiles(0,1,2,5 10,20,50,80,90 95,98,99,100)=(0.06,0.10,0.10,0.12 0.18,0.28,0.51,0.97,1.3 1.5,2.0,2.3,4.1), mean=0.65, stddev=0.51], deriv-avg=[percentiles(0,1,2,5 10,20,50,80,90 95,98,99,100)=(0.11,0.11,0.12,0.14 0.18,0.23,0.37,0.49,0.56 0.65,0.70,0.73,0.84), mean=0.37, stddev=0.15], oderiv-rms=[percentiles(0,1,2,5 10,20,50,80,90 95,98,99,100)=(0.006,0.007,0.008,0.009 0.01,0.01,0.01,0.01,0.01 0.02,0.02,0.02,0.02), mean=0.0121, stddev=0.00229], oderiv-count=349333
component name=tdnn4.renorm type=NormalizeComponent, input-dim=255, output-dim=256, target-rms=1, add-log-stddev=true
component name=tdnn4_stats-extraction-108-108 type=StatisticsExtractionComponent, input-dim=256, output-dim=257
component name=tdnn4_stats-pooling-108-108 type=StatisticsPoolingComponent, input-dim=257, output-dim=257
component name=tdnn5.affine type=NaturalGradientAffineComponent, input-dim=1281, output-dim=256, learning-rate=0.000196781, max-change=0.75, linear-params-rms=0.0479, linear-params-row-norms=[percentiles(0,1,2,5 10,20,50,80,90 95,98,99,100)=(0.92,0.95,0.96,0.98 1.0,1.1,1.6,2.2,2.4 2.5,2.7,2.9,3.3), mean=1.63, stddev=0.524], linear-params-col-norms=[percentiles(0,1,2,5 10,20,50,80,90 95,98,99,100)=(0.42,0.46,0.48,0.51 0.54,0.60,0.74,0.88,0.95 1.0,1.1,1.2,1.7), mean=0.749, stddev=0.161], bias-{mean,stddev}=-0.07676,0.8827, rank-in=20, rank-out=80, num-samples-history=2000, update-period=4, alpha=4
component name=tdnn5.relu type=RectifiedLinearComponent, dim=256, self-repair-scale=1e-05, count=7.35e+04, self-repaired-proportion=0.00435902, value-avg=[percentiles(0,1,2,5 10,20,50,80,90 95,98,99,100)=(0.01,0.02,0.02,0.02 0.05,0.10,0.28,0.63,0.80 1.1,1.4,1.5,2.3), mean=0.389, stddev=0.36], deriv-avg=[percentiles(0,1,2,5 10,20,50,80,90 95,98,99,100)=(0.05,0.05,0.06,0.07 0.11,0.16,0.30,0.49,0.59 0.69,0.73,0.75,0.86), mean=0.331, stddev=0.184], oderiv-rms=[percentiles(0,1,2,5 10,20,50,80,90 95,98,99,100)=(0.0003,0.0007,0.001,0.002 0.005,0.01,0.02,0.03,0.03 0.04,0.04,0.05,0.06), mean=0.0216, stddev=0.0114], oderiv-count=104981
component name=tdnn5.renorm type=NormalizeComponent, input-dim=256, output-dim=256, target-rms=1, add-log-stddev=false
component name=output.affine type=NaturalGradientAffineComponent, input-dim=256, output-dim=3, learning-rate=1.96781e-05, learning-rate-factor=0.1, max-change=1.5, linear-params-rms=0.1139, linear-params-row-norms=[ 2.3 2.1 0.55 ], linear-params-col-norms=[percentiles(0,1,2,5 10,20,50,80,90 95,98,99,100)=(0.006,0.008,0.01,0.03 0.05,0.09,0.18,0.25,0.27 0.31,0.34,0.36,0.47), mean=0.176, stddev=0.0882], bias-{mean,stddev}=-1.249e-06,0.06992, rank-in=20, rank-out=2, num-samples-history=2000, update-period=4, alpha=4
component name=output.log-softmax type=LogSoftmaxComponent, dim=3, oderiv-rms=[ 0.44 0.89 0 ], oderiv-count=98261.3
nnet3-show-progress --use-gpu=no exp/dihard3_sad_tdnn_stats/240.raw exp/dihard3_sad_tdnn_stats/241.raw 
LOG (nnet3-show-progress[5.5.810~1-76a979]:SelectGpuId():cu-device.cc:153) Manually selected to compute on CPU.
LOG (nnet3-show-progress[5.5.810~1-76a979]:main():nnet3-show-progress.cc:143) Parameter differences per layer are [ tdnn1.affine:0.142451 tdnn2.affine:0.194239 tdnn3.affine:0.15008 tdnn4.affine:0.252707 tdnn5.affine:0.309703 output.affine:0.0113542 ]
LOG (nnet3-show-progress[5.5.810~1-76a979]:main():nnet3-show-progress.cc:153) Norms of parameter matrices from <new-nnet-in> are [ tdnn1.affine:31.7031 tdnn2.affine:48.7763 tdnn3.affine:30.9705 tdnn4.affine:32.7204 tdnn5.affine:30.8798 output.affine:3.15855 ]
LOG (nnet3-show-progress[5.5.810~1-76a979]:main():nnet3-show-progress.cc:157) Relative parameter differences per layer are [ tdnn1.affine:0.0044944 tdnn2.affine:0.00398334 tdnn3.affine:0.00484718 tdnn4.affine:0.0077251 tdnn5.affine:0.0100318 output.affine:0.00360281 ]
# Accounting: time=1 threads=1
# Ended (code 0) at Tue Oct 13 17:57:49 EDT 2020, elapsed time 1 seconds
