# nnet3-info exp/dihard3_sad_tdnn_stats/81.raw && nnet3-show-progress --use-gpu=no exp/dihard3_sad_tdnn_stats/80.raw exp/dihard3_sad_tdnn_stats/81.raw 
# Started at Tue Oct 13 17:37:42 EDT 2020
#
nnet3-info exp/dihard3_sad_tdnn_stats/81.raw 
left-context: 24
right-context: 46
num-parameters: 1229878
modulus: 18
input-node name=input dim=40
component-node name=lda component=lda input=Append(Offset(input, -2), Offset(input, -1), input, Offset(input, 1), Offset(input, 2)) input-dim=200 output-dim=200
component-node name=tdnn1.affine component=tdnn1.affine input=lda input-dim=200 output-dim=255
component-node name=tdnn1.relu component=tdnn1.relu input=tdnn1.affine input-dim=255 output-dim=255
component-node name=tdnn1.renorm component=tdnn1.renorm input=tdnn1.relu input-dim=255 output-dim=256
component-node name=tdnn2.affine component=tdnn2.affine input=Append(Offset(tdnn1.renorm, -1), tdnn1.renorm, Offset(tdnn1.renorm, 1), Offset(tdnn1.renorm, 2)) input-dim=1024 output-dim=255
component-node name=tdnn2.relu component=tdnn2.relu input=tdnn2.affine input-dim=255 output-dim=255
component-node name=tdnn2.renorm component=tdnn2.renorm input=tdnn2.relu input-dim=255 output-dim=256
component-node name=tdnn3.affine component=tdnn3.affine input=Append(Offset(tdnn2.renorm, -3), tdnn2.renorm, Offset(tdnn2.renorm, 3), Offset(tdnn2.renorm, 6)) input-dim=1024 output-dim=255
component-node name=tdnn3.relu component=tdnn3.relu input=tdnn3.affine input-dim=255 output-dim=255
component-node name=tdnn3.renorm component=tdnn3.renorm input=tdnn3.relu input-dim=255 output-dim=256
component-node name=tdnn3_stats-extraction-99-99 component=tdnn3_stats-extraction-99-99 input=tdnn3.renorm input-dim=256 output-dim=257
component-node name=tdnn3_stats-pooling-99-99 component=tdnn3_stats-pooling-99-99 input=tdnn3_stats-extraction-99-99 input-dim=257 output-dim=257
component-node name=tdnn4.affine component=tdnn4.affine input=Append(Offset(tdnn3.renorm, -6), tdnn3.renorm, Offset(tdnn3.renorm, 6), Offset(tdnn3.renorm, 12), Round(tdnn3_stats-pooling-99-99, 9)) input-dim=1281 output-dim=255
component-node name=tdnn4.relu component=tdnn4.relu input=tdnn4.affine input-dim=255 output-dim=255
component-node name=tdnn4.renorm component=tdnn4.renorm input=tdnn4.relu input-dim=255 output-dim=256
component-node name=tdnn4_stats-extraction-108-108 component=tdnn4_stats-extraction-108-108 input=tdnn4.renorm input-dim=256 output-dim=257
component-node name=tdnn4_stats-pooling-108-108 component=tdnn4_stats-pooling-108-108 input=tdnn4_stats-extraction-108-108 input-dim=257 output-dim=257
component-node name=tdnn5.affine component=tdnn5.affine input=Append(Offset(tdnn4.renorm, -12), tdnn4.renorm, Offset(tdnn4.renorm, 12), Offset(tdnn4.renorm, 24), Round(tdnn4_stats-pooling-108-108, 18)) input-dim=1281 output-dim=256
component-node name=tdnn5.relu component=tdnn5.relu input=tdnn5.affine input-dim=256 output-dim=256
component-node name=tdnn5.renorm component=tdnn5.renorm input=tdnn5.relu input-dim=256 output-dim=256
component-node name=output.affine component=output.affine input=tdnn5.renorm input-dim=256 output-dim=3
component-node name=output.log-softmax component=output.log-softmax input=output.affine input-dim=3 output-dim=3
output-node name=output input=output.log-softmax dim=3 objective=linear
component name=lda type=FixedAffineComponent, input-dim=200, output-dim=200, linear-params-rms=0.0017, bias-{mean,stddev}=0.01236,0.1777
component name=tdnn1.affine type=NaturalGradientAffineComponent, input-dim=200, output-dim=255, learning-rate=0.000800775, max-change=0.75, linear-params-rms=0.1094, linear-params-row-norms=[percentiles(0,1,2,5 10,20,50,80,90 95,98,99,100)=(0.85,0.89,0.91,0.92 0.95,0.99,1.1,1.9,2.0 2.2,2.6,3.8,4.6), mean=1.44, stddev=0.578], linear-params-col-norms=[percentiles(0,1,2,5 10,20,50,80,90 95,98,99,100)=(1.3,1.3,1.4,1.4 1.5,1.5,1.7,1.9,2.0 2.1,2.2,2.4,3.5), mean=1.73, stddev=0.244], bias-{mean,stddev}=-0.05915,0.696, rank-in=20, rank-out=80, num-samples-history=2000, update-period=4, alpha=4
component name=tdnn1.relu type=RectifiedLinearComponent, dim=255, self-repair-scale=1e-05, count=2.13e+06, self-repaired-proportion=0.67168, value-avg=[percentiles(0,1,2,5 10,20,50,80,90 95,98,99,100)=(0,0,0,0 0,0,0.003,0.41,0.85 1.1,1.6,1.7,2.2), mean=0.222, stddev=0.411], deriv-avg=[percentiles(0,1,2,5 10,20,50,80,90 95,98,99,100)=(0,0,0,0 0,0,0.12,1.0,1.0 1.0,1.0,1.0,1.0), mean=0.437, stddev=0.454], oderiv-rms=[percentiles(0,1,2,5 10,20,50,80,90 95,98,99,100)=(0.004,0.004,0.005,0.005 0.005,0.006,0.01,0.07,0.09 0.10,0.12,0.13,0.17), mean=0.0383, stddev=0.0375], oderiv-count=1.571e+06
component name=tdnn1.renorm type=NormalizeComponent, input-dim=255, output-dim=256, target-rms=1, add-log-stddev=true
component name=tdnn2.affine type=NaturalGradientAffineComponent, input-dim=1024, output-dim=255, learning-rate=0.000800775, max-change=0.75, linear-params-rms=0.07631, linear-params-row-norms=[percentiles(0,1,2,5 10,20,50,80,90 95,98,99,100)=(0.98,1.0,1.0,1.0 1.0,1.1,1.4,3.4,4.1 4.7,5.0,5.7,6.7), mean=2.06, stddev=1.31], linear-params-col-norms=[percentiles(0,1,2,5 10,20,50,80,90 95,98,99,100)=(0.40,0.43,0.45,0.47 0.48,0.49,0.54,1.7,1.9 2.1,2.3,2.5,2.7), mean=1.04, stddev=0.628], bias-{mean,stddev}=-0.01722,0.979, rank-in=20, rank-out=80, num-samples-history=2000, update-period=4, alpha=4
component name=tdnn2.relu type=RectifiedLinearComponent, dim=255, self-repair-scale=1e-05, count=5.7e+05, self-repaired-proportion=0.00666379, value-avg=[percentiles(0,1,2,5 10,20,50,80,90 95,98,99,100)=(0.003,0.006,0.007,0.01 0.02,0.03,0.13,1.1,2.0 3.0,3.5,4.3,19), mean=0.68, stddev=1.51], deriv-avg=[percentiles(0,1,2,5 10,20,50,80,90 95,98,99,100)=(0.06,0.06,0.07,0.09 0.12,0.16,0.30,0.67,0.79 0.88,0.92,0.93,1.0), mean=0.395, stddev=0.255], oderiv-rms=[percentiles(0,1,2,5 10,20,50,80,90 95,98,99,100)=(0.001,0.001,0.001,0.001 0.001,0.002,0.002,0.007,0.01 0.01,0.02,0.02,0.02), mean=0.00417, stddev=0.00426], oderiv-count=488448
component name=tdnn2.renorm type=NormalizeComponent, input-dim=255, output-dim=256, target-rms=1, add-log-stddev=true
component name=tdnn3.affine type=NaturalGradientAffineComponent, input-dim=1024, output-dim=255, learning-rate=0.000800775, max-change=0.75, linear-params-rms=0.0451, linear-params-row-norms=[percentiles(0,1,2,5 10,20,50,80,90 95,98,99,100)=(0.96,0.99,1.0,1.0 1.0,1.1,1.4,1.6,1.8 2.0,2.3,2.3,2.7), mean=1.4, stddev=0.335], linear-params-col-norms=[percentiles(0,1,2,5 10,20,50,80,90 95,98,99,100)=(0.42,0.45,0.47,0.47 0.48,0.49,0.52,0.85,1.1 1.3,1.5,1.6,1.9), mean=0.663, stddev=0.28], bias-{mean,stddev}=0.03642,0.9177, rank-in=20, rank-out=80, num-samples-history=2000, update-period=4, alpha=4
component name=tdnn3.relu type=RectifiedLinearComponent, dim=255, self-repair-scale=1e-05, count=5.64e+05, self-repaired-proportion=0, value-avg=[percentiles(0,1,2,5 10,20,50,80,90 95,98,99,100)=(0.02,0.04,0.05,0.08 0.12,0.19,0.74,1.7,2.2 2.6,3.2,3.4,4.2), mean=0.967, stddev=0.848], deriv-avg=[percentiles(0,1,2,5 10,20,50,80,90 95,98,99,100)=(0.08,0.09,0.13,0.17 0.20,0.26,0.41,0.64,0.73 0.80,0.82,0.88,0.90), mean=0.443, stddev=0.197], oderiv-rms=[percentiles(0,1,2,5 10,20,50,80,90 95,98,99,100)=(0.001,0.002,0.002,0.002 0.002,0.002,0.003,0.005,0.006 0.006,0.007,0.009,0.02), mean=0.00354, stddev=0.00189], oderiv-count=546509
component name=tdnn3.renorm type=NormalizeComponent, input-dim=255, output-dim=256, target-rms=1, add-log-stddev=true
component name=tdnn3_stats-extraction-99-99 type=StatisticsExtractionComponent, input-dim=256, output-dim=257
component name=tdnn3_stats-pooling-99-99 type=StatisticsPoolingComponent, input-dim=257, output-dim=257
component name=tdnn4.affine type=NaturalGradientAffineComponent, input-dim=1281, output-dim=255, learning-rate=0.000800775, max-change=0.75, linear-params-rms=0.03979, linear-params-row-norms=[percentiles(0,1,2,5 10,20,50,80,90 95,98,99,100)=(0.99,1.0,1.0,1.0 1.1,1.1,1.3,1.6,1.8 2.0,2.1,2.4,2.7), mean=1.39, stddev=0.306], linear-params-col-norms=[percentiles(0,1,2,5 10,20,50,80,90 95,98,99,100)=(0.40,0.42,0.43,0.44 0.45,0.47,0.58,0.74,0.83 0.91,1.0,1.1,1.6), mean=0.614, stddev=0.163], bias-{mean,stddev}=-0.04696,1.067, rank-in=20, rank-out=80, num-samples-history=2000, update-period=4, alpha=4
component name=tdnn4.relu type=RectifiedLinearComponent, dim=255, self-repair-scale=1e-05, count=2.98e+05, self-repaired-proportion=0.000104855, value-avg=[percentiles(0,1,2,5 10,20,50,80,90 95,98,99,100)=(0.02,0.04,0.05,0.07 0.13,0.19,0.47,1.1,1.5 1.8,2.0,2.7,4.5), mean=0.685, stddev=0.609], deriv-avg=[percentiles(0,1,2,5 10,20,50,80,90 95,98,99,100)=(0.06,0.09,0.10,0.13 0.17,0.22,0.37,0.52,0.63 0.68,0.76,0.80,0.91), mean=0.383, stddev=0.171], oderiv-rms=[percentiles(0,1,2,5 10,20,50,80,90 95,98,99,100)=(0.003,0.003,0.003,0.003 0.004,0.004,0.006,0.007,0.009 0.01,0.01,0.01,0.02), mean=0.0061, stddev=0.0025], oderiv-count=326400
component name=tdnn4.renorm type=NormalizeComponent, input-dim=255, output-dim=256, target-rms=1, add-log-stddev=true
component name=tdnn4_stats-extraction-108-108 type=StatisticsExtractionComponent, input-dim=256, output-dim=257
component name=tdnn4_stats-pooling-108-108 type=StatisticsPoolingComponent, input-dim=257, output-dim=257
component name=tdnn5.affine type=NaturalGradientAffineComponent, input-dim=1281, output-dim=256, learning-rate=0.000800775, max-change=0.75, linear-params-rms=0.03812, linear-params-row-norms=[percentiles(0,1,2,5 10,20,50,80,90 95,98,99,100)=(0.95,0.95,0.96,0.97 0.98,1.0,1.2,1.7,1.9 2.0,2.2,2.4,2.7), mean=1.31, stddev=0.375], linear-params-col-norms=[percentiles(0,1,2,5 10,20,50,80,90 95,98,99,100)=(0.40,0.42,0.43,0.45 0.46,0.48,0.58,0.69,0.76 0.82,0.91,0.95,1.4), mean=0.597, stddev=0.126], bias-{mean,stddev}=-0.07558,0.8832, rank-in=20, rank-out=80, num-samples-history=2000, update-period=4, alpha=4
component name=tdnn5.relu type=RectifiedLinearComponent, dim=256, self-repair-scale=1e-05, count=6.86e+04, self-repaired-proportion=0.0382042, value-avg=[percentiles(0,1,2,5 10,20,50,80,90 95,98,99,100)=(0.0004,0.01,0.02,0.02 0.02,0.07,0.34,1.2,1.6 1.9,2.2,2.8,3.7), mean=0.639, stddev=0.688], deriv-avg=[percentiles(0,1,2,5 10,20,50,80,90 95,98,99,100)=(0.002,0.05,0.06,0.06 0.07,0.14,0.35,0.71,0.83 0.88,0.95,0.96,0.99), mean=0.415, stddev=0.277], oderiv-rms=[percentiles(0,1,2,5 10,20,50,80,90 95,98,99,100)=(4e-05,0.0002,0.0002,0.0006 0.001,0.003,0.009,0.02,0.02 0.02,0.03,0.03,0.04), mean=0.01, stddev=0.00761], oderiv-count=98201.6
component name=tdnn5.renorm type=NormalizeComponent, input-dim=256, output-dim=256, target-rms=1, add-log-stddev=false
component name=output.affine type=NaturalGradientAffineComponent, input-dim=256, output-dim=3, learning-rate=8.00775e-05, learning-rate-factor=0.1, max-change=1.5, linear-params-rms=0.0547, linear-params-row-norms=[ 1.1 0.98 0.45 ], linear-params-col-norms=[percentiles(0,1,2,5 10,20,50,80,90 95,98,99,100)=(0.0002,0.001,0.003,0.006 0.01,0.03,0.07,0.12,0.15 0.18,0.20,0.23,0.28), mean=0.0773, stddev=0.0548], bias-{mean,stddev}=-5.811e-07,0.03197, rank-in=20, rank-out=2, num-samples-history=2000, update-period=4, alpha=4
component name=output.log-softmax type=LogSoftmaxComponent, dim=3, oderiv-rms=[ 0.44 0.89 0 ], oderiv-count=101786
nnet3-show-progress --use-gpu=no exp/dihard3_sad_tdnn_stats/80.raw exp/dihard3_sad_tdnn_stats/81.raw 
LOG (nnet3-show-progress[5.5.810~1-76a979]:SelectGpuId():cu-device.cc:153) Manually selected to compute on CPU.
LOG (nnet3-show-progress[5.5.810~1-76a979]:main():nnet3-show-progress.cc:143) Parameter differences per layer are [ tdnn1.affine:0.528327 tdnn2.affine:0.795632 tdnn3.affine:0.494844 tdnn4.affine:0.666243 tdnn5.affine:0.853296 output.affine:0.0481598 ]
LOG (nnet3-show-progress[5.5.810~1-76a979]:main():nnet3-show-progress.cc:153) Norms of parameter matrices from <new-nnet-in> are [ tdnn1.affine:27.1055 tdnn2.affine:42.0121 tdnn3.affine:27.3152 tdnn4.affine:28.4302 tdnn5.affine:26.0304 output.affine:1.51704 ]
LOG (nnet3-show-progress[5.5.810~1-76a979]:main():nnet3-show-progress.cc:157) Relative parameter differences per layer are [ tdnn1.affine:0.0195426 tdnn2.affine:0.0190095 tdnn3.affine:0.0181583 tdnn4.affine:0.0234867 tdnn5.affine:0.0328701 output.affine:0.0319108 ]
# Accounting: time=1 threads=1
# Ended (code 0) at Tue Oct 13 17:37:43 EDT 2020, elapsed time 1 seconds
