# nnet3-train --use-gpu=yes --read-cache=exp/dihard3_sad_tdnn_stats/cache.120 --verbose=1 --print-interval=10 --momentum=0.5 --max-param-change=0.2 --backstitch-training-scale=0.0 --l2-regularize-factor=0.2 --backstitch-training-interval=1 --srand=120 --optimization.min-deriv-time=-34 --optimization.max-deriv-time-relative=56 "nnet3-copy --learning-rate=0.0005523575457968784 --scale=1.0 exp/dihard3_sad_tdnn_stats/120.raw - |" "ark,bg:nnet3-copy-egs               ark:exp/dihard3_sad_tdnn_stats/egs/egs.16.ark ark:- |             nnet3-shuffle-egs --buffer-size=5000             --srand=120 ark:- ark:- |              nnet3-merge-egs --minibatch-size=128,64 ark:- ark:- |" exp/dihard3_sad_tdnn_stats/121.5.raw 
# Started at Tue Oct 13 17:42:30 EDT 2020
#
nnet3-train --use-gpu=yes --read-cache=exp/dihard3_sad_tdnn_stats/cache.120 --verbose=1 --print-interval=10 --momentum=0.5 --max-param-change=0.2 --backstitch-training-scale=0.0 --l2-regularize-factor=0.2 --backstitch-training-interval=1 --srand=120 --optimization.min-deriv-time=-34 --optimization.max-deriv-time-relative=56 'nnet3-copy --learning-rate=0.0005523575457968784 --scale=1.0 exp/dihard3_sad_tdnn_stats/120.raw - |' 'ark,bg:nnet3-copy-egs               ark:exp/dihard3_sad_tdnn_stats/egs/egs.16.ark ark:- |             nnet3-shuffle-egs --buffer-size=5000             --srand=120 ark:- ark:- |              nnet3-merge-egs --minibatch-size=128,64 ark:- ark:- |' exp/dihard3_sad_tdnn_stats/121.5.raw 
LOG (nnet3-train[5.5.810~1-76a979]:SelectGpuId():cu-device.cc:223) CUDA setup operating under Compute Exclusive Mode.
LOG (nnet3-train[5.5.810~1-76a979]:FinalizeActiveGpu():cu-device.cc:308) The active GPU is [2]: GeForce GTX 1080	free:7856M, used:262M, total:8119M, free/total:0.967617 version 6.1
nnet3-copy --learning-rate=0.0005523575457968784 --scale=1.0 exp/dihard3_sad_tdnn_stats/120.raw - 
LOG (nnet3-copy[5.5.810~1-76a979]:main():nnet3-copy.cc:114) Copied raw neural net from exp/dihard3_sad_tdnn_stats/120.raw to -
LOG (nnet3-train[5.5.810~1-76a979]:NnetTrainer():nnet-training.cc:48) Read computation cache from exp/dihard3_sad_tdnn_stats/cache.120
nnet3-shuffle-egs --buffer-size=5000 --srand=120 ark:- ark:- 
nnet3-copy-egs ark:exp/dihard3_sad_tdnn_stats/egs/egs.16.ark ark:- 
nnet3-merge-egs --minibatch-size=128,64 ark:- ark:- 
ERROR (nnet3-train[5.5.810~1-76a979]:Cholesky():tp-matrix.cc:110) Cholesky decomposition failed. Maybe matrix is not positive definite.

[ Stack-Trace: ]
/data/working/nryant/dihard3/baseline/development/sad_eg/dihard3_baseline/tools/kaldi/src/lib/libkaldi-base.so(kaldi::MessageLogger::LogMessage() const+0xb42) [0x7f7c778f7742]
nnet3-train(kaldi::MessageLogger::LogAndThrow::operator=(kaldi::MessageLogger const&)+0x21) [0x556d8f650351]
/data/working/nryant/dihard3/baseline/development/sad_eg/dihard3_baseline/tools/kaldi/src/lib/libkaldi-matrix.so(kaldi::TpMatrix<float>::Cholesky(kaldi::SpMatrix<float> const&)+0x1ae) [0x7f7c77b61b52]
/data/working/nryant/dihard3/baseline/development/sad_eg/dihard3_baseline/tools/kaldi/src/lib/libkaldi-nnet3.so(kaldi::nnet3::OnlineNaturalGradient::ReorthogonalizeRt1(kaldi::VectorBase<float> const&, float, kaldi::CuMatrixBase<float>*, kaldi::CuMatrixBase<float>*, kaldi::CuMatrixBase<float>*)+0x461) [0x7f7c796ce603]
/data/working/nryant/dihard3/baseline/development/sad_eg/dihard3_baseline/tools/kaldi/src/lib/libkaldi-nnet3.so(kaldi::nnet3::OnlineNaturalGradient::PreconditionDirectionsInternal(float, float, bool, kaldi::Vector<float> const&, kaldi::CuMatrixBase<float>*, kaldi::CuMatrixBase<float>*)+0x103c) [0x7f7c796cfb0e]
/data/working/nryant/dihard3/baseline/development/sad_eg/dihard3_baseline/tools/kaldi/src/lib/libkaldi-nnet3.so(kaldi::nnet3::OnlineNaturalGradient::PreconditionDirections(kaldi::CuMatrixBase<float>*, float*)+0x1e3) [0x7f7c796d08ab]
/data/working/nryant/dihard3/baseline/development/sad_eg/dihard3_baseline/tools/kaldi/src/lib/libkaldi-nnet3.so(kaldi::nnet3::OnlineNaturalGradient::Init(kaldi::CuMatrixBase<float> const&)+0xd0) [0x7f7c796d05f6]
/data/working/nryant/dihard3/baseline/development/sad_eg/dihard3_baseline/tools/kaldi/src/lib/libkaldi-nnet3.so(kaldi::nnet3::OnlineNaturalGradient::PreconditionDirections(kaldi::CuMatrixBase<float>*, float*)+0x101) [0x7f7c796d07c9]
/data/working/nryant/dihard3/baseline/development/sad_eg/dihard3_baseline/tools/kaldi/src/lib/libkaldi-nnet3.so(kaldi::nnet3::NaturalGradientAffineComponent::Update(std::__cxx11::basic_string<char, std::char_traits<char>, std::allocator<char> > const&, kaldi::CuMatrixBase<float> const&, kaldi::CuMatrixBase<float> const&)+0x222) [0x7f7c79688594]
/data/working/nryant/dihard3/baseline/development/sad_eg/dihard3_baseline/tools/kaldi/src/lib/libkaldi-nnet3.so(kaldi::nnet3::AffineComponent::Backprop(std::__cxx11::basic_string<char, std::char_traits<char>, std::allocator<char> > const&, kaldi::nnet3::ComponentPrecomputedIndexes const*, kaldi::CuMatrixBase<float> const&, kaldi::CuMatrixBase<float> const&, kaldi::CuMatrixBase<float> const&, void*, kaldi::nnet3::Component*, kaldi::CuMatrixBase<float>*) const+0x92) [0x7f7c79685b58]
/data/working/nryant/dihard3/baseline/development/sad_eg/dihard3_baseline/tools/kaldi/src/lib/libkaldi-nnet3.so(kaldi::nnet3::NnetComputer::ExecuteCommand()+0x8d5) [0x7f7c79722d79]
/data/working/nryant/dihard3/baseline/development/sad_eg/dihard3_baseline/tools/kaldi/src/lib/libkaldi-nnet3.so(kaldi::nnet3::NnetComputer::Run()+0x178) [0x7f7c79723cca]
/data/working/nryant/dihard3/baseline/development/sad_eg/dihard3_baseline/tools/kaldi/src/lib/libkaldi-nnet3.so(kaldi::nnet3::NnetTrainer::TrainInternal(kaldi::nnet3::NnetExample const&, kaldi::nnet3::NnetComputation const&)+0x79) [0x7f7c7974bbc5]
/data/working/nryant/dihard3/baseline/development/sad_eg/dihard3_baseline/tools/kaldi/src/lib/libkaldi-nnet3.so(kaldi::nnet3::NnetTrainer::Train(kaldi::nnet3::NnetExample const&)+0xc2) [0x7f7c7974bf34]
nnet3-train(main+0x659) [0x556d8f64f5a3]
/lib/x86_64-linux-gnu/libc.so.6(__libc_start_main+0xe7) [0x7f7c76d0ab97]
nnet3-train(_start+0x2a) [0x556d8f64ee6a]

WARNING (nnet3-train[5.5.810~1-76a979]:ReorthogonalizeRt1():natural-gradient-online.cc:248) Cholesky or Invert() failed while re-orthogonalizing R_t. Re-orthogonalizing on CPU.
VLOG[1] (nnet3-train[5.5.810~1-76a979]:ConsolidateMemory():nnet-utils.cc:1168) Consolidating memory; will print memory usage before and after consolidating:
LOG (nnet3-train[5.5.810~1-76a979]:PrintMemoryUsage():cu-allocator.cc:368) Memory usage: 13438208/4119855104 bytes currently allocated/total-held; 212/5 blocks currently allocated/free; largest free/allocated block sizes are 1376256/4052443392; time taken total/cudaMalloc is 0.0100887/0.00898385, synchronized the GPU 0 times out of 248 frees; device memory info: free:3926M, used:4192M, total:8119M, free/total:0.483601maximum allocated: 238004736current allocated: 13438208
LOG (nnet3-train[5.5.810~1-76a979]:PrintMemoryUsage():cu-allocator.cc:368) Memory usage: 13438208/4119855104 bytes currently allocated/total-held; 212/7 blocks currently allocated/free; largest free/allocated block sizes are 1376256/4052443392; time taken total/cudaMalloc is 0.0100994/0.00898385, synchronized the GPU 0 times out of 256 frees; device memory info: free:3926M, used:4192M, total:8119M, free/total:0.483601maximum allocated: 238004736current allocated: 13438208
VLOG[1] (nnet3-train[5.5.810~1-76a979]:ConsolidateMemory():nnet-utils.cc:1168) Consolidating memory; will print memory usage before and after consolidating:
LOG (nnet3-train[5.5.810~1-76a979]:PrintMemoryUsage():cu-allocator.cc:368) Memory usage: 13438208/4119855104 bytes currently allocated/total-held; 212/7 blocks currently allocated/free; largest free/allocated block sizes are 1376256/4052443392; time taken total/cudaMalloc is 0.0100994/0.00898385, synchronized the GPU 0 times out of 256 frees; device memory info: free:3926M, used:4192M, total:8119M, free/total:0.483601maximum allocated: 238004736current allocated: 13438208
LOG (nnet3-train[5.5.810~1-76a979]:PrintMemoryUsage():cu-allocator.cc:368) Memory usage: 13438208/4119855104 bytes currently allocated/total-held; 212/6 blocks currently allocated/free; largest free/allocated block sizes are 1376256/4102347008; time taken total/cudaMalloc is 0.0101244/0.00898385, synchronized the GPU 0 times out of 270 frees; device memory info: free:3926M, used:4192M, total:8119M, free/total:0.483601maximum allocated: 238004736current allocated: 13438208
LOG (nnet3-train[5.5.810~1-76a979]:PrintStatsForThisPhase():nnet-training.cc:278) Average objective function for 'output' for minibatches 0-9 is -0.0756004 over 8959.97 frames.
LOG (nnet3-train[5.5.810~1-76a979]:PrintStatsForThisPhase():nnet-training.cc:278) Average objective function for 'output' for minibatches 10-19 is -0.0773792 over 8960.02 frames.
LOG (nnet3-train[5.5.810~1-76a979]:PrintStatsForThisPhase():nnet-training.cc:278) Average objective function for 'output' for minibatches 20-29 is -0.0802469 over 8959.99 frames.
LOG (nnet3-train[5.5.810~1-76a979]:PrintStatsForThisPhase():nnet-training.cc:278) Average objective function for 'output' for minibatches 30-39 is -0.0848829 over 8960.05 frames.
LOG (nnet3-train[5.5.810~1-76a979]:PrintStatsForThisPhase():nnet-training.cc:278) Average objective function for 'output' for minibatches 40-49 is -0.0758111 over 8959.98 frames.
LOG (nnet3-train[5.5.810~1-76a979]:UpdateNnetWithMaxChange():nnet-utils.cc:2205) Global max-change factor was 0.969197 with max-change=0.2.
LOG (nnet3-train[5.5.810~1-76a979]:UpdateNnetWithMaxChange():nnet-utils.cc:2205) Global max-change factor was 0.995514 with max-change=0.2.
LOG (nnet3-train[5.5.810~1-76a979]:UpdateNnetWithMaxChange():nnet-utils.cc:2205) Global max-change factor was 0.925544 with max-change=0.2.
LOG (nnet3-train[5.5.810~1-76a979]:PrintStatsForThisPhase():nnet-training.cc:278) Average objective function for 'output' for minibatches 50-59 is -0.0879321 over 8960.02 frames.
LOG (nnet3-train[5.5.810~1-76a979]:PrintStatsForThisPhase():nnet-training.cc:278) Average objective function for 'output' for minibatches 60-69 is -0.0867248 over 8960.06 frames.
LOG (nnet3-train[5.5.810~1-76a979]:PrintStatsForThisPhase():nnet-training.cc:278) Average objective function for 'output' for minibatches 70-79 is -0.0757899 over 8959.97 frames.
LOG (nnet3-train[5.5.810~1-76a979]:PrintStatsForThisPhase():nnet-training.cc:278) Average objective function for 'output' for minibatches 80-89 is -0.0757657 over 8960.02 frames.
LOG (nnet3-train[5.5.810~1-76a979]:PrintStatsForThisPhase():nnet-training.cc:278) Average objective function for 'output' for minibatches 90-99 is -0.0758536 over 8960.02 frames.
LOG (nnet3-train[5.5.810~1-76a979]:UpdateNnetWithMaxChange():nnet-utils.cc:2205) Global max-change factor was 0.916858 with max-change=0.2.
LOG (nnet3-copy-egs[5.5.810~1-76a979]:main():nnet3-copy-egs.cc:431) Read 19127 neural-network training examples, wrote 19127, 0 examples had errors.
LOG (nnet3-train[5.5.810~1-76a979]:PrintStatsForThisPhase():nnet-training.cc:278) Average objective function for 'output' for minibatches 100-109 is -0.085103 over 8959.93 frames.
LOG (nnet3-train[5.5.810~1-76a979]:PrintStatsForThisPhase():nnet-training.cc:278) Average objective function for 'output' for minibatches 110-119 is -0.0867774 over 8960.02 frames.
LOG (nnet3-train[5.5.810~1-76a979]:PrintStatsForThisPhase():nnet-training.cc:278) Average objective function for 'output' for minibatches 120-129 is -0.0807682 over 8959.98 frames.
LOG (nnet3-train[5.5.810~1-76a979]:PrintStatsForThisPhase():nnet-training.cc:278) Average objective function for 'output' for minibatches 130-139 is -0.0873655 over 8960.01 frames.
LOG (nnet3-train[5.5.810~1-76a979]:UpdateNnetWithMaxChange():nnet-utils.cc:2205) Global max-change factor was 0.80828 with max-change=0.2.
LOG (nnet3-shuffle-egs[5.5.810~1-76a979]:main():nnet3-shuffle-egs.cc:103) Shuffled order of 19127 neural-network training examples using a buffer (partial randomization)
LOG (nnet3-merge-egs[5.5.810~1-76a979]:PrintSpecificStats():nnet-example-utils.cc:1159) Merged specific eg types as follows [format: <eg-size1>={<mb-size1>-><num-minibatches1>,<mbsize2>-><num-minibatches2>.../d=<num-discarded>},<egs-size2>={...},... (note,egs-size == number of input frames including context).
LOG (nnet3-merge-egs[5.5.810~1-76a979]:PrintSpecificStats():nnet-example-utils.cc:1189) 112={,d=5},170={,d=8},191={128->149,d=42}
LOG (nnet3-merge-egs[5.5.810~1-76a979]:PrintAggregateStats():nnet-example-utils.cc:1155) Processed 19127 egs of avg. size 191 into 149 minibatches, discarding 0.2876% of egs.  Avg minibatch size was 128, #distinct types of egs/minibatches was 3/1
LOG (nnet3-train[5.5.810~1-76a979]:PrintTotalStats():nnet-training.cc:317) Overall average objective function for 'output' is -0.0808404 over 133504 frames.
LOG (nnet3-train[5.5.810~1-76a979]:PrintTotalStats():nnet-training.cc:324) [this line is to be parsed by a script:] log-prob-per-frame=-0.0808404
LOG (nnet3-train[5.5.810~1-76a979]:Print():nnet-utils.cc:2320) The global max-change was enforced 3.3557 % of the time.
LOG (nnet3-train[5.5.810~1-76a979]:PrintProfile():cu-device.cc:533) -----
[cudevice profile]
AddRowSumMat	0.0752182s
CuVector::Resize	0.0765378s
Heaviside	0.0772145s
NormalizePerRow	0.0831103s
CuMatrix::Resize	0.0873291s
AddRowRanges	0.0875726s
DiffNormalizePerRow	0.0926883s
AddRows	0.113762s
CuMatrixBase::CopyFromMat(from CPU)	0.128744s
CuMatrix::SetZero	0.172573s
CopyRows	0.190978s
CopyToVec	0.200098s
CuMatrixBase::CopyFromMat(from other CuMatrixBase)	0.231629s
TraceMatMat	0.263216s
AddMatMat	1.30977s
Total GPU time:	3.93206s (may involve some double-counting)
-----
LOG (nnet3-train[5.5.810~1-76a979]:PrintMemoryUsage():cu-allocator.cc:368) Memory usage: 13448448/4119855104 bytes currently allocated/total-held; 212/10 blocks currently allocated/free; largest free/allocated block sizes are 1376256/4051374336; time taken total/cudaMalloc is 0.0315742/0.00898385, synchronized the GPU 0 times out of 12994 frees; device memory info: free:3926M, used:4192M, total:8119M, free/total:0.483601maximum allocated: 238004736current allocated: 13448448
LOG (nnet3-train[5.5.810~1-76a979]:main():nnet3-train.cc:91) Wrote model to exp/dihard3_sad_tdnn_stats/121.5.raw
LOG (nnet3-train[5.5.810~1-76a979]:~CachingOptimizingCompiler():nnet-optimize.cc:710) 0.009 seconds taken in nnet3 compilation total (breakdown: 0 compilation, 0 optimization, 0 shortcut expansion, 0 checking, 0 computing indexes, 0.009 misc.) + 0.0203 I/O.
# Accounting: time=7 threads=1
# Ended (code 0) at Tue Oct 13 17:42:37 EDT 2020, elapsed time 7 seconds
