# nnet3-train --use-gpu=yes --read-cache=exp/dihard3_sad_tdnn_stats/cache.134 --print-interval=10 --momentum=0.5 --max-param-change=0.2 --backstitch-training-scale=0.0 --l2-regularize-factor=0.2 --backstitch-training-interval=1 --srand=134 --optimization.min-deriv-time=-34 --optimization.max-deriv-time-relative=56 "nnet3-copy --learning-rate=0.00048503008606556376 --scale=1.0 exp/dihard3_sad_tdnn_stats/134.raw - |" "ark,bg:nnet3-copy-egs               ark:exp/dihard3_sad_tdnn_stats/egs/egs.24.ark ark:- |             nnet3-shuffle-egs --buffer-size=5000             --srand=134 ark:- ark:- |              nnet3-merge-egs --minibatch-size=128,64 ark:- ark:- |" exp/dihard3_sad_tdnn_stats/135.5.raw 
# Started at Tue Oct 13 17:44:14 EDT 2020
#
nnet3-train --use-gpu=yes --read-cache=exp/dihard3_sad_tdnn_stats/cache.134 --print-interval=10 --momentum=0.5 --max-param-change=0.2 --backstitch-training-scale=0.0 --l2-regularize-factor=0.2 --backstitch-training-interval=1 --srand=134 --optimization.min-deriv-time=-34 --optimization.max-deriv-time-relative=56 'nnet3-copy --learning-rate=0.00048503008606556376 --scale=1.0 exp/dihard3_sad_tdnn_stats/134.raw - |' 'ark,bg:nnet3-copy-egs               ark:exp/dihard3_sad_tdnn_stats/egs/egs.24.ark ark:- |             nnet3-shuffle-egs --buffer-size=5000             --srand=134 ark:- ark:- |              nnet3-merge-egs --minibatch-size=128,64 ark:- ark:- |' exp/dihard3_sad_tdnn_stats/135.5.raw 
LOG (nnet3-train[5.5.810~1-76a979]:SelectGpuId():cu-device.cc:223) CUDA setup operating under Compute Exclusive Mode.
LOG (nnet3-train[5.5.810~1-76a979]:FinalizeActiveGpu():cu-device.cc:308) The active GPU is [4]: GeForce GTX 1080	free:7856M, used:262M, total:8119M, free/total:0.967617 version 6.1
nnet3-copy --learning-rate=0.00048503008606556376 --scale=1.0 exp/dihard3_sad_tdnn_stats/134.raw - 
LOG (nnet3-copy[5.5.810~1-76a979]:main():nnet3-copy.cc:114) Copied raw neural net from exp/dihard3_sad_tdnn_stats/134.raw to -
LOG (nnet3-train[5.5.810~1-76a979]:NnetTrainer():nnet-training.cc:48) Read computation cache from exp/dihard3_sad_tdnn_stats/cache.134
nnet3-copy-egs ark:exp/dihard3_sad_tdnn_stats/egs/egs.24.ark ark:- 
nnet3-shuffle-egs --buffer-size=5000 --srand=134 ark:- ark:- 
nnet3-merge-egs --minibatch-size=128,64 ark:- ark:- 
ERROR (nnet3-train[5.5.810~1-76a979]:Cholesky():tp-matrix.cc:110) Cholesky decomposition failed. Maybe matrix is not positive definite.

[ Stack-Trace: ]
/data/working/nryant/dihard3/baseline/development/sad_eg/dihard3_baseline/tools/kaldi/src/lib/libkaldi-base.so(kaldi::MessageLogger::LogMessage() const+0xb42) [0x7f4274163742]
nnet3-train(kaldi::MessageLogger::LogAndThrow::operator=(kaldi::MessageLogger const&)+0x21) [0x5612479a9351]
/data/working/nryant/dihard3/baseline/development/sad_eg/dihard3_baseline/tools/kaldi/src/lib/libkaldi-matrix.so(kaldi::TpMatrix<float>::Cholesky(kaldi::SpMatrix<float> const&)+0x1ae) [0x7f42743cdb52]
/data/working/nryant/dihard3/baseline/development/sad_eg/dihard3_baseline/tools/kaldi/src/lib/libkaldi-nnet3.so(kaldi::nnet3::OnlineNaturalGradient::ReorthogonalizeRt1(kaldi::VectorBase<float> const&, float, kaldi::CuMatrixBase<float>*, kaldi::CuMatrixBase<float>*, kaldi::CuMatrixBase<float>*)+0x461) [0x7f4275f3a603]
/data/working/nryant/dihard3/baseline/development/sad_eg/dihard3_baseline/tools/kaldi/src/lib/libkaldi-nnet3.so(kaldi::nnet3::OnlineNaturalGradient::PreconditionDirectionsInternal(float, float, bool, kaldi::Vector<float> const&, kaldi::CuMatrixBase<float>*, kaldi::CuMatrixBase<float>*)+0x103c) [0x7f4275f3bb0e]
/data/working/nryant/dihard3/baseline/development/sad_eg/dihard3_baseline/tools/kaldi/src/lib/libkaldi-nnet3.so(kaldi::nnet3::OnlineNaturalGradient::PreconditionDirections(kaldi::CuMatrixBase<float>*, float*)+0x1e3) [0x7f4275f3c8ab]
/data/working/nryant/dihard3/baseline/development/sad_eg/dihard3_baseline/tools/kaldi/src/lib/libkaldi-nnet3.so(kaldi::nnet3::OnlineNaturalGradient::Init(kaldi::CuMatrixBase<float> const&)+0xd0) [0x7f4275f3c5f6]
/data/working/nryant/dihard3/baseline/development/sad_eg/dihard3_baseline/tools/kaldi/src/lib/libkaldi-nnet3.so(kaldi::nnet3::OnlineNaturalGradient::PreconditionDirections(kaldi::CuMatrixBase<float>*, float*)+0x101) [0x7f4275f3c7c9]
/data/working/nryant/dihard3/baseline/development/sad_eg/dihard3_baseline/tools/kaldi/src/lib/libkaldi-nnet3.so(kaldi::nnet3::NaturalGradientAffineComponent::Update(std::__cxx11::basic_string<char, std::char_traits<char>, std::allocator<char> > const&, kaldi::CuMatrixBase<float> const&, kaldi::CuMatrixBase<float> const&)+0x222) [0x7f4275ef4594]
/data/working/nryant/dihard3/baseline/development/sad_eg/dihard3_baseline/tools/kaldi/src/lib/libkaldi-nnet3.so(kaldi::nnet3::AffineComponent::Backprop(std::__cxx11::basic_string<char, std::char_traits<char>, std::allocator<char> > const&, kaldi::nnet3::ComponentPrecomputedIndexes const*, kaldi::CuMatrixBase<float> const&, kaldi::CuMatrixBase<float> const&, kaldi::CuMatrixBase<float> const&, void*, kaldi::nnet3::Component*, kaldi::CuMatrixBase<float>*) const+0x92) [0x7f4275ef1b58]
/data/working/nryant/dihard3/baseline/development/sad_eg/dihard3_baseline/tools/kaldi/src/lib/libkaldi-nnet3.so(kaldi::nnet3::NnetComputer::ExecuteCommand()+0x8d5) [0x7f4275f8ed79]
/data/working/nryant/dihard3/baseline/development/sad_eg/dihard3_baseline/tools/kaldi/src/lib/libkaldi-nnet3.so(kaldi::nnet3::NnetComputer::Run()+0x178) [0x7f4275f8fcca]
/data/working/nryant/dihard3/baseline/development/sad_eg/dihard3_baseline/tools/kaldi/src/lib/libkaldi-nnet3.so(kaldi::nnet3::NnetTrainer::TrainInternal(kaldi::nnet3::NnetExample const&, kaldi::nnet3::NnetComputation const&)+0x79) [0x7f4275fb7bc5]
/data/working/nryant/dihard3/baseline/development/sad_eg/dihard3_baseline/tools/kaldi/src/lib/libkaldi-nnet3.so(kaldi::nnet3::NnetTrainer::Train(kaldi::nnet3::NnetExample const&)+0xc2) [0x7f4275fb7f34]
nnet3-train(main+0x659) [0x5612479a85a3]
/lib/x86_64-linux-gnu/libc.so.6(__libc_start_main+0xe7) [0x7f4273576b97]
nnet3-train(_start+0x2a) [0x5612479a7e6a]

WARNING (nnet3-train[5.5.810~1-76a979]:ReorthogonalizeRt1():natural-gradient-online.cc:248) Cholesky or Invert() failed while re-orthogonalizing R_t. Re-orthogonalizing on CPU.
LOG (nnet3-train[5.5.810~1-76a979]:PrintStatsForThisPhase():nnet-training.cc:278) Average objective function for 'output' for minibatches 0-9 is -0.0691633 over 8960.03 frames.
LOG (nnet3-train[5.5.810~1-76a979]:PrintStatsForThisPhase():nnet-training.cc:278) Average objective function for 'output' for minibatches 10-19 is -0.0800731 over 8959.97 frames.
LOG (nnet3-train[5.5.810~1-76a979]:PrintStatsForThisPhase():nnet-training.cc:278) Average objective function for 'output' for minibatches 20-29 is -0.0663165 over 8960.01 frames.
LOG (nnet3-train[5.5.810~1-76a979]:PrintStatsForThisPhase():nnet-training.cc:278) Average objective function for 'output' for minibatches 30-39 is -0.082504 over 8960.06 frames.
LOG (nnet3-train[5.5.810~1-76a979]:PrintStatsForThisPhase():nnet-training.cc:278) Average objective function for 'output' for minibatches 40-49 is -0.074734 over 8959.96 frames.
LOG (nnet3-train[5.5.810~1-76a979]:PrintStatsForThisPhase():nnet-training.cc:278) Average objective function for 'output' for minibatches 50-59 is -0.0819819 over 8960.06 frames.
LOG (nnet3-train[5.5.810~1-76a979]:PrintStatsForThisPhase():nnet-training.cc:278) Average objective function for 'output' for minibatches 60-69 is -0.0776267 over 8960.02 frames.
LOG (nnet3-train[5.5.810~1-76a979]:UpdateNnetWithMaxChange():nnet-utils.cc:2205) Global max-change factor was 0.915922 with max-change=0.2.
LOG (nnet3-train[5.5.810~1-76a979]:PrintStatsForThisPhase():nnet-training.cc:278) Average objective function for 'output' for minibatches 70-79 is -0.089204 over 8960.05 frames.
LOG (nnet3-train[5.5.810~1-76a979]:PrintStatsForThisPhase():nnet-training.cc:278) Average objective function for 'output' for minibatches 80-89 is -0.0773735 over 8960.06 frames.
LOG (nnet3-train[5.5.810~1-76a979]:PrintStatsForThisPhase():nnet-training.cc:278) Average objective function for 'output' for minibatches 90-99 is -0.0792035 over 8960.07 frames.
LOG (nnet3-copy-egs[5.5.810~1-76a979]:main():nnet3-copy-egs.cc:431) Read 18761 neural-network training examples, wrote 18761, 0 examples had errors.
LOG (nnet3-train[5.5.810~1-76a979]:PrintStatsForThisPhase():nnet-training.cc:278) Average objective function for 'output' for minibatches 100-109 is -0.0859606 over 8959.96 frames.
LOG (nnet3-train[5.5.810~1-76a979]:PrintStatsForThisPhase():nnet-training.cc:278) Average objective function for 'output' for minibatches 110-119 is -0.0819014 over 8960.05 frames.
LOG (nnet3-train[5.5.810~1-76a979]:PrintStatsForThisPhase():nnet-training.cc:278) Average objective function for 'output' for minibatches 120-129 is -0.0713658 over 8960.07 frames.
LOG (nnet3-train[5.5.810~1-76a979]:UpdateNnetWithMaxChange():nnet-utils.cc:2205) Global max-change factor was 0.994486 with max-change=0.2.
LOG (nnet3-train[5.5.810~1-76a979]:PrintStatsForThisPhase():nnet-training.cc:278) Average objective function for 'output' for minibatches 130-139 is -0.0860452 over 8960.15 frames.
LOG (nnet3-shuffle-egs[5.5.810~1-76a979]:main():nnet3-shuffle-egs.cc:103) Shuffled order of 18761 neural-network training examples using a buffer (partial randomization)
LOG (nnet3-merge-egs[5.5.810~1-76a979]:PrintSpecificStats():nnet-example-utils.cc:1159) Merged specific eg types as follows [format: <eg-size1>={<mb-size1>-><num-minibatches1>,<mbsize2>-><num-minibatches2>.../d=<num-discarded>},<egs-size2>={...},... (note,egs-size == number of input frames including context).
LOG (nnet3-merge-egs[5.5.810~1-76a979]:PrintSpecificStats():nnet-example-utils.cc:1189) 112={,d=5},170={,d=7},191={128->146,d=61}
LOG (nnet3-merge-egs[5.5.810~1-76a979]:PrintAggregateStats():nnet-example-utils.cc:1155) Processed 18761 egs of avg. size 191 into 146 minibatches, discarding 0.3891% of egs.  Avg minibatch size was 128, #distinct types of egs/minibatches was 3/1
LOG (nnet3-train[5.5.810~1-76a979]:PrintTotalStats():nnet-training.cc:317) Overall average objective function for 'output' is -0.0784013 over 130817 frames.
LOG (nnet3-train[5.5.810~1-76a979]:PrintTotalStats():nnet-training.cc:324) [this line is to be parsed by a script:] log-prob-per-frame=-0.0784013
LOG (nnet3-train[5.5.810~1-76a979]:Print():nnet-utils.cc:2320) The global max-change was enforced 1.36986 % of the time.
LOG (nnet3-train[5.5.810~1-76a979]:main():nnet3-train.cc:91) Wrote model to exp/dihard3_sad_tdnn_stats/135.5.raw
LOG (nnet3-train[5.5.810~1-76a979]:~CachingOptimizingCompiler():nnet-optimize.cc:710) 0.00881 seconds taken in nnet3 compilation total (breakdown: 0 compilation, 0 optimization, 0 shortcut expansion, 0 checking, 0 computing indexes, 0.00881 misc.) + 0.03 I/O.
# Accounting: time=6 threads=1
# Ended (code 0) at Tue Oct 13 17:44:20 EDT 2020, elapsed time 6 seconds
