# nnet3-train --use-gpu=yes --read-cache=exp/dihard3_sad_tdnn_stats/cache.116 --write-cache=exp/dihard3_sad_tdnn_stats/cache.117 --print-interval=10 --momentum=0.5 --max-param-change=0.2 --backstitch-training-scale=0.0 --l2-regularize-factor=0.2 --backstitch-training-interval=1 --srand=116 --optimization.min-deriv-time=-34 --optimization.max-deriv-time-relative=56 "nnet3-copy --learning-rate=0.0005732569432395395 --scale=1.0 exp/dihard3_sad_tdnn_stats/116.raw - |" "ark,bg:nnet3-copy-egs               ark:exp/dihard3_sad_tdnn_stats/egs/egs.23.ark ark:- |             nnet3-shuffle-egs --buffer-size=5000             --srand=116 ark:- ark:- |              nnet3-merge-egs --minibatch-size=128,64 ark:- ark:- |" exp/dihard3_sad_tdnn_stats/117.1.raw 
# Started at Tue Oct 13 17:42:01 EDT 2020
#
nnet3-train --use-gpu=yes --read-cache=exp/dihard3_sad_tdnn_stats/cache.116 --write-cache=exp/dihard3_sad_tdnn_stats/cache.117 --print-interval=10 --momentum=0.5 --max-param-change=0.2 --backstitch-training-scale=0.0 --l2-regularize-factor=0.2 --backstitch-training-interval=1 --srand=116 --optimization.min-deriv-time=-34 --optimization.max-deriv-time-relative=56 'nnet3-copy --learning-rate=0.0005732569432395395 --scale=1.0 exp/dihard3_sad_tdnn_stats/116.raw - |' 'ark,bg:nnet3-copy-egs               ark:exp/dihard3_sad_tdnn_stats/egs/egs.23.ark ark:- |             nnet3-shuffle-egs --buffer-size=5000             --srand=116 ark:- ark:- |              nnet3-merge-egs --minibatch-size=128,64 ark:- ark:- |' exp/dihard3_sad_tdnn_stats/117.1.raw 
LOG (nnet3-train[5.5.810~1-76a979]:SelectGpuId():cu-device.cc:223) CUDA setup operating under Compute Exclusive Mode.
LOG (nnet3-train[5.5.810~1-76a979]:FinalizeActiveGpu():cu-device.cc:308) The active GPU is [2]: GeForce GTX 1080	free:7856M, used:262M, total:8119M, free/total:0.967617 version 6.1
nnet3-copy --learning-rate=0.0005732569432395395 --scale=1.0 exp/dihard3_sad_tdnn_stats/116.raw - 
LOG (nnet3-copy[5.5.810~1-76a979]:main():nnet3-copy.cc:114) Copied raw neural net from exp/dihard3_sad_tdnn_stats/116.raw to -
LOG (nnet3-train[5.5.810~1-76a979]:NnetTrainer():nnet-training.cc:48) Read computation cache from exp/dihard3_sad_tdnn_stats/cache.116
nnet3-shuffle-egs --buffer-size=5000 --srand=116 ark:- ark:- 
nnet3-copy-egs ark:exp/dihard3_sad_tdnn_stats/egs/egs.23.ark ark:- 
nnet3-merge-egs --minibatch-size=128,64 ark:- ark:- 
ERROR (nnet3-train[5.5.810~1-76a979]:Cholesky():tp-matrix.cc:110) Cholesky decomposition failed. Maybe matrix is not positive definite.

[ Stack-Trace: ]
/data/working/nryant/dihard3/baseline/development/sad_eg/dihard3_baseline/tools/kaldi/src/lib/libkaldi-base.so(kaldi::MessageLogger::LogMessage() const+0xb42) [0x7fb576266742]
nnet3-train(kaldi::MessageLogger::LogAndThrow::operator=(kaldi::MessageLogger const&)+0x21) [0x55b5ed598351]
/data/working/nryant/dihard3/baseline/development/sad_eg/dihard3_baseline/tools/kaldi/src/lib/libkaldi-matrix.so(kaldi::TpMatrix<float>::Cholesky(kaldi::SpMatrix<float> const&)+0x1ae) [0x7fb5764d0b52]
/data/working/nryant/dihard3/baseline/development/sad_eg/dihard3_baseline/tools/kaldi/src/lib/libkaldi-nnet3.so(kaldi::nnet3::OnlineNaturalGradient::ReorthogonalizeRt1(kaldi::VectorBase<float> const&, float, kaldi::CuMatrixBase<float>*, kaldi::CuMatrixBase<float>*, kaldi::CuMatrixBase<float>*)+0x461) [0x7fb57803d603]
/data/working/nryant/dihard3/baseline/development/sad_eg/dihard3_baseline/tools/kaldi/src/lib/libkaldi-nnet3.so(kaldi::nnet3::OnlineNaturalGradient::PreconditionDirectionsInternal(float, float, bool, kaldi::Vector<float> const&, kaldi::CuMatrixBase<float>*, kaldi::CuMatrixBase<float>*)+0x103c) [0x7fb57803eb0e]
/data/working/nryant/dihard3/baseline/development/sad_eg/dihard3_baseline/tools/kaldi/src/lib/libkaldi-nnet3.so(kaldi::nnet3::OnlineNaturalGradient::PreconditionDirections(kaldi::CuMatrixBase<float>*, float*)+0x1e3) [0x7fb57803f8ab]
/data/working/nryant/dihard3/baseline/development/sad_eg/dihard3_baseline/tools/kaldi/src/lib/libkaldi-nnet3.so(kaldi::nnet3::OnlineNaturalGradient::Init(kaldi::CuMatrixBase<float> const&)+0xd0) [0x7fb57803f5f6]
/data/working/nryant/dihard3/baseline/development/sad_eg/dihard3_baseline/tools/kaldi/src/lib/libkaldi-nnet3.so(kaldi::nnet3::OnlineNaturalGradient::PreconditionDirections(kaldi::CuMatrixBase<float>*, float*)+0x101) [0x7fb57803f7c9]
/data/working/nryant/dihard3/baseline/development/sad_eg/dihard3_baseline/tools/kaldi/src/lib/libkaldi-nnet3.so(kaldi::nnet3::NaturalGradientAffineComponent::Update(std::__cxx11::basic_string<char, std::char_traits<char>, std::allocator<char> > const&, kaldi::CuMatrixBase<float> const&, kaldi::CuMatrixBase<float> const&)+0x222) [0x7fb577ff7594]
/data/working/nryant/dihard3/baseline/development/sad_eg/dihard3_baseline/tools/kaldi/src/lib/libkaldi-nnet3.so(kaldi::nnet3::AffineComponent::Backprop(std::__cxx11::basic_string<char, std::char_traits<char>, std::allocator<char> > const&, kaldi::nnet3::ComponentPrecomputedIndexes const*, kaldi::CuMatrixBase<float> const&, kaldi::CuMatrixBase<float> const&, kaldi::CuMatrixBase<float> const&, void*, kaldi::nnet3::Component*, kaldi::CuMatrixBase<float>*) const+0x92) [0x7fb577ff4b58]
/data/working/nryant/dihard3/baseline/development/sad_eg/dihard3_baseline/tools/kaldi/src/lib/libkaldi-nnet3.so(kaldi::nnet3::NnetComputer::ExecuteCommand()+0x8d5) [0x7fb578091d79]
/data/working/nryant/dihard3/baseline/development/sad_eg/dihard3_baseline/tools/kaldi/src/lib/libkaldi-nnet3.so(kaldi::nnet3::NnetComputer::Run()+0x178) [0x7fb578092cca]
/data/working/nryant/dihard3/baseline/development/sad_eg/dihard3_baseline/tools/kaldi/src/lib/libkaldi-nnet3.so(kaldi::nnet3::NnetTrainer::TrainInternal(kaldi::nnet3::NnetExample const&, kaldi::nnet3::NnetComputation const&)+0x79) [0x7fb5780babc5]
/data/working/nryant/dihard3/baseline/development/sad_eg/dihard3_baseline/tools/kaldi/src/lib/libkaldi-nnet3.so(kaldi::nnet3::NnetTrainer::Train(kaldi::nnet3::NnetExample const&)+0xc2) [0x7fb5780baf34]
nnet3-train(main+0x659) [0x55b5ed5975a3]
/lib/x86_64-linux-gnu/libc.so.6(__libc_start_main+0xe7) [0x7fb575679b97]
nnet3-train(_start+0x2a) [0x55b5ed596e6a]

WARNING (nnet3-train[5.5.810~1-76a979]:ReorthogonalizeRt1():natural-gradient-online.cc:248) Cholesky or Invert() failed while re-orthogonalizing R_t. Re-orthogonalizing on CPU.
LOG (nnet3-train[5.5.810~1-76a979]:PrintStatsForThisPhase():nnet-training.cc:278) Average objective function for 'output' for minibatches 0-9 is -0.0682074 over 8960.05 frames.
LOG (nnet3-train[5.5.810~1-76a979]:UpdateNnetWithMaxChange():nnet-utils.cc:2205) Global max-change factor was 0.996599 with max-change=0.2.
LOG (nnet3-train[5.5.810~1-76a979]:PrintStatsForThisPhase():nnet-training.cc:278) Average objective function for 'output' for minibatches 10-19 is -0.0801386 over 8960.01 frames.
LOG (nnet3-train[5.5.810~1-76a979]:PrintStatsForThisPhase():nnet-training.cc:278) Average objective function for 'output' for minibatches 20-29 is -0.0718667 over 8959.96 frames.
LOG (nnet3-train[5.5.810~1-76a979]:PrintStatsForThisPhase():nnet-training.cc:278) Average objective function for 'output' for minibatches 30-39 is -0.0715155 over 8960.02 frames.
LOG (nnet3-train[5.5.810~1-76a979]:PrintStatsForThisPhase():nnet-training.cc:278) Average objective function for 'output' for minibatches 40-49 is -0.0856404 over 8959.99 frames.
LOG (nnet3-train[5.5.810~1-76a979]:UpdateNnetWithMaxChange():nnet-utils.cc:2205) Global max-change factor was 0.968826 with max-change=0.2.
LOG (nnet3-train[5.5.810~1-76a979]:UpdateNnetWithMaxChange():nnet-utils.cc:2205) Global max-change factor was 0.851157 with max-change=0.2.
LOG (nnet3-train[5.5.810~1-76a979]:UpdateNnetWithMaxChange():nnet-utils.cc:2205) Global max-change factor was 0.845378 with max-change=0.2.
LOG (nnet3-train[5.5.810~1-76a979]:PrintStatsForThisPhase():nnet-training.cc:278) Average objective function for 'output' for minibatches 50-59 is -0.104429 over 8959.94 frames.
LOG (nnet3-train[5.5.810~1-76a979]:UpdateNnetWithMaxChange():nnet-utils.cc:2205) Global max-change factor was 0.954533 with max-change=0.2.
LOG (nnet3-train[5.5.810~1-76a979]:PrintStatsForThisPhase():nnet-training.cc:278) Average objective function for 'output' for minibatches 60-69 is -0.0898056 over 8960.06 frames.
LOG (nnet3-train[5.5.810~1-76a979]:PrintStatsForThisPhase():nnet-training.cc:278) Average objective function for 'output' for minibatches 70-79 is -0.0793907 over 8959.92 frames.
LOG (nnet3-train[5.5.810~1-76a979]:PrintStatsForThisPhase():nnet-training.cc:278) Average objective function for 'output' for minibatches 80-89 is -0.0800055 over 8959.94 frames.
LOG (nnet3-train[5.5.810~1-76a979]:PrintStatsForThisPhase():nnet-training.cc:278) Average objective function for 'output' for minibatches 90-99 is -0.073274 over 8959.98 frames.
LOG (nnet3-copy-egs[5.5.810~1-76a979]:main():nnet3-copy-egs.cc:431) Read 18940 neural-network training examples, wrote 18940, 0 examples had errors.
LOG (nnet3-train[5.5.810~1-76a979]:PrintStatsForThisPhase():nnet-training.cc:278) Average objective function for 'output' for minibatches 100-109 is -0.0797826 over 8959.99 frames.
LOG (nnet3-train[5.5.810~1-76a979]:UpdateNnetWithMaxChange():nnet-utils.cc:2205) Global max-change factor was 0.957552 with max-change=0.2.
LOG (nnet3-train[5.5.810~1-76a979]:UpdateNnetWithMaxChange():nnet-utils.cc:2205) Global max-change factor was 0.988775 with max-change=0.2.
LOG (nnet3-train[5.5.810~1-76a979]:UpdateNnetWithMaxChange():nnet-utils.cc:2205) Global max-change factor was 0.883526 with max-change=0.2.
LOG (nnet3-train[5.5.810~1-76a979]:PrintStatsForThisPhase():nnet-training.cc:278) Average objective function for 'output' for minibatches 110-119 is -0.0929521 over 8960.07 frames.
LOG (nnet3-train[5.5.810~1-76a979]:PrintStatsForThisPhase():nnet-training.cc:278) Average objective function for 'output' for minibatches 120-129 is -0.0994157 over 8960.07 frames.
LOG (nnet3-train[5.5.810~1-76a979]:UpdateNnetWithMaxChange():nnet-utils.cc:2205) Global max-change factor was 0.9292 with max-change=0.2.
LOG (nnet3-train[5.5.810~1-76a979]:PrintStatsForThisPhase():nnet-training.cc:278) Average objective function for 'output' for minibatches 130-139 is -0.0836638 over 8959.95 frames.
LOG (nnet3-train[5.5.810~1-76a979]:UpdateNnetWithMaxChange():nnet-utils.cc:2205) Global max-change factor was 0.963023 with max-change=0.2.
LOG (nnet3-shuffle-egs[5.5.810~1-76a979]:main():nnet3-shuffle-egs.cc:103) Shuffled order of 18940 neural-network training examples using a buffer (partial randomization)
LOG (nnet3-merge-egs[5.5.810~1-76a979]:PrintSpecificStats():nnet-example-utils.cc:1159) Merged specific eg types as follows [format: <eg-size1>={<mb-size1>-><num-minibatches1>,<mbsize2>-><num-minibatches2>.../d=<num-discarded>},<egs-size2>={...},... (note,egs-size == number of input frames including context).
LOG (nnet3-merge-egs[5.5.810~1-76a979]:PrintSpecificStats():nnet-example-utils.cc:1189) 112={,d=7},170={,d=5},191={64->1,128->147,d=48}
LOG (nnet3-merge-egs[5.5.810~1-76a979]:PrintAggregateStats():nnet-example-utils.cc:1155) Processed 18940 egs of avg. size 191 into 148 minibatches, discarding 0.3168% of egs.  Avg minibatch size was 127.6, #distinct types of egs/minibatches was 3/2
LOG (nnet3-train[5.5.810~1-76a979]:PrintTotalStats():nnet-training.cc:317) Overall average objective function for 'output' is -0.0822541 over 132160 frames.
LOG (nnet3-train[5.5.810~1-76a979]:PrintTotalStats():nnet-training.cc:324) [this line is to be parsed by a script:] log-prob-per-frame=-0.0822541
LOG (nnet3-train[5.5.810~1-76a979]:Print():nnet-utils.cc:2320) The global max-change was enforced 6.75676 % of the time.
LOG (nnet3-train[5.5.810~1-76a979]:main():nnet3-train.cc:91) Wrote model to exp/dihard3_sad_tdnn_stats/117.1.raw
LOG (nnet3-train[5.5.810~1-76a979]:~NnetTrainer():nnet-training.cc:334) Wrote computation cache to exp/dihard3_sad_tdnn_stats/cache.117
LOG (nnet3-train[5.5.810~1-76a979]:~CachingOptimizingCompiler():nnet-optimize.cc:710) 0.00983 seconds taken in nnet3 compilation total (breakdown: 0 compilation, 0 optimization, 0 shortcut expansion, 0 checking, 0 computing indexes, 0.00983 misc.) + 0.0418 I/O.
# Accounting: time=7 threads=1
# Ended (code 0) at Tue Oct 13 17:42:08 EDT 2020, elapsed time 7 seconds
